2.000000000000000000e+01
2.000089432753881269e+01
2.000147012498976196e+01
2.000157780355489479e+01
2.000129543724880676e+01
2.000089771203438005e+01
2.000074377197393716e+01
2.000113563544712036e+01
2.000220858080940545e+01
2.000389454798244415e+01
2.000596106231789051e+01
2.000809260437570458e+01
2.000996747788852304e+01
2.001129709503906895e+01
2.001182625493671097e+01
2.001132228563123405e+01
2.000958919245731238e+01
2.000652413867961954e+01
2.000219832292195221e+01
1.999691446395576833e+01
1.999118931707089786e+01
1.998563887986427545e+01
1.998079400294493979e+01
1.997691886633292313e+01
1.997391776664763086e+01
1.997138508393150147e+01
1.996879003722252222e+01
1.996572160669569129e+01
1.996208392004757215e+01
1.995814913622795217e+01
1.995443871371967504e+01
1.995148564335434926e+01
1.994958963954871578e+01
1.994868359161952043e+01
1.994837750511319996e+01
1.994815975451919599e+01
1.994765691652255768e+01
1.994682226566733974e+01
1.994595593653568599e+01
1.994554175604694635e+01
1.994597692465705308e+01
1.994732591730993221e+01
1.994922132149126881e+01
1.995096537160720729e+01
1.995179008073666083e+01
1.995115788626843667e+01
1.994896557178915586e+01
1.994556080777871898e+01
1.994156964252514186e+01
1.993762097803335109e+01
1.993409822653521601e+01
1.993102888720943255e+01
1.992815119651649169e+01
1.992510990687285144e+01
1.992167369094822504e+01
1.991786275954863683e+01
1.991392678395814997e+01
1.991019255172772873e+01
1.990686751259388387e+01
1.990390654303181961e+01
1.990101545294468366e+01
1.989779401865394348e+01
1.989394949906395027e+01
1.988947427987746508e+01
1.988469651754895295e+01
1.988017261024883098e+01
1.987646580978020339e+01
1.987391021880479869e+01
1.987246805273073846e+01
1.987174673541834480e+01
1.987117060920479616e+01
1.987023272139459351e+01
1.986871638357270697e+01
1.986678937205100937e+01
1.986492919824655701e+01
1.986371099854639866e+01
1.986354853965020340e+01
1.986449873256624343e+01
1.986621310706673071e+01
1.986805788080575397e+01
1.986935373448222819e+01
1.986963647469479710e+01
1.986883089540476988e+01
1.986726585479074103e+01
1.986552419466058694e+01
1.986418975141345200e+01
1.986359703217978634e+01
1.986368889441510177e+01
1.986404318883830555e+01
1.986405856685816218e+01
1.986322178105988456e+01
1.986134269092287852e+01
1.985865503461520376e+01
1.985573694990687699e+01
1.985328212605227094e+01
1.985181739608653473e+01
1.985148690878438771e+01
1.985199533942642702e+01
1.985273438175969574e+01
1.985303783067601557e+01
1.985245595378169270e+01
1.985093386632737733e+01
1.984882348850417699e+01
1.984673329562314947e+01
1.984528987151688995e+01
1.984491845310981262e+01
1.984573230037023706e+01
1.984756326434072449e+01
1.985009769242278210e+01
1.985303637001705823e+01
1.985619568338202257e+01
1.985950800712217301e+01
1.986293941694134091e+01
1.986638984402715025e+01
1.986964986613287465e+01
1.987245494826899872e+01
1.987462015356191714e+01
1.987618728570983606e+01
1.987750005374103779e+01
1.987915129605637787e+01
1.988180644597943925e+01
1.988596947917609725e+01
1.989179024375184923e+01
1.989899838582266867e+01
1.990699495786287798e+01
1.991506390144800420e+01
1.992261442337974131e+01
1.992935514269140995e+01
1.993533492250865535e+01
1.994084584829954565e+01
1.994624192520670292e+01
1.995175697018336791e+01
1.995739620385380775e+01
1.996293633487137953e+01
1.996801969684370093e+01
1.997229210692469081e+01
1.997552512885445353e+01
1.997768055466735859e+01
1.997890568178827664e+01
1.997947615896853435e+01
1.997971738024963173e+01
1.997993347391267704e+01
1.998036081746996473e+01
1.998114956289299826e+01
1.998236807106826873e+01
1.998402235818035777e+01
1.998608268077510175e+01
1.998850907627493712e+01
1.999126675574140677e+01
1.999432347186398218e+01
1.999762734917900886e+01
2.000107481977858370e+01
2.000448911136481556e+01
2.000763247058138816e+01
2.001026465827714063e+01
2.001223794585851579e+01
2.001359459540352148e+01
2.001462024469471501e+01
2.001581581066764315e+01
2.001778127199055390e+01
2.002104477328953536e+01
2.002590062917120406e+01
2.003232330270025585e+01
2.003999653644134327e+01
2.004844846371513256e+01
2.005723692608706443e+01
2.006610702979246241e+01
2.007505659249887486e+01
2.008428838013674067e+01
2.009407984202501041e+01
2.010463606379650514e+01
2.011599326442054547e+01
2.012800905876747137e+01
2.014042931546337556e+01
2.015298448139034448e+01
2.016545949666712545e+01
2.017770384313377363e+01
2.018958780720139856e+01
2.020094472983375411e+01
2.021154782004071748e+01
2.022114938075616308e+01
2.022957214595414754e+01
2.023680872324734992e+01
2.024307515539489799e+01
2.024878428396222318e+01
2.025444331802331277e+01
2.026051675676556130e+01
2.026731099144722847e+01
2.027492320911980528e+01
2.028326336810004449e+01
2.029212341699334843e+01
2.030125136712448963e+01
2.031039679286681832e+01
2.031932111597200574e+01
2.032779275796002239e+01
2.033559684615475760e+01
2.034257574800508905e+01
2.034868922357684795e+01
2.035405983245292205e+01
2.035896698913752445e+01
2.036377592622024224e+01
2.036882418808847106e+01
2.037431680828541403e+01
2.038028334396383201e+01
2.038662102054914982e+01
2.039320205527069874e+01
2.039998496193497246e+01
2.040706216480727164e+01
2.041460671198177934e+01
2.042273543375659273e+01
2.043135607044973057e+01
2.044008360371408628e+01
2.044828416623610678e+01
2.045524489686535219e+01
2.046040479700858583e+01
2.046354791655612715e+01
2.046487441981515687e+01
2.046492090717477552e+01
2.046437065520397169e+01
2.046384195170134390e+01
2.046374479428774862e+01
2.046425339053084969e+01
2.046537836033693836e+01
2.046707297395256475e+01
2.046929840256315103e+01
2.047200739962605809e+01
2.047506325270605387e+01
2.047815771717153766e+01
2.048080042439890391e+01
2.048241680690587785e+01
2.048253075159665570e+01
2.048095557400728239e+01
2.047790235860177788e+01
2.047394780946570592e+01
2.046986831171907539e+01
2.046640957344743939e+01
2.046408950118848580e+01
2.046311170654563583e+01
2.046340987763977637e+01
2.046477995885464907e+01
2.046702066296601430e+01
2.047001066354138388e+01
2.047369569287945268e+01
2.047801369723822162e+01
2.048281993043599059e+01
2.048786846968812725e+01
2.049286720233296677e+01
2.049757447785593811e+01
2.050187695846864955e+01
2.050579711373135794e+01
2.050942036467129981e+01
2.051278168065034180e+01
2.051577968596395607e+01
2.051817523528150033e+01
2.051968576585901616e+01
2.052013166316545778e+01
2.051955780992227929e+01
2.051826220248419830e+01
2.051671051347257091e+01
2.051537542887206200e+01
2.051457927427398786e+01
2.051441547473988081e+01
2.051478011701024329e+01
2.051548405677936771e+01
2.051637311861833979e+01
2.051738366708644534e+01
2.051850372824427282e+01
2.051967138995387074e+01
2.052068623131842529e+01
2.052120869928558022e+01
2.052087433457630539e+01
2.051947969928590609e+01
2.051714433366487000e+01
2.051435022909089767e+01
2.051181329243278384e+01
2.051022533803986647e+01
2.050997670457554634e+01
2.051098925719621135e+01
2.051274371923858197e+01
2.051449462668168522e+01
2.051557579252789765e+01
2.051565532512216450e+01
2.051482509135038867e+01
2.051349239724333273e+01
2.051213931039106697e+01
2.051107749380554068e+01
2.051032210042451354e+01
2.050964056792504309e+01
2.050873747175720752e+01
2.050746506928642532e+01
2.050593814335528009e+01
2.050448619246409976e+01
2.050346616856591098e+01
2.050303643968243250e+01
2.050301622254199785e+01
2.050291208563918133e+01
2.050210709525494579e+01
2.050012425438796626e+01
2.049683790021301277e+01
2.049253376634458235e+01
2.048779519203543842e+01
2.048327853271494448e+01
2.047949074067544117e+01
2.047667190038544405e+01
2.047482317387836304e+01
2.047384135542483818e+01
2.047366799654852088e+01
2.047436132652316232e+01
2.047605063794359026e+01
2.047880531711797047e+01
2.048250332861224976e+01
2.048678742702837852e+01
2.049114984140059192e+01
2.049511397875660279e+01
2.049842471088277307e+01
2.050114871431916796e+01
2.050362941890457336e+01
2.050631492895894326e+01
2.050954271713023402e+01
2.051338717031417147e+01
2.051764325510358589e+01
2.052194886198889989e+01
2.052597691994473905e+01
2.052959357697566034e+01
2.053289868799949147e+01
2.053612889505734884e+01
2.053947807709389295e+01
2.054293584446845244e+01
2.054623785433806660e+01
2.054896506128578437e+01
2.055075119505370651e+01
2.055149829716726018e+01
2.055148951746397046e+01
2.055133280967609721e+01
2.055174776797596081e+01
2.055328303690053104e+01
2.055608761826406905e+01
2.055983890427376437e+01
2.056386279910869419e+01
2.056739776405597908e+01
2.056989263963726700e+01
2.057121467916507385e+01
2.057168408713781105e+01
2.057192574540637153e+01
2.057260478752807131e+01
2.057415804360426392e+01
2.057663037939006045e+01
2.057967701879077893e+01
2.058272204235295533e+01
2.058519976157239029e+01
2.058677537481508679e+01
2.058745513660310422e+01
2.058754656760498136e+01
2.058749373453152032e+01
2.058766409162706523e+01
2.058818083075377459e+01
2.058887185029423605e+01
2.058935401128546516e+01
2.058921227874315818e+01
2.058819314110485621e+01
2.058632747985037170e+01
2.058393112235441080e+01
2.058148645188868286e+01
2.057946061256787829e+01
2.057814140857060536e+01
2.057755970873479967e+01
2.057752361218053139e+01
2.057773630472343029e+01
2.057793257987782809e+01
2.057796629909648800e+01
2.057781309564684946e+01
2.057750188235809929e+01
2.057702849248299515e+01
2.057631311440963273e+01
2.057523492353289285e+01
2.057372764347777050e+01
2.057187678160373068e+01
2.056994901650272567e+01
2.056831580866206011e+01
2.056729252274992703e+01
2.056696965735600813e+01
2.056713158883064096e+01
2.056732512910281585e+01
2.056706719901314173e+01
2.056610352861419955e+01
2.056459027093981007e+01
2.056309363489542008e+01
2.056238368134158634e+01
2.056310068142881065e+01
2.056544488977534613e+01
2.056904344235161375e+01
2.057307430484914335e+01
2.057660830809291497e+01
2.057902262316521913e+01
2.058029635368951915e+01
2.058104528136409783e+01
2.058226920628300860e+01
2.058491783442265444e+01
2.058946672918950682e+01
2.059569220664691258e+01
2.060274418199173496e+01
2.060948162571406073e+01
2.061491990408678632e+01
2.061859589914584845e+01
2.062070267796933365e+01
2.062195497059622795e+01
2.062326553449993938e+01
2.062538542170892342e+01
2.062865882848797128e+01
2.063297437273467949e+01
2.063789879446112607e+01
2.064290416778792192e+01
2.064757758779367336e+01
2.065173459969145497e+01
2.065541876005388744e+01
2.065882370168206350e+01
2.066219514325038631e+01
2.066575543281490823e+01
2.066966050433886082e+01
2.067397395940465543e+01
2.067864135431326034e+01
2.068346679970040469e+01
2.068811519762598294e+01
2.069216629303400268e+01
2.069522347836253573e+01
2.069704271386994776e+01
2.069761997729329295e+01
2.069718174190901649e+01
2.069606624533120254e+01
2.069454409310604959e+01
2.069267064897650954e+01
2.069025999318808573e+01
2.068701481308736589e+01
2.068276260173483294e+01
2.067768004417628447e+01
2.067237523686620548e+01
2.066775528668320305e+01
2.066471131511546133e+01
2.066375251216767950e+01
2.066476211260037488e+01
2.066700423830959821e+01
2.066939772956793675e+01
2.067094474993018238e+01
2.067112251387433020e+01
2.067005825194174662e+01
2.066840780770235853e+01
2.066699928640067085e+01
2.066641548540408024e+01
2.066671641377063651e+01
2.066743220392288904e+01
2.066782273044112017e+01
2.066727023664454777e+01
2.066560944084733009e+01
2.066323499826039267e+01
2.066093870085275341e+01
2.065956044614235410e+01
2.065962236583382960e+01
2.066111492243172165e+01
2.066352228421894921e+01
2.066605688165545374e+01
2.066797975995913816e+01
2.066885784738587972e+01
2.066865771064374968e+01
2.066766598185274262e+01
2.066630908869569083e+01
2.066497814628669261e+01
2.066393800450816798e+01
2.066333500970904780e+01
2.066325681062632214e+01
2.066377444622467507e+01
2.066492184343697502e+01
2.066662154454661149e+01
2.066861255497365590e+01
2.067044649416987667e+01
2.067158448311696617e+01
2.067156886736348653e+01
2.067019536583431361e+01
2.066760171185901029e+01
2.066422532448555316e+01
2.066064588414573322e+01
2.065738457226901303e+01
2.065475009817215835e+01
2.065279339983827001e+01
2.065137464854278093e+01
2.065029035168398863e+01
2.064938480222902939e+01
2.064858966289107656e+01
2.064788448228714657e+01
2.064721991996950834e+01
2.064646623777729673e+01
2.064543128995167365e+01
2.064394684155685766e+01
2.064197698929550739e+01
2.063968444908304889e+01
2.063741015240555399e+01
2.063556771926042899e+01
2.063450061636685717e+01
2.063437000332980631e+01
2.063512430649178953e+01
2.063655743104614260e+01
2.063841628744035006e+01
2.064049566587781825e+01
2.064267129530047740e+01
2.064486182959576865e+01
2.064695414761858672e+01
2.064874882207402962e+01
2.064997143452940165e+01
2.065035720325876767e+01
2.064977266244735432e+01
2.064831300718699936e+01
2.064632066788097120e+01
2.064430567805442251e+01
2.064279296986930490e+01
2.064215359376743564e+01
2.064248185897329790e+01
2.064355902302436618e+01
2.064490954852193028e+01
2.064592526639809833e+01
2.064601765160174196e+01
2.064475991645590369e+01
2.064199133917944451e+01
2.063786710902735422e+01
2.063284396656701603e+01
2.062759801514564373e+01
2.062288230604464090e+01
2.061935046056542831e+01
2.061739277543537696e+01
2.061704046357916198e+01
2.061798037178306586e+01
2.061968513610846188e+01
2.062161510233662298e+01
2.062341148897239762e+01
2.062499688216719207e+01
2.062653655004993780e+01
2.062827853469558548e+01
2.063035178935867719e+01
2.063262755925705605e+01
2.063472293835583571e+01
2.063615634961100298e+01
2.063658536256150811e+01
2.063600845057577260e+01
2.063482153354298276e+01
2.063368641759079480e+01
2.063326077071735654e+01
2.063391206715349213e+01
2.063555294715377997e+01
2.063768255152466224e+01
2.063962157766556160e+01
2.064083489370307589e+01
2.064119100259020811e+01
2.064103516639113778e+01
2.064103992935030973e+01
2.064190129628569181e+01
2.064402070810055179e+01
2.064731832138715717e+01
2.065126062369599680e+01
2.065508616639491279e+01
2.065812461383654508e+01
2.066006685773431073e+01
2.066107223840167251e+01
2.066167627747559976e+01
2.066255066305079069e+01
2.066422632811315196e+01
2.066689673868584620e+01
2.067037423434920385e+01
2.067420185756895279e+01
2.067785960956973668e+01
2.068097335758145405e+01
2.068344502515100558e+01
2.068546405203393235e+01
2.068741111482117390e+01
2.068970421019825423e+01
2.069265144523068045e+01
2.069636317378465407e+01
2.070074704723651493e+01
2.070557605283235603e+01
2.071059371259811499e+01
2.071561006475409883e+01
2.072054914852190066e+01
2.072543044261043477e+01
2.073029551543986670e+01
2.073511649957369229e+01
2.073973424754932537e+01
2.074386448276147021e+01
2.074718119563241459e+01
2.074944862948764168e+01
2.075064355202250965e+01
2.075100435438031354e+01
2.075096957377122209e+01
2.075101746698905458e+01
2.075146875382984746e+01
2.075234102202848518e+01
2.075332887109049906e+01
2.075393099918573014e+01
2.075367660806265846e+01
2.075235184900341423e+01
2.075012001841788845e+01
2.074747373455625166e+01
2.074503447039372617e+01
2.074328787952615727e+01
2.074237582626845011e+01
2.074204053472734444e+01
2.074174431914121541e+01
2.074090530970621415e+01
2.073913686595844297e+01
2.073638202505192751e+01
2.073289134881681406e+01
2.072907237852172102e+01
2.072529974078219794e+01
2.072178591677423398e+01
2.071857025954518861e+01
2.071561329224954306e+01
2.071292449389737200e+01
2.071063699542040837e+01
2.070897886405020216e+01
2.070815602896728436e+01
2.070821815003303712e+01
2.070899300550692956e+01
2.071013848248761491e+01
2.071129433372839301e+01
2.071225656107915825e+01
2.071307982450085206e+01
2.071404857583930337e+01
2.071552689466060215e+01
2.071776215742245952e+01
2.072074264356266582e+01
2.072418024129417446e+01
2.072762286093094986e+01
2.073063405883755550e+01
2.073294656258478597e+01
2.073451771154948631e+01
2.073547440810333242e+01
2.073599770789918040e+01
2.073622647685462184e+01
2.073623950236223479e+01
2.073611931275204867e+01
2.073604348217025972e+01
2.073632613044968309e+01
2.073735912010128857e+01
2.073946460821366600e+01
2.074273154398526842e+01
2.074693084316679048e+01
2.075157105513489597e+01
2.075608387943633915e+01
2.076005640317682222e+01
2.076339593597102606e+01
2.076634344862023340e+01
2.076932859403560983e+01
2.077274196760648550e+01
2.077674323798927958e+01
2.078120291428471234e+01
2.078580195834893374e+01
2.079022786970358183e+01
2.079435585029869316e+01
2.079831683800022191e+01
2.080242240639412543e+01
2.080700013526721293e+01
2.081224341658717947e+01
2.081816709775733543e+01
2.082469173914460825e+01
2.083179481017439016e+01
2.083961788277284910e+01
2.084843705175490314e+01
2.085848317242975725e+01
2.086969604499066477e+01
2.088155558149934166e+01
2.089311457436111397e+01
2.090326453861416311e+01
2.091114315086829833e+01
2.091650383649293587e+01
2.091986528408504853e+01
2.092234887736396587e+01
2.092525458377171788e+01
2.092955129965987027e+01
2.093550310834022099e+01
2.094259439905244946e+01
2.094978183830951934e+01
2.095595484016742205e+01
2.096039809526744691e+01
2.096305943704947339e+01
2.096452473695140029e+01
2.096573742806574714e+01
2.096760772299967712e+01
2.097068816290340365e+01
2.097504067272464567e+01
2.098031903163065692e+01
2.098599300961548053e+01
2.099159151322778882e+01
2.099685743937225979e+01
2.100176854591470033e+01
2.100644873949686797e+01
2.101103741056864749e+01
2.101558568181072673e+01
2.102001708898922061e+01
2.102415051951031089e+01
2.102775789667171935e+01
2.103062665162946132e+01
2.103260991710434880e+01
2.103366049275309635e+01
2.103384750469576403e+01
2.103334881143756618e+01
2.103240872214925261e+01
2.103126024437380082e+01
2.103003393662642750e+01
2.102869805053667207e+01
2.102707758049073661e+01
2.102497148063585897e+01
2.102233488187758326e+01
2.101944278258588383e+01
2.101693565929130614e+01
2.101568475145833048e+01
2.101649652839855875e+01
2.101976524100813037e+01
2.102523148893163807e+01
2.103197993781304831e+01
2.103871266554306629e+01
2.104420693448626523e+01
2.104776943799352651e+01
2.104948528828118981e+01
2.105014291219395872e+01
2.105086091356181655e+01
2.105258164469806204e+01
2.105566032751357852e+01
2.105973452432787596e+01
2.106392612650842011e+01
2.106727084916396109e+01
2.106916534186753509e+01
2.106962037405481425e+01
2.106920937289793727e+01
2.106875308388611501e+01
2.106890717764454379e+01
2.106985868833107034e+01
2.107127307152260443e+01
2.107250260097311312e+01
2.107293730505450213e+01
2.107231650580862237e+01
2.107085048020146800e+01
2.106910656423770334e+01
2.106773466525198657e+01
2.106718129159375508e+01
2.106753412656537705e+01
2.106856023350028551e+01
2.106989620909328309e+01
2.107127440191308310e+01
2.107266214680797134e+01
2.107424933160972103e+01
2.107630726197417204e+01
2.107900936199477115e+01
2.108231670818841863e+01
2.108598615096574491e+01
2.108968511871309914e+01
2.109313830054304617e+01
2.109621961427066594e+01
2.109894218877503391e+01
2.110136421727886002e+01
2.110348031345792563e+01
2.110517610668879840e+01
2.110628381395956410e+01
2.110671196227861302e+01
2.110657115524054461e+01
2.110621046014018276e+01
2.110612187098698556e+01
2.110674151985224967e+01
2.110823768468282680e+01
2.111039325591831783e+01
2.111265272081651645e+01
2.111432809816194833e+01
2.111488159751776905e+01
2.111416292546351769e+01
2.111249578858834397e+01
2.111057334696817023e+01
2.110920524002413856e+01
2.110902106039970505e+01
2.111024960453691790e+01
2.111265591531085661e+01
2.111564868667890238e+01
2.111850157438039233e+01
2.112059301313162507e+01
2.112157396060830905e+01
2.112141468726183646e+01
2.112033801649003095e+01
2.111869110923991855e+01
2.111682291003973333e+01
2.111501687982334730e+01
2.111349067781039679e+01
2.111243616646544297e+01
2.111205309636540761e+01
2.111253694229989009e+01
2.111401126667407979e+01
2.111643247101104492e+01
2.111952069527451670e+01
2.112277043172103674e+01
2.112556513931354729e+01
2.112737250500965658e+01
2.112795178720422129e+01
2.112748420884818756e+01
2.112655527164725555e+01
2.112597157001746950e+01
2.112646446626439456e+01
2.112838895095381986e+01
2.113154086453516101e+01
2.113517792999195777e+01
2.113825137722245628e+01
2.113976706781467385e+01
2.113913674315847757e+01
2.113637937707640191e+01
2.113209277683434806e+01
2.112721164442157473e+01
2.112265765581852506e+01
2.111902902450052366e+01
2.111645236804428194e+01
2.111464078485599316e+01
2.111310709506454586e+01
2.111141578326677859e+01
2.110935162894713457e+01
2.110693727465748282e+01
2.110431594942621913e+01
2.110158487317020359e+01
2.109868411291020251e+01
2.109540681727185074e+01
2.109152300002915226e+01
2.108694188760871668e+01
2.108181444658510273e+01
2.107651063062156993e+01
2.107147635638601457e+01
2.106704360123587705e+01
2.106329483553660609e+01
2.106005437251117485e+01
2.105700979574373477e+01
2.105389501818708098e+01
2.105063281951596821e+01
2.104735799391960427e+01
2.104430974750964722e+01
2.104165600560423144e+01
2.103935118998797549e+01
2.103711066083224424e+01
2.103451939685281147e+01
2.103121642153817561e+01
2.102705303519923064e+01
2.102213707893601580e+01
2.101673978938146448e+01
2.101112023048568389e+01
2.100537021280284122e+01
2.099937212153177413e+01
2.099289806807925984e+01
2.098579671979180006e+01
2.097816047981540422e+01
2.097037165633004108e+01
2.096299002199653216e+01
2.095653120259493107e+01
2.095124737607252641e+01
2.094702372188921302e+01
2.094344392421015044e+01
2.093998841327702110e+01
2.093625927530466768e+01
2.093211448320468904e+01
2.092764746883410965e+01
2.092303613389081107e+01
2.091835872402397811e+01
2.091349127745837322e+01
2.090815276121952948e+01
2.090207686301299717e+01
2.089521305821164887e+01
2.088783767385288570e+01
2.088050149760068308e+01
2.087382917114512182e+01
2.086826786727566230e+01
2.086391241307290656e+01
2.086049406534498019e+01
2.085753246278466833e+01
2.085456360313241930e+01
2.085131931638821001e+01
2.084776629101690659e+01
2.084399651726639746e+01
2.084004827667772375e+01
2.083577758696060656e+01
2.083087046274000897e+01
2.082500250331034408e+01
2.081806145136698660e+01
2.081030267375849618e+01
2.080233469193733953e+01
2.079491916133998686e+01
2.078867034746085096e+01
2.078379805521548462e+01
2.078002204945186548e+01
2.077670259656991547e+01
2.077312474984182700e+01
2.076879984235329957e+01
2.076364457778557693e+01
2.075796565308416675e+01
2.075227786133375929e+01
2.074706199330199397e+01
2.074258554806405641e+01
2.073885983684343870e+01
2.073572377383522536e+01
2.073297688833753938e+01
2.073046963420125977e+01
2.072810263486897142e+01
2.072575788293979926e+01
2.072323758884323297e+01
2.072028567189309456e+01
2.071671125763333521e+01
2.071255633378277494e+01
2.070820004982813245e+01
2.070430567275162659e+01
2.070159261154643815e+01
2.070051660115429826e+01
2.070100928114441885e+01
2.070242076773543616e+01
2.070372150818732138e+01
2.070389307259956979e+01
2.070233649953575039e+01
2.069910662511619748e+01
2.069485666837406157e+01
2.069051450956414229e+01
2.068684268656623004e+01
2.068409187032982643e+01
2.068191238997110659e+01
2.067956234687504136e+01
2.067630700417487688e+01
2.067181393528675670e+01
2.066635523061825097e+01
2.066072569731670328e+01
2.065592322574432060e+01
2.065274563476923930e+01
2.065148662576979177e+01
2.065185388117299325e+01
2.065312082880048905e+01
2.065441889447851409e+01
2.065502899269634085e+01
2.065455575949579625e+01
2.065294312894750561e+01
2.065036996837883621e+01
2.064710807674754633e+01
2.064341616375723376e+01
2.063949803996322885e+01
2.063550529784997067e+01
2.063154459254462481e+01
2.062766559584573045e+01
2.062384077588686893e+01
2.061997271314384506e+01
2.061595695884283330e+01
2.061178985613118542e+01
2.060766605427495790e+01
2.060399261586214692e+01
2.060127519405672913e+01
2.059989821850023972e+01
2.059989071797912175e+01
2.060080003752499067e+01
2.060176235233532083e+01
2.060177089982294163e+01
2.060004208158431993e+01
2.059631951478363376e+01
2.059097274877586159e+01
2.058483792335499984e+01
2.057886951938322539e+01
2.057376400407998318e+01
2.056972939799906541e+01
2.056650103006232655e+01
2.056357983428718228e+01
2.056055913947342972e+01
2.055736611827929394e+01
2.055429504163201671e+01
2.055182349124950392e+01
2.055031879165078479e+01
2.054979860111373924e+01
2.054987764545124307e+01
2.054993056774940996e+01
2.054938473830326373e+01
2.054798931311005461e+01
2.054592322789522640e+01
2.054369432976029586e+01
2.054189396033105552e+01
2.054094409345005445e+01
2.054096862434257886e+01
2.054184196476431623e+01
2.054336298193916122e+01
2.054543136596356945e+01
2.054810759007301968e+01
2.055151423598079674e+01
2.055564072511979035e+01
2.056018335372692718e+01
2.056454416914856509e+01
2.056802603329320789e+01
2.057014326969704499e+01
2.057088488466019172e+01
2.057077158586472621e+01
2.057064373848653460e+01
2.057125866336525277e+01
2.057288759942295542e+01
2.057512185137894178e+01
2.057700724047061769e+01
2.057746690819158175e+01
2.057582415435838996e+01
2.057217651647218304e+01
2.056743409562464109e+01
2.056299166155505631e+01
2.056017880380212759e+01
2.055973849212660554e+01
2.056156909076505102e+01
2.056483642757875785e+01
2.056838584160153260e+01
2.057124719483774200e+01
2.057299470972608901e+01
2.057380933278860269e+01
2.057424620319009634e+01
2.057485302471966193e+01
2.057584563155485569e+01
2.057699939172395887e+01
2.057779062496507905e+01
2.057769008600407901e+01
2.057643988538261226e+01
2.057416877580517678e+01
2.057129952009795559e+01
2.056831805598803697e+01
2.056554345983282417e+01
2.056302534186354336e+01
2.056061301622782977e+01
2.055813848798893417e+01
2.055559186893172807e+01
2.055317795038696005e+01
2.055121808516516424e+01
2.054995690017874921e+01
2.054939271712248328e+01
2.054923937457163419e+01
2.054905180610362692e+01
2.054845164989214013e+01
2.054732793040053451e+01
2.054589750613449439e+01
2.054458635506728115e+01
2.054379352699230665e+01
2.054366783400519125e+01
2.054402365411516840e+01
2.054444711477597707e+01
2.054453813410058771e+01
2.054415598850902569e+01
2.054353028964504091e+01
2.054317015520794598e+01
2.054361410351236827e+01
2.054515185962176105e+01
2.054766767131848937e+01
2.055069172655496601e+01
2.055363518869472372e+01
2.055608519465951289e+01
2.055800288013504229e+01
2.055971860212939362e+01
2.056172680521340368e+01
2.056439017470560060e+01
2.056771114518288712e+01
2.057129260380396119e+01
2.057450856969317599e+01
2.057679431716836760e+01
2.057790344713552955e+01
2.057799923689116639e+01
2.057753732404086833e+01
2.057700722378318048e+01
2.057667199338856534e+01
2.057644123178407725e+01
2.057593694773055049e+01
2.057470744639020666e+01
2.057246832392986846e+01
2.056924186584553027e+01
2.056532815338340825e+01
2.056113636323422256e+01
2.055697949526253154e+01
2.055294953986310702e+01
2.054893752216734271e+01
2.054477580676915593e+01
2.054040893977233750e+01
2.053598443453918421e+01
2.053180392167382706e+01
2.052815914982050671e+01
2.052514783884989313e+01
2.052258061635711073e+01
2.052004230596428513e+01
2.051708508164484002e+01
2.051345526869098279e+01
2.050923233384056488e+01
2.050480141633824616e+01
2.050066688564844242e+01
2.049719761874801449e+01
2.049443068520350764e+01
2.049203055530485074e+01
2.048942266555398817e+01
2.048603515337082115e+01
2.048153450121245100e+01
2.047595175992626082e+01
2.046965583714764847e+01
2.046320429597993140e+01
2.045715136998547479e+01
2.045189590395503032e+01
2.044761457175819785e+01
2.044427520835940015e+01
2.044169201761344112e+01
2.043958427409603118e+01
2.043762533255651093e+01
2.043549550640845780e+01
2.043295766392326129e+01
2.042995206932170049e+01
2.042667264463813481e+01
2.042356800864695643e+01
2.042122835994357644e+01
2.042017221794231929e+01
2.042060912791612282e+01
2.042228820822614566e+01
2.042452128640830722e+01
2.042639566608872315e+01
2.042709888346157499e+01
2.042621486186609303e+01
2.042385488086627277e+01
2.042056122348918734e+01
2.041703133493806632e+01
2.041379932721710233e+01
2.041103166324625562e+01
2.040853222482135010e+01
2.040593999488833177e+01
2.040299988423911159e+01
2.039974982501379941e+01
2.039651650671479644e+01
2.039372197577116097e+01
2.039161346724517898e+01
2.039007742049391680e+01
2.038865663228544634e+01
2.038677781161013769e+01
2.038407593237358739e+01
2.038063925187530145e+01
2.037703183918366889e+01
2.037406428861672936e+01
2.037241823157564724e+01
2.037231325301989671e+01
2.037338932589264573e+01
2.037486988949746802e+01
2.037592640430516511e+01
2.037606116223921404e+01
2.037531690316949806e+01
2.037421373557627646e+01
2.037345654612832035e+01
2.037357302959971861e+01
2.037467167700971871e+01
2.037643660318827088e+01
2.037834337639083060e+01
2.037996068408177308e+01
2.038116195832491329e+01
2.038212994460590721e+01
2.038316104878569135e+01
2.038439453726913086e+01
2.038563712682451268e+01
2.038639996865883219e+01
2.038614202308975720e+01
2.038459037638404681e+01
2.038195444945597501e+01
2.037889959323975120e+01
2.037627214617817017e+01
2.037470473360197332e+01
2.037430255798041046e+01
2.037457778947453946e+01
2.037467563384237224e+01
2.037378645330582216e+01
2.037154183013147346e+01
2.036819932408795353e+01
2.036452696326256273e+01
2.036144835232430594e+01
2.035962509191016423e+01
2.035917687642940876e+01
2.035966250128868182e+01
2.036031076805560147e+01
2.036037016042465808e+01
2.035940044557315076e+01
2.035737625925384364e+01
2.035458110119749975e+01
2.035137878959770674e+01
2.034800141284360109e+01
2.034446574360940119e+01
2.034064573196214809e+01
2.033643819933236330e+01
2.033191263802653737e+01
2.032735596602491057e+01
2.032319225199249502e+01
2.031983213413755607e+01
2.031754303308931497e+01
2.031641048023805496e+01
2.031639881084044674e+01
2.031745579494907261e+01
2.031957970029704441e+01
2.032279426645104436e+01
2.032704014526182945e+01
2.033205166315678980e+01
2.033730779643781972e+01
2.034211213676065455e+01
2.034578636238277127e+01
2.034789490343000296e+01
2.034839350756374543e+01
2.034762653415426215e+01
2.034617049676948142e+01
2.034459576217454924e+01
2.034325507520784981e+01
2.034218864268421356e+01
2.034117333875051159e+01
2.033987315491803827e+01
2.033800651981011143e+01
2.033545240030986534e+01
2.033226237950088588e+01
2.032860064365553754e+01
2.032466605956332728e+01
2.032064464993501929e+01
2.031670554289025787e+01
2.031301516255100026e+01
2.030972961230287765e+01
2.030694386829857123e+01
2.030461572915722357e+01
2.030251499586641373e+01
2.030024951008437739e+01
2.029738392997458263e+01
2.029361273692937218e+01
2.028890809770484793e+01
2.028356288914360306e+01
2.027809443972895664e+01
2.027304380600737588e+01
2.026876159501971131e+01
2.026528250208174953e+01
2.026234856708520482e+01
2.025956665413661639e+01
2.025661818200948616e+01
2.025341482079210920e+01
2.025012553624752343e+01
2.024707025402462079e+01
2.024454507197670949e+01
2.024267567251657240e+01
2.024137339695800364e+01
2.024040667408317162e+01
2.023953522184410403e+01
2.023862270877362945e+01
2.023766231607804045e+01
2.023670638990393300e+01
2.023575182654752780e+01
2.023466101950887008e+01
2.023317739435231388e+01
2.023103696203831348e+01
2.022811690016326125e+01
2.022453485921982264e+01
2.022063541097148942e+01
2.021686072001790890e+01
2.021356682747665801e+01
2.021087808729505397e+01
2.020865224641604740e+01
2.020656862430260503e+01
2.020428593255721950e+01
2.020158186464935568e+01
2.019840277061499734e+01
2.019480827648434484e+01
2.019085899405857276e+01
2.018652805927911587e+01
2.018169980040172007e+01
2.017626165366780100e+01
2.017023271998449729e+01
2.016384240006930639e+01
2.015749516831802879e+01
2.015162180731718422e+01
2.014648708129795907e+01
2.014205771248033372e+01
2.013801041979552764e+01
2.013388806051541735e+01
2.012933085493459373e+01
2.012426460303937148e+01
2.011894559649849512e+01
2.011383520757915022e+01
2.010936734371663803e+01
2.010573003667697023e+01
2.010277586727674048e+01
2.010010712650844056e+01
2.009728728788500973e+01
2.009406185487780760e+01
2.009046686899467815e+01
2.008676574454865005e+01
2.008325119428076988e+01
2.008002634858221214e+01
2.007689470271241206e+01
2.007343226761077659e+01
2.006921621984000126e+01
2.006409520136105229e+01
2.005835563416811596e+01
2.005268410616400843e+01
2.004792595677043110e+01
2.004474374415435278e+01
2.004333318212989568e+01
2.004333062672913357e+01
2.004395697655209574e+01
2.004433259098906817e+01
2.004382082056385883e+01
2.004225027402435089e+01
2.003992873260106578e+01
2.003746095258668802e+01
2.003546883294090719e+01
2.003434556353701979e+01
2.003414426508179602e+01
2.003462741925316593e+01
2.003542637356463274e+01
2.003621804582843069e+01
2.003683494108708274e+01
2.003727345095423829e+01
2.003762380239050245e+01
2.003798121886923767e+01
2.003839549522457375e+01
2.003888149283500297e+01
2.003946940255114484e+01
2.004024731622622113e+01
2.004135424134451782e+01
2.004291464214067631e+01
2.004494576908655645e+01
2.004729254026905849e+01
2.004963719068987160e+01
2.005159514559914768e+01
2.005286290891389100e+01
2.005335215032480178e+01
2.005324376408608344e+01
2.005292808637758739e+01
2.005284809534257917e+01
2.005330769978885286e+01
2.005432594487094988e+01
2.005560117304669276e+01
2.005660405976449212e+01
2.005676474539497534e+01
2.005568028491944332e+01
2.005326088556566688e+01
2.004975974388595361e+01
2.004567997332281593e+01
2.004160209929803926e+01
2.003800569006818577e+01
2.003515654320920447e+01
2.003309816947100686e+01
2.003173807747338842e+01
2.003097727712906106e+01
2.003081437208429350e+01
2.003137111850444896e+01
2.003282688526086019e+01
2.003529568772840364e+01
2.003870901911702518e+01
2.004276592504156795e+01
2.004697919354563851e+01
2.005079916363305870e+01
2.005375843282730486e+01
2.005557154104793582e+01
2.005614876532108681e+01
2.005552965238387486e+01
2.005378498710970803e+01
2.005095157911617321e+01
2.004704273811310244e+01
2.004212926902451031e+01
2.003643774574216962e+01
2.003039315652078756e+01
2.002455608041074697e+01
2.001946120183376010e+01
2.001542474233978908e+01
2.001241848703978121e+01
2.001008667050283307e+01
2.000791529056777662e+01
2.000548373086863663e+01
2.000267852902969423e+01
1.999975886898480226e+01
1.999723279531049869e+01
1.999559950467374847e+01
1.999508646289893576e+01
1.999551951839449870e+01
1.999640051033120258e+01
1.999715991955758554e+01
1.999745686321958971e+01
1.999736700681742008e+01
1.999735117249776906e+01
1.999800984051818631e+01
1.999974406043984132e+01
2.000249985352848014e+01
2.000573797339828275e+01
2.000865851344895319e+01
2.001057672861226777e+01
2.001126227875642627e+01
2.001106518708569126e+01
2.001075557794287363e+01
2.001114915954716622e+01
2.001270185390080059e+01
2.001527618383990514e+01
2.001819740811530579e+01
2.002057145818759309e+01
2.002170450018680725e+01
2.002141389482270029e+01
2.002007837306878457e+01
2.001841095036534313e+01
2.001708056288060789e+01
2.001638351770254687e+01
2.001613521642257254e+01
2.001583352339682520e+01
2.001500103306515754e+01
2.001352011098214589e+01
2.001178006843744583e+01
2.001055575997713376e+01
2.001067746452648421e+01
2.001265909927801090e+01
2.001647064405960563e+01
2.002156358599983577e+01
2.002712785042137966e+01
2.003244406505496755e+01
2.003715452399736563e+01
2.004132750963839271e+01
2.004530191507844705e+01
2.004941136784956868e+01
2.005374139218810114e+01
2.005804499085358827e+01
2.006185124683232956e+01
2.006469944366750724e+01
2.006637154459978234e+01
2.006700629737551012e+01
2.006704741629639699e+01
2.006706484787929057e+01
2.006754512339641749e+01
2.006874755961750623e+01
2.007067397096342276e+01
2.007313364338670780e+01
2.007584147706566569e+01
2.007848755940650776e+01
2.008075491923169764e+01
2.008231023548233907e+01
2.008281725829838038e+01
2.008200815472607204e+01
2.007980318261675379e+01
2.007642297800379083e+01
2.007242111728716694e+01
2.006859132217881125e+01
2.006576190713996155e+01
2.006454883808166656e+01
2.006516558010702056e+01
2.006736726804729543e+01
2.007054881755947306e+01
2.007395128393248029e+01
2.007689074844783406e+01
2.007892684702687802e+01
2.007992754391216295e+01
2.008003801352663586e+01
2.007959635584980163e+01
2.007904214101797180e+01
2.007884083091244776e+01
2.007941871292388214e+01
2.008109093354083186e+01
2.008397808972284437e+01
2.008793442611503011e+01
2.009253082651311217e+01
2.009712915203150629e+01
2.010104816884938828e+01
2.010377252708317997e+01
2.010512327573079361e+01
2.010531383301022501e+01
2.010486156870640073e+01
2.010439104413230282e+01
2.010441633382903248e+01
2.010519840915079470e+01
2.010673331768769856e+01
2.010885856684379647e+01
2.011140538999026006e+01
2.011430587742753318e+01
2.011759617610109530e+01
2.012132152508787186e+01
2.012540891865329229e+01
2.012959422883412586e+01
2.013346031809837200e+01
2.013657808280559891e+01
2.013868054999539225e+01
2.013977715517066969e+01
2.014014541705473960e+01
2.014020422478250438e+01
2.014033893639615513e+01
2.014077513559317723e+01
2.014156858778347114e+01
2.014270897695676155e+01
2.014426385075023518e+01
2.014645869625121222e+01
2.014961962024101894e+01
2.015398318406551326e+01
2.015946220032017067e+01
2.016549939668908564e+01
2.017111530284999432e+01
2.017517068196621466e+01
2.017675810910765577e+01
2.017556484734306821e+01
2.017204788011854433e+01
2.016733504839983127e+01
2.016288047673710793e+01
2.016000490654689514e+01
2.015949583768784592e+01
2.016141094337245221e+01
2.016513928768027242e+01
2.016967151771442701e+01
2.017395809279269514e+01
2.017722037244775990e+01
2.017912034259609655e+01
2.017976411783142510e+01
2.017957747276894409e+01
2.017912380719297261e+01
2.017893128504546496e+01
2.017936947543850934e+01
2.018058669723950871e+01
2.018250189767319469e+01
2.018484144039836536e+01
2.018721355803387141e+01
2.018921140411552173e+01
2.019052602208740765e+01
2.019103885253346320e+01
2.019086039400675858e+01
2.019029487260341327e+01
2.018973806248231639e+01
2.018954454051164404e+01
2.018991600862080205e+01
2.019085419472490273e+01
2.019219293382867164e+01
2.019368862934479836e+01
2.019512455070720591e+01
2.019638408274434127e+01
2.019746978196246090e+01
2.019847547587577097e+01
2.019954015276274717e+01
2.020081378480611534e+01
2.020244795843051833e+01
2.020460106880803863e+01
2.020743479881375393e+01
2.021108456521336549e+01
2.021560774369315183e+01
2.022093545417308036e+01
2.022686069256020502e+01
2.023308065306564529e+01
2.023928121541587899e+01
2.024522436304081907e+01
2.025079256885640433e+01
2.025596474905129440e+01
2.026073680046925318e+01
2.026503461923079996e+01
2.026867741088495833e+01
2.027142539107431674e+01
2.027309898887005701e+01
2.027371129519747583e+01
2.027353799208752605e+01
2.027307211762832750e+01
2.027286591656377723e+01
2.027332171619775991e+01
2.027452680236268634e+01
2.027621444253946237e+01
2.027787829198299718e+01
2.027899602925140599e+01
2.027926497099322134e+01
2.027874396533540491e+01
2.027783667772266085e+01
2.027712216407732271e+01
2.027710603312582549e+01
2.027799872611583254e+01
2.027961287179295269e+01
2.028141837988352947e+01
2.028272785701854630e+01
2.028293545202125614e+01
2.028171843023745424e+01
2.027913401279537453e+01
2.027558979637245784e+01
2.027171288425231666e+01
2.026817273431601407e+01
2.026551808795829146e+01
2.026407268342278556e+01
2.026390798015579975e+01
2.026488480396627523e+01
2.026673729263385226e+01
2.026916506508901605e+01
2.027190324294958046e+01
2.027475295735399996e+01
2.027757357691722007e+01
2.028025606254442081e+01
2.028270681387038721e+01
2.028486646698955909e+01
2.028676720509662701e+01
2.028860281561975043e+01
2.029076304896870298e+01
2.029378382329564801e+01
2.029819492344999077e+01
2.030429878719390402e+01
2.031196423336277590e+01
2.032053860895686270e+01
2.032895188128309272e+01
2.033601086737829533e+01
2.034079094867256643e+01
2.034297033931033383e+01
2.034295508918543050e+01
2.034172011192680074e+01
2.034041424586317603e+01
2.033989024832536074e+01
2.034036683250326050e+01
2.034138039298017731e+01
2.034205548154715260e+01
2.034157300554295489e+01
2.033961601962645460e+01
2.033657638532207557e+01
2.033341458801251633e+01
2.033123015337549333e+01
2.033074191144613607e+01
2.033192527924500581e+01
2.033398208325658985e+01
2.033566058076725014e+01
2.033577615139406447e+01
2.033368897998190761e+01
2.032952028127178679e+01
2.032401989123666297e+01
2.031816894894381420e+01
2.031272612913564757e+01
2.030794295020549711e+01
2.030357695453688294e+01
2.029917286045940017e+01
2.029444366478729833e+01
2.028953664929258593e+01
2.028503572551776912e+01
2.028169503213419134e+01
2.028004348095057807e+01
2.028007079480986619e+01
2.028116647399264849e+01
2.028235512983119904e+01
2.028272103947422167e+01
2.028181835189026216e+01
2.027986899213363969e+01
2.027765344507526279e+01
2.027614713199464802e+01
2.027607359209377336e+01
2.027757883606625811e+01
2.028016704653430224e+01
2.028291220095987057e+01
2.028483654601119213e+01
2.028528300628800451e+01
2.028412897933564807e+01
2.028177538391743795e+01
2.027894938806478464e+01
2.027643088163396001e+01
2.027482282686372628e+01
2.027443948553496611e+01
2.027531653962381597e+01
2.027729250429263885e+01
2.028009629696246208e+01
2.028340049615281870e+01
2.028684125215706757e+01
2.029003540239740744e+01
2.029262553488754861e+01
2.029435719335067745e+01
2.029515870639362873e+01
2.029517681083761005e+01
2.029473337365884689e+01
2.029420500626407531e+01
2.029386822925988199e+01
2.029377497393516094e+01
2.029371356896788825e+01
2.029327317961872978e+01
2.029198379872191893e+01
2.028947230595039741e+01
2.028557261624743191e+01
2.028035386339470847e+01
2.027407008369563357e+01
2.026706763330270888e+01
2.025969757918887737e+01
2.025226702075592300e+01
2.024503569983707152e+01
2.023823836430008782e+01
2.023210234755239512e+01
2.022683762514495598e+01
2.022259693804175384e+01
2.021942437856693431e+01
2.021722106544782704e+01
2.021575150682703637e+01
2.021469713931698209e+01
2.021374286049722357e+01
2.021266743658727094e+01
2.021140544182056686e+01
2.021005765062366777e+01
2.020884469739016964e+01
2.020801887110965112e+01
2.020776432699497960e+01
2.020812147876715770e+01
2.020896439541106204e+01
2.021004190762858244e+01
2.021106914204674254e+01
2.021183486039186050e+01
2.021228044920912836e+01
2.021251462120979525e+01
2.021275293704632858e+01
2.021320416006316734e+01
2.021395188946084787e+01
2.021488640901088729e+01
2.021572268499748404e+01
2.021610244268432410e+01
2.021573813105960582e+01
2.021453413770264262e+01
2.021262848762190956e+01
2.021033458189086929e+01
2.020801057892275310e+01
2.020591985398217361e+01
2.020415061861982764e+01
2.020263265740439351e+01
2.020123885117896378e+01
2.019991460726420485e+01
2.019876328933817788e+01
2.019803895533075888e+01
2.019804752737059772e+01
2.019900754915814289e+01
2.020094474389393113e+01
2.020367755852925029e+01
2.020690235035151261e+01
2.021033297452812860e+01
2.021381994931207515e+01
2.021738594835931835e+01
2.022116137625841503e+01
2.022526053417904635e+01
2.022967354298201670e+01
2.023424144876744890e+01
2.023873474921798632e+01
2.024299427189015077e+01
2.024705217486459574e+01
2.025115421871211652e+01
2.025565298838137807e+01
2.026081109066975827e+01
2.026660676857226662e+01
2.027264233077972122e+01
2.027821211483298924e+01
2.028251233141038767e+01
2.028490738138593130e+01
2.028514019530657819e+01
2.028340087260069069e+01
2.028023388771326196e+01
2.027633548572422129e+01
2.027233456018752022e+01
2.026864435520356977e+01
2.026542639486190467e+01
2.026264970127503418e+01
2.026018905144618643e+01
2.025790370367982618e+01
2.025566830467178647e+01
2.025336802156833471e+01
2.025089399536289747e+01
2.024816877538605198e+01
2.024520052802125392e+01
2.024213157961002807e+01
2.023923534715164152e+01
2.023683676204945669e+01
2.023517505351259160e+01
2.023426876404067798e+01
2.023385485416087803e+01
2.023344566228189123e+01
2.023249119360374237e+01
2.023057906497461644e+01
2.022758126773747733e+01
2.022368042241118857e+01
2.021926775706013402e+01
2.021476954279031091e+01
2.021049322043043972e+01
2.020656955773155872e+01
2.020301035902744857e+01
2.019983350051860782e+01
2.019716633472501499e+01
2.019524879585159027e+01
2.019431510811897112e+01
2.019440751458365213e+01
2.019522574946251581e+01
2.019611223963342184e+01
2.019621333828902365e+01
2.019476930894142441e+01
2.019141439243152192e+01
2.018635064766173315e+01
2.018030683377335777e+01
2.017428557513703780e+01
2.016919552335468779e+01
2.016551649154308734e+01
2.016313136575286080e+01
2.016138689265276085e+01
2.015935024415439258e+01
2.015615238670567422e+01
2.015128383305482984e+01
2.014473935261545634e+01
2.013697635883176673e+01
2.012872408027855897e+01
2.012072748060568017e+01
2.011351747469896267e+01
2.010727283938340904e+01
2.010179762363263478e+01
2.009660044175326732e+01
2.009104023398097283e+01
2.008449729538508066e+01
2.007653189465277421e+01
2.006699884356015318e+01
2.005609312279014489e+01
2.004431222828136328e+01
2.003233876965516913e+01
2.002087059613414866e+01
2.001044710844754348e+01
2.000132785604532160e+01
1.999346514631781702e+01
1.998657829957398135e+01
1.998029655204082644e+01
1.997430921877641907e+01
1.996846034731289166e+01
1.996275298437801027e+01
1.995727274273334828e+01
1.995207974687961183e+01
1.994713217088675350e+01
1.994228579256315115e+01
1.993737151921677153e+01
1.993230851987492613e+01
1.992718774636048096e+01
1.992227192078602371e+01
1.991789875980816760e+01
1.991432428092360141e+01
1.991157725675864398e+01
1.990939653778582397e+01
1.990728877636882999e+01
1.990469081854466182e+01
1.990117362843584559e+01
1.989660500649944908e+01
1.989120511117968704e+01
1.988547352238565580e+01
1.988001865625507492e+01
1.987535700317022958e+01
1.987175649877002215e+01
1.986917505233306258e+01
1.986730448044190211e+01
1.986569045884047569e+01
1.986387639542291339e+01
1.986151980873850320e+01
1.985844959275747712e+01
1.985466000999587877e+01
1.985025994887296008e+01
1.984540605928338408e+01
1.984024507560516071e+01
1.983487907432797925e+01
1.982935495535011938e+01
1.982367172095089103e+01
1.981779775376988795e+01
1.981169298134382117e+01
1.980533354263949875e+01
1.979873635477002125e+01
1.979197772930971766e+01
1.978519676460399879e+01
1.977857468056234680e+01
1.977228812933206825e+01
1.976644674797115897e+01
1.976103773685282761e+01
1.975590582775000215e+01
1.975078986974093809e+01
1.974541679617989232e+01
1.973962636187789244e+01
1.973347774285329592e+01
1.972728456735085700e+01
1.972154510935853011e+01
1.971677530533689549e+01
1.971329864103248042e+01
1.971107737208367539e+01
1.970966606053628922e+01
1.970832639092133931e+01
1.970627518536135270e+01
1.970297356334491568e+01
1.969833532343783844e+01
1.969275579318437153e+01
1.968693424360220945e+01
1.968155487742711429e+01
1.967696165969735134e+01
1.967297520648160969e+01
1.966894428258257221e+01
1.966402123683106851e+01
1.965754586044869612e+01
1.964936586625389481e+01
1.963994437984077024e+01
1.963019897383939849e+01
1.962114080853138631e+01
1.961347760912688187e+01
1.960736334547128834e+01
1.960240897640430902e+01
1.959794367616153821e+01
1.959339460963386159e+01
1.958859541803566628e+01
1.958386884937207029e+01
1.957984136330294689e+01
1.957708221938974091e+01
1.957574965165504111e+01
1.957542671392231526e+01
1.957523823376730832e+01
1.957420254631371392e+01
1.957165536572064823e+01
1.956754592208728738e+01
1.956246566389984309e+01
1.955739734920065942e+01
1.955330412787446903e+01
1.955074994848323655e+01
1.954972085020784434e+01
1.954971484424893546e+01
1.955003857613851181e+01
1.955015593056366185e+01
1.954992065648150401e+01
1.954959385891923773e+01
1.954965906957274768e+01
1.955054459601964822e+01
1.955239798952576891e+01
1.955501793765859020e+01
1.955796046051158399e+01
1.956074773223965835e+01
1.956306431263370627e+01
1.956484545301774247e+01
1.956622933300242906e+01
1.956741986898574126e+01
1.956854849752579639e+01
1.956961237828276978e+01
1.957051326328182839e+01
1.957115889852873281e+01
1.957155340321702397e+01
1.957181364721200012e+01
1.957209731116464368e+01
1.957248566719990279e+01
1.957289641177569806e+01
1.957309000110235786e+01
1.957278277615400697e+01
1.957181900377764805e+01
1.957031529990369023e+01
1.956869629032520663e+01
1.956758811474051996e+01
1.956760289026156130e+01
1.956909972704450595e+01
1.957202125575483720e+01
1.957587364102174377e+01
1.957985870100548809e+01
1.958310699380644238e+01
1.958492619295742543e+01
1.958498135055646472e+01
1.958335678732086649e+01
1.958049525429438020e+01
1.957704876811165917e+01
1.957369469673107076e+01
1.957096903017736977e+01
1.956915360935916226e+01
1.956823499874081662e+01
1.956793604389866204e+01
1.956780833856342028e+01
1.956736340019653753e+01
1.956621171892078692e+01
1.956417431365387927e+01
1.956133509580462970e+01
1.955801662183801071e+01
1.955468431139134466e+01
1.955180741794605126e+01
1.954971957599493848e+01
1.954852127210937951e+01
1.954805141303216232e+01
1.954793219466811394e+01
1.954767039264532968e+01
1.954678623213766286e+01
1.954493954437720404e+01
1.954202802630774727e+01
1.953823866570244761e+01
1.953403834540825912e+01
1.953009563972088003e+01
1.952713759510430336e+01
1.952576486681805790e+01
1.952627110037235880e+01
1.952852644128174475e+01
1.953197812384900800e+01
1.953578819316131288e+01
1.953907777263759726e+01
1.954119937593122103e+01
1.954193755908903540e+01
1.954155855244564322e+01
1.954068736872126166e+01
1.954006266656964286e+01
1.954027220185843561e+01
1.954157864707821801e+01
1.954390162819567323e+01
1.954694708277716231e+01
1.955040592231661378e+01
1.955411508678885113e+01
1.955810002890460453e+01
1.956248483400478477e+01
1.956732922561772270e+01
1.957249190570633246e+01
1.957760554022084776e+01
1.958218771646977530e+01
1.958583714712912283e+01
1.958841587955540930e+01
1.959012276950357645e+01
1.959141885160290997e+01
1.959284170759505272e+01
1.959480221406376188e+01
1.959746290565972160e+01
1.960075002469973882e+01
1.960447762722147402e+01
1.960850279742065183e+01
1.961281874059449493e+01
1.961753348419622611e+01
1.962275237123919780e+01
1.962844202357000256e+01
1.963436752310670030e+01
1.964015427112270729e+01
1.964545330161384840e+01
1.965012466056961316e+01
1.965433492993653886e+01
1.965850443270550940e+01
1.966311731029169607e+01
1.966848199409705700e+01
1.967455997863469719e+01
1.968094988959403580e+01
1.968703725223962664e+01
1.969223834403713980e+01
1.969622206051345970e+01
1.969900931088620410e+01
1.970091515775513358e+01
1.970237835979207119e+01
1.970377372886041911e+01
1.970529955652204279e+01
1.970698058375160855e+01
1.970875839806357988e+01
1.971059538752574980e+01
1.971252026055255158e+01
1.971458886520343157e+01
1.971679412948293475e+01
1.971899592663240597e+01
1.972093232137619268e+01
1.972232286386834588e+01
1.972301279061179713e+01
1.972307244155241790e+01
1.972278235336481345e+01
1.972249539333612844e+01
1.972243984945285789e+01
1.972256950245250806e+01
1.972255139740867591e+01
1.972191377538937829e+01
1.972029032602740628e+01
1.971763958294290120e+01
1.971432315790151435e+01
1.971099403360243230e+01
1.970834249181872977e+01
1.970682181294915836e+01
1.970648832918250193e+01
1.970703284225299612e+01
1.970798221576718134e+01
1.970896255107492223e+01
1.970988490003457372e+01
1.971095711315384946e+01
1.971251860575745596e+01
1.971478926191665693e+01
1.971766963134505701e+01
1.972070317108209636e+01
1.972322700752160785e+01
1.972464020986798161e+01
1.972465872183170887e+01
1.972343405309668540e+01
1.972148269581334645e+01
1.971946715283921137e+01
1.971793850851241103e+01
1.971716069683382599e+01
1.971708628111718653e+01
1.971747254172972319e+01
1.971805910245735305e+01
1.971870834436273157e+01
1.971944387018168143e+01
1.972038711139928324e+01
1.972164940106557651e+01
1.972325489007335619e+01
1.972514112303075606e+01
1.972722871507087561e+01
1.972950406400286383e+01
1.973204849531142102e+01
1.973498036550480350e+01
1.973833397585034177e+01
1.974194632138388883e+01
1.974543028522516863e+01
1.974827348932295479e+01
1.975003507289271099e+01
1.975055423160042878e+01
1.975006740222200463e+01
1.974916719226973072e+01
1.974860903555598668e+01
1.974904474587481928e+01
1.975079841919372114e+01
1.975378089584254226e+01
1.975757387424280864e+01
1.976163643749194776e+01
1.976553385263085261e+01
1.976908585837277244e+01
1.977237813975673930e+01
1.977565074545054458e+01
1.977913481943828344e+01
1.978292642289749281e+01
1.978695752791273677e+01
1.979106727047200920e+01
1.979512235865896130e+01
1.979911194290659537e+01
1.980315977154004869e+01
1.980744390744682093e+01
1.981206573827277140e+01
1.981693876461391923e+01
1.982175973566323890e+01
1.982608516445221980e+01
1.982948551293793571e+01
1.983171220017588610e+01
1.983280595342100128e+01
1.983310042082650071e+01
1.983311912941586286e+01
1.983340626580100619e+01
1.983435466923695500e+01
1.983609053459164073e+01
1.983844848984720244e+01
1.984103602821501156e+01
1.984335711175344841e+01
1.984495059207514700e+01
1.984550174127953071e+01
1.984490002431618905e+01
1.984323577723275278e+01
1.984074597715756028e+01
1.983773087190490969e+01
1.983446771849773427e+01
1.983114573220152010e+01
1.982783867339071193e+01
1.982451986714055181e+01
1.982111133470386122e+01
1.981754769813257511e+01
1.981383052741197304e+01
1.981005242855396276e+01
1.980638195728955608e+01
1.980301628035381611e+01
1.980012191168915692e+01
1.979778875107327707e+01
1.979601639676796765e+01
1.979473669512402623e+01
1.979385942326723224e+01
1.979331689282736662e+01
1.979308364154777422e+01
1.979315950322121154e+01
1.979352286752083145e+01
1.979407725837722509e+01
1.979462057571471689e+01
1.979485897537256989e+01
1.979446904785473649e+01
1.979319039638983924e+01
1.979091530366558871e+01
1.978773988362786795e+01
1.978395342876043728e+01
1.977996492396287209e+01
1.977618906190281223e+01
1.977292925132271506e+01
1.977029614699815241e+01
1.976818701704602788e+01
1.976632937564598791e+01
1.976437056430377481e+01
1.976198164647069788e+01
1.975894339202239891e+01
1.975519297824537901e+01
1.975082636267467606e+01
1.974606549334097849e+01
1.974120608146891342e+01
1.973655966921789684e+01
1.973239702396425699e+01
1.972889460399257189e+01
1.972608656233403579e+01
1.972383146362794193e+01
1.972181043988591753e+01
1.971957431623636481e+01
1.971664595808946530e+01
1.971266184794081866e+01
1.970751239179428538e+01
1.970142674223776069e+01
1.969495593157163071e+01
1.968883994178332486e+01
1.968379014932645887e+01
1.968025932154641211e+01
1.967828689745513060e+01
1.967748650187630588e+01
1.967719020237900907e+01
1.967670020784415286e+01
1.967555131325256212e+01
1.967367902289657167e+01
1.967142506155889947e+01
1.966937945492459150e+01
1.966812717367417207e+01
1.966800652375863123e+01
1.966897814464446981e+01
1.967065171550316194e+01
1.967244668928863405e+01
1.967380676228073710e+01
1.967437124181867958e+01
1.967403605126151334e+01
1.967289629015784058e+01
1.967112051340995649e+01
1.966883519685820758e+01
1.966608336218151010e+01
1.966287356795756480e+01
1.965928100624249453e+01
1.965553079109438528e+01
1.965200165033078150e+01
1.964913172378820505e+01
1.964726368043004356e+01
1.964650397622053291e+01
1.964667009630968764e+01
1.964735952948768372e+01
1.964811500230916508e+01
1.964861231537748054e+01
1.964878468770137232e+01
1.964882736587017575e+01
1.964908349284003819e+01
1.964986829023657222e+01
1.965131590821166085e+01
1.965331913460547497e+01
1.965558474140267009e+01
1.965777100407543898e+01
1.965963674726425126e+01
1.966113044366344553e+01
1.966238192348647118e+01
1.966360942900646691e+01
1.966499530481465996e+01
1.966659494697093180e+01
1.966832179173872674e+01
1.967000897684380689e+01
1.967150824508893692e+01
1.967276892394470877e+01
1.967385251451177197e+01
1.967487408036243579e+01
1.967590156942198831e+01
1.967686819516870500e+01
1.967754913984000353e+01
1.967762395548254872e+01
1.967680437599549492e+01
1.967497346710239725e+01
1.967227206155472530e+01
1.966908741575128872e+01
1.966593932293719504e+01
1.966330352319831221e+01
1.966144204230845105e+01
1.966031173723959924e+01
1.965959377360012894e+01
1.965883833188847518e+01
1.965766956350926975e+01
1.965596626208125386e+01
1.965393780490337150e+01
1.965205372175536169e+01
1.965084532537910533e+01
1.965065537429368803e+01
1.965144154889542705e+01
1.965272582609053131e+01
1.965372634078924108e+01
1.965363153885182257e+01
1.965191060520773902e+01
1.964852986562928550e+01
1.964397671082272367e+01
1.963907074844394529e+01
1.963463429948027539e+01
1.963115979452451754e+01
1.962861840859072871e+01
1.962649603117077390e+01
1.962404314770309810e+01
1.962062880385787977e+01
1.961604043407323061e+01
1.961059480088374585e+01
1.960501103991858685e+01
1.960010536097530576e+01
1.959644730147985570e+01
1.959413163153144666e+01
1.959276195268093090e+01
1.959164065443953362e+01
1.959006494761198880e+01
1.958758595840640737e+01
1.958411630167807260e+01
1.957985412760481125e+01
1.957508461208520245e+01
1.956997571241670286e+01
1.956447703946232153e+01
1.955836641698478573e+01
1.955140498101957647e+01
1.954350438041797133e+01
1.953480875358617652e+01
1.952564784456203029e+01
1.951639386806902365e+01
1.950730956313685382e+01
1.949847711312807519e+01
1.948984645078210320e+01
1.948136700934540499e+01
1.947311326539932708e+01
1.946531427342195641e+01
1.945825314910330661e+01
1.945208359843017831e+01
1.944667010854515965e+01
1.944155923052503354e+01
1.943612617772368978e+01
1.942984497029746649e+01
1.942255370004737003e+01
1.941457400491290386e+01
1.940660757665086322e+01
1.939944319314082932e+01
1.939360860349256654e+01
1.938913792266192715e+01
1.938557416799492117e+01
1.938221092539648893e+01
1.937845489792785258e+01
1.937412601237472387e+01
1.936953968889732280e+01
1.936532496582417551e+01
1.936206779358700913e+01
1.935996119860777753e+01
1.935864444156283781e+01
1.935731989206322012e+01
1.935509582338679380e+01
1.935138735266468046e+01
1.934617604756446951e+01
1.933999813321618078e+01
1.933366681787377672e+01
1.932786714952488438e+01
1.932282461994781997e+01
1.931821004881242487e+01
1.931332354224535663e+01
1.930746088102668523e+01
1.930027704571326552e+01
1.929196732777717216e+01
1.928318161792839547e+01
1.927472197672126342e+01
1.926717888804389389e+01
1.926068583892698527e+01
1.925490580856266476e+01
1.924924355845944035e+01
1.924316667208160681e+01
1.923647149630663122e+01
1.922936795143798960e+01
1.922235610051284027e+01
1.921597382070517313e+01
1.921055404271958977e+01
1.920611399536639041e+01
1.920242012774824403e+01
1.919917537398946550e+01
1.919621225771990680e+01
1.919357817964881363e+01
1.919146424251962557e+01
1.919001950496721065e+01
1.918915941667734515e+01
1.918848474213206146e+01
1.918737176887375639e+01
1.918520536379450192e+01
1.918165001606426756e+01
1.917682975731163353e+01
1.917132797961436452e+01
1.916600212275976389e+01
1.916169385771145883e+01
1.915896081511809257e+01
1.915794026567208874e+01
1.915838835947177188e+01
1.915985516092413121e+01
1.916189695874446741e+01
1.916422036808534202e+01
1.916669796823017791e+01
1.916926726517153767e+01
1.917178620165761060e+01
1.917393880943224715e+01
1.917525521559092638e+01
1.917524756675605602e+01
1.917360009841820911e+01
1.917031958431554628e+01
1.916576749489375331e+01
1.916054959039231775e+01
1.915530550275636301e+01
1.915048769983133425e+01
1.914622388906702710e+01
1.914231785022468202e+01
1.913838018140194208e+01
1.913402291455112092e+01
1.912902719122835293e+01
1.912341171619475233e+01
1.911738121776161492e+01
1.911119292364404032e+01
1.910501662353086871e+01
1.909886268185852742e+01
1.909261400534630226e+01
1.908614217740053931e+01
1.907944279213760908e+01
1.907271310922768848e+01
1.906632270803521578e+01
1.906068152110642799e+01
1.905606304635641735e+01
1.905246700083739597e+01
1.904959135493352207e+01
1.904693453367404743e+01
1.904398769542991232e+01
1.904043358693016330e+01
1.903626364875408683e+01
1.903176151648709080e+01
1.902736170336043386e+01
1.902344836157697827e+01
1.902018425976069338e+01
1.901744323701485229e+01
1.901486950392417441e+01
1.901202891368849990e+01
1.900857855234333371e+01
1.900437901042488065e+01
1.899950717935072575e+01
1.899417783261012715e+01
1.898862387469063151e+01
1.898299830155701784e+01
1.897734161017409704e+01
1.897161938047183583e+01
1.896579789946239103e+01
1.895990994255346251e+01
1.895407434397833413e+01
1.894846274960161381e+01
1.894323671351346050e+01
1.893849139780756019e+01
1.893423279971856843e+01
1.893039149560295797e+01
1.892685344863808439e+01
1.892348175176717717e+01
1.892011593443803008e+01
1.891655845211899489e+01
1.891257484460960825e+01
1.890793163046828695e+01
1.890247313568204390e+01
1.889620773648661967e+01
1.888935504558028100e+01
1.888231332043505262e+01
1.887554118014648452e+01
1.886939339607788213e+01
1.886398211032424399e+01
1.885913231971005644e+01
1.885446089730714192e+01
1.884954931137314560e+01
1.884413150909761470e+01
1.883820694495055648e+01
1.883202304202866628e+01
1.882593594233772905e+01
1.882022056714381009e+01
1.881492779072304700e+01
1.880986249076817529e+01
1.880469263195144691e+01
1.879912933891009175e+01
1.879307880464338254e+01
1.878668099859874019e+01
1.878021148619327008e+01
1.877389932401627348e+01
1.876776446594210057e+01
1.876157350003994750e+01
1.875495265571371917e+01
1.874761165104365901e+01
1.873956598872769064e+01
1.873123532782012290e+01
1.872335001667231680e+01
1.871669160996522052e+01
1.871177948916457723e+01
1.870864995666491382e+01
1.870683700853242115e+01
1.870557177120328163e+01
1.870411468596948268e+01
1.870207121179996790e+01
1.869954905687847457e+01
1.869708899012886505e+01
1.869540581840935545e+01
1.869506071675331427e+01
1.869621134501687720e+01
1.869854265488242362e+01
1.870139306726142081e+01
1.870400211984978256e+01
1.870575864867230464e+01
1.870634218393074732e+01
1.870571289598016662e+01
1.870398258882432430e+01
1.870125214236636779e+01
1.869750594474892225e+01
1.869261340221894585e+01
1.868642615388982975e+01
1.867890991152028235e+01
1.867023568240176701e+01
1.866078025873093438e+01
1.865103403569416329e+01
1.864145940358359610e+01
1.863236335667120969e+01
1.862383643174889158e+01
1.861577592163569506e+01
1.860797348307256271e+01
1.860022370642618483e+01
1.859240917059987908e+01
1.858453514540942564e+01
1.857671174131522207e+01
1.856910084048224263e+01
1.856185313091831190e+01
1.855505783164639055e+01
1.854871946615726586e+01
1.854276728827652221e+01
1.853709537507424443e+01
1.853162378930291965e+01
1.852636258922672852e+01
1.852145300529124583e+01
1.851715932165297218e+01
1.851379638185163756e+01
1.851160170841671970e+01
1.851059052354900913e+01
1.851045268010435763e+01
1.851054892938082830e+01
1.851003453722729830e+01
1.850808886058790748e+01
1.850417992092593522e+01
1.849826674653294489e+01
1.849085494713844824e+01
1.848287153025474083e+01
1.847539425926993673e+01
1.846932949831445470e+01
1.846515423372581921e+01
1.846281231791008892e+01
1.846179269139446788e+01
1.846134571975216332e+01
1.846074403380918127e+01
1.845948690266019554e+01
1.845738273069803626e+01
1.845450373844707315e+01
1.845106149138526064e+01
1.844727725435520327e+01
1.844330846513253874e+01
1.843925213550784648e+01
1.843520058582705090e+01
1.843129807119629149e+01
1.842775092429234718e+01
1.842477455986898249e+01
1.842250028134933615e+01
1.842089172324735458e+01
1.841972071654762644e+01
1.841862540477363908e+01
1.841723333534321227e+01
1.841529917396997362e+01
1.841279701827807713e+01
1.840992571242866305e+01
1.840702322189989459e+01
1.840442532918073226e+01
1.840232684668406904e+01
1.840070057055070407e+01
1.839930284402831262e+01
1.839775767854580124e+01
1.839568053337110953e+01
1.839279080403398581e+01
1.838897226072193192e+01
1.838426654240421598e+01
1.837881360251232010e+01
1.837277205496119947e+01
1.836625474624432997e+01
1.835930187093092059e+01
1.835189358597768106e+01
1.834398669286481365e+01
1.833555308788677607e+01
1.832660279991457131e+01
1.831718687985927829e+01
1.830738735777205051e+01
1.829730632603251195e+01
1.828706200952859717e+01
1.827679003551719106e+01
1.826663991467171044e+01
1.825675611717256430e+01
1.824724167357337734e+01
1.823811569323416037e+01
1.822928645318298280e+01
1.822056123304272290e+01
1.821170052063567724e+01
1.820250262461259538e+01
1.819288574496333410e+01
1.818292922167921333e+01
1.817284934006897146e+01
1.816291355353439840e+01
1.815332757009516484e+01
1.814414687733618692e+01
1.813525749006578280e+01
1.812644075172901736e+01
1.811749669833912080e+01
1.810836918374832294e+01
1.809921021697172350e+01
1.809034573442921712e+01
1.808215025460809500e+01
1.807488253242263099e+01
1.806855647962334288e+01
1.806290935489618477e+01
1.805748714842408376e+01
1.805181453492592780e+01
1.804557855025400670e+01
1.803874926709117332e+01
1.803158946960000364e+01
1.802455420917016227e+01
1.801812655214227732e+01
1.801265711522751545e+01
1.800826459147997483e+01
1.800482102950543251e+01
1.800200829475470954e+01
1.799940962396340183e+01
1.799660067430556865e+01
1.799322208625898156e+01
1.798903516239863265e+01
1.798396949130432532e+01
1.797816201809668968e+01
1.797196984886574711e+01
1.796592986819521442e+01
1.796064939176805808e+01
1.795664305230137003e+01
1.795416677865878441e+01
1.795311791165265447e+01
1.795305520421847589e+01
1.795334498168717019e+01
1.795338072429280984e+01
1.795278337880136732e+01
1.795149292523510454e+01
1.794971113696948706e+01
1.794772892209594062e+01
1.794573164083326233e+01
1.794368901094828317e+01
1.794139230627803272e+01
1.793862080624191435e+01
1.793534392424519552e+01
1.793183734436299304e+01
1.792862990102452869e+01
1.792628660124357509e+01
1.792512699332050374e+01
1.792502577138318642e+01
1.792541426025230678e+01
1.792550652355114238e+01
1.792465812747351350e+01
1.792268906415127816e+01
1.792000784316975981e+01
1.791746328284126832e+01
1.791598212003511037e+01
1.791615844524210388e+01
1.791798912952743450e+01
1.792088117341746667e+01
1.792392483760595567e+01
1.792629661389997153e+01
1.792759455538884694e+01
1.792794681094624920e+01
1.792785274165854048e+01
1.792785352670448873e+01
1.792821450884812862e+01
1.792879061372326177e+01
1.792914519127563722e+01
1.792885493156639143e+01
1.792783176001747236e+01
1.792648066978064492e+01
1.792559701513145498e+01
1.792604383012086444e+01
1.792836748972503358e+01
1.793254659448556865e+01
1.793800467839195178e+01
1.794388502918604900e+01
1.794945365798388437e+01
1.795443214247200459e+01
1.795909825807337512e+01
1.796410977733261305e+01
1.797014504252241807e+01
1.797754273239333145e+01
1.798611888156446170e+01
1.799524606120797898e+01
1.800414683275318239e+01
1.801224885055694358e+01
1.801942373250335194e+01
1.802599576247375879e+01
1.803252436137455561e+01
1.803947540450121068e+01
1.804694637810323599e+01
1.805457761825559970e+01
1.806168691084820210e+01
1.806755721743887477e+01
1.807173965387510606e+01
1.807423531329032329e+01
1.807548369451220793e+01
1.807617663880141734e+01
1.807698994666284165e+01
1.807834895147758658e+01
1.808031497761615114e+01
1.808261797454006015e+01
1.808479937105679269e+01
1.808639489217178209e+01
1.808708843770375196e+01
1.808679539513048695e+01
1.808566778405926101e+01
1.808403795699319616e+01
1.808232641200528690e+01
1.808093738478353885e+01
1.808016205918078256e+01
1.808010848655249703e+01
1.808067738404078284e+01
1.808159719291887413e+01
1.808251571673243774e+01
1.808312273860962449e+01
1.808325941841269113e+01
1.808296871940153139e+01
1.808246218735705568e+01
1.808201511117751181e+01
1.808183685322637757e+01
1.808197684152835905e+01
1.808230995836566990e+01
1.808260478791374837e+01
1.808263523203214618e+01
1.808227414821125123e+01
1.808152004445144101e+01
1.808044859430240336e+01
1.807912706239621414e+01
1.807755424794352450e+01
1.807567498589452981e+01
1.807347185839016745e+01
1.807108294924475800e+01
1.806886546959027839e+01
1.806734171609602768e+01
1.806702231993999774e+01
1.806817356969965971e+01
1.807064133237448189e+01
1.807383460540084741e+01
1.807690525633443457e+01
1.807906608277159322e+01
1.807991367790778980e+01
1.807960660453360546e+01
1.807880617750577201e+01
1.807839347027436716e+01
1.807908225976716210e+01
1.808110133489850924e+01
1.808409256201721504e+01
1.808727382166340902e+01
1.808979359270080067e+01
1.809111479632091246e+01
1.809125233000833433e+01
1.809075782898710827e+01
1.809046330196701646e+01
1.809110591474396301e+01
1.809300730150428649e+01
1.809594986147286377e+01
1.809929675164156393e+01
1.810228920123847729e+01
1.810437821125901081e+01
1.810544169220371202e+01
1.810580129112792847e+01
1.810605122017788204e+01
1.810679537277680140e+01
1.810841999615767506e+01
1.811099675163399070e+01
1.811433654774315727e+01
1.811813868256806614e+01
1.812214083913490015e+01
1.812619006396657184e+01
1.813021094201977945e+01
1.813411166982300671e+01
1.813770576046247029e+01
1.814071700310642754e+01
1.814288444332592221e+01
1.814412107380405814e+01
1.814463985136712409e+01
1.814496678550387543e+01
1.814581202894989787e+01
1.814784098968984694e+01
1.815144206829880247e+01
1.815659666635588820e+01
1.816291397902040927e+01
1.816981739032132026e+01
1.817679753960538136e+01
1.818361477855085440e+01
1.819035753675838052e+01
1.819733248476270404e+01
1.820484420327470332e+01
1.821297659947846626e+01
1.822148857774156028e+01
1.822988160864658980e+01
1.823761283859253979e+01
1.824435473632836135e+01
1.825017642660101913e+01
1.825555592189369847e+01
1.826121062901974312e+01
1.826781851157379677e+01
1.827575335564417003e+01
1.828495021732276626e+01
1.829495507357275841e+01
1.830512617389477370e+01
1.831488556218032926e+01
1.832390087723910455e+01
1.833211796729700183e+01
1.833964320243318369e+01
1.834655117780018330e+01
1.835273033460840253e+01
1.835785760931804944e+01
1.836152454353690899e+01
1.836345610590918653e+01
1.836371093365606555e+01
1.836275472598860858e+01
1.836135634794055704e+01
1.836034074007299921e+01
1.836030257350776296e+01
1.836140560136494315e+01
1.836335476187793958e+01
1.836554994196429647e+01
1.836734967289025633e+01
1.836832789840301317e+01
1.836841706713124722e+01
1.836788871131012968e+01
1.836719854871684277e+01
1.836678035874107096e+01
1.836688618026543907e+01
1.836753739248463191e+01
1.836859197152754675e+01
1.836987846213776621e+01
1.837132250582944692e+01
1.837300533757112220e+01
1.837513412148214087e+01
1.837794823288107438e+01
1.838161177456597883e+01
1.838614104276087602e+01
1.839139200122387763e+01
1.839710282794123231e+01
1.840296614576803336e+01
1.840870208802920160e+01
1.841411339897273081e+01
1.841911715108307845e+01
1.842375514909473821e+01
1.842818433036637771e+01
1.843264454729751733e+01
1.843740176844028511e+01
1.844267374795295211e+01
1.844855868164912494e+01
1.845499559603051765e+01
1.846177927717539191e+01
1.846863125891644231e+01
1.847530088091670564e+01
1.848165198370117679e+01
1.848769396709394641e+01
1.849354207265254502e+01
1.849932861330754719e+01
1.850511434665523325e+01
1.851085053724126084e+01
1.851641452053408798e+01
1.852169869434597871e+01
1.852669889333606790e+01
1.853154386007398102e+01
1.853643795605442790e+01
1.854153920913396192e+01
1.854683636249098200e+01
1.855209655412430081e+01
1.855692212897363547e+01
1.856089686534424743e+01
1.856375045528889700e+01
1.856545569550562291e+01
1.856620641461224963e+01
1.856628944504340950e+01
1.856592510122618478e+01
1.856517169176338555e+01
1.856395544079953908e+01
1.856221385965643833e+01
1.856006830076804448e+01
1.855791300193131832e+01
1.855634425146624622e+01
1.855593940530479102e+01
1.855698625719056238e+01
1.855930681255404835e+01
1.856228616542956900e+01
1.856511806592600422e+01
1.856716287014049982e+01
1.856824332679928347e+01
1.856872139584011805e+01
1.856930245680418778e+01
1.857065270373830757e+01
1.857301915078702592e+01
1.857605198627954834e+01
1.857893484961315167e+01
1.858077364758267791e+01
1.858105687292055919e+01
1.857995284571081740e+01
1.857828080408689431e+01
1.857715147100942232e+01
1.857744041140875524e+01
1.857934873870776116e+01
1.858227182751893736e+01
1.858505156139075964e+01
1.858650186791608050e+01
1.858596290423761133e+01
1.858362323370254998e+01
1.858045968239114387e+01
1.857782642718132493e+01
1.857688856434190328e+01
1.857816177765320376e+01
1.858135941232391986e+01
1.858559504456147593e+01
1.858982061844995926e+01
1.859327933836869917e+01
1.859576364901899836e+01
1.859757917033594055e+01
1.859926466949159618e+01
1.860123041792564536e+01
1.860350078385157602e+01
1.860567786912312371e+01
1.860712387328092987e+01
1.860725419426112381e+01
1.860579174448081829e+01
1.860286892478735510e+01
1.859895008625818136e+01
1.859463476537768400e+01
1.859044681840647328e+01
1.858670085543385753e+01
1.858348179380755383e+01
1.858071209355626507e+01
1.857824766586433185e+01
1.857594999813548853e+01
1.857371608802937857e+01
1.857148246859437890e+01
1.856923196825144728e+01
1.856701680224939821e+01
1.856498365228621950e+01
1.856336877748722003e+01
1.856243972331628811e+01
1.856239226109468632e+01
1.856324685296879551e+01
1.856480336560186117e+01
1.856669239219513301e+01
1.856851384537355187e+01
1.857000395330045706e+01
1.857114961983898738e+01
1.857218976014029366e+01
1.857349833552424201e+01
1.857540474178722789e+01
1.857804059763350324e+01
1.858128864650536372e+01
1.858485572307563416e+01
1.858842638345097953e+01
1.859181244116294707e+01
1.859501879666130009e+01
1.859819439222821558e+01
1.860150171710238709e+01
1.860498314334590475e+01
1.860850293150502921e+01
1.861180035214377071e+01
1.861462676361664137e+01
1.861689262030121483e+01
1.861874474634662491e+01
1.862053183217489405e+01
1.862267507827620250e+01
1.862550834992651261e+01
1.862916307972762553e+01
1.863354399596940425e+01
1.863839162130948068e+01
1.864338594632284085e+01
1.864823518023407445e+01
1.865271655766651548e+01
1.865667497559703492e+01
1.866001330181044437e+01
1.866270730121881627e+01
1.866484975003199054e+01
1.866669276164608249e+01
1.866864091170915430e+01
1.867116557235782182e+01
1.867465617074754292e+01
1.867927069443382138e+01
1.868486506662633317e+01
1.869105289497611366e+01
1.869738348667907246e+01
1.870355955837408857e+01
1.870958487032974205e+01
1.871575782338810612e+01
1.872250126144892590e+01
1.873010484846366808e+01
1.873850860324620271e+01
1.874724414091705071e+01
1.875557657098812214e+01
1.876279063020584559e+01
1.876849032483673341e+01
1.877277119345936285e+01
1.877618447420776349e+01
1.877951254047098217e+01
1.878346379222471185e+01
1.878842793530186839e+01
1.879439438993273370e+01
1.880104991195632635e+01
1.880798339531180474e+01
1.881488202432699453e+01
1.882162345147826343e+01
1.882823781305484800e+01
1.883478974356264146e+01
1.884127083300755956e+01
1.884757634085123001e+01
1.885357911554707755e+01
1.885924665721722704e+01
1.886471511741710216e+01
1.887025677457726047e+01
1.887614248434703512e+01
1.888246959946912540e+01
1.888905717214042213e+01
1.889548290920850349e+01
1.890126277555969736e+01
1.890609393557589613e+01
1.891003983513980558e+01
1.891355771513894624e+01
1.891734441658054067e+01
1.892206687045150204e+01
1.892810136335140214e+01
1.893540012131557049e+01
1.894353848567299892e+01
1.895190631027834982e+01
1.895994080292621575e+01
1.896728868825526604e+01
1.897383520500665455e+01
1.897961585247578853e+01
1.898468916536193873e+01
1.898906104491337032e+01
1.899270879807092527e+01
1.899568298759359308e+01
1.899820996004362783e+01
1.900071091953119051e+01
1.900369973927977085e+01
1.900759505241254033e+01
1.901253976342436403e+01
1.901832815894001527e+01
1.902449056961631868e+01
1.903050388575240248e+01
1.903602761786054387e+01
1.904104809159078826e+01
1.904585865745898943e+01
1.905088826969630844e+01
1.905646946375160766e+01
1.906266732993525892e+01
1.906925703569509523e+01
1.907585717215870247e+01
1.908214299826529370e+01
1.908802222319352992e+01
1.909367817289274427e+01
1.909945838370192916e+01
1.910567082214261703e+01
1.911239953662621716e+01
1.911944027356750553e+01
1.912639126864943862e+01
1.913285091093008816e+01
1.913861738920112998e+01
1.914378568003099090e+01
1.914869319148431615e+01
1.915374604400468073e+01
1.915921976455446440e+01
1.916513860557950011e+01
1.917129258470082220e+01
1.917737633248270868e+01
1.918316988203978113e+01
1.918866244609251481e+01
1.919405469324626878e+01
1.919964268563386867e+01
1.920564991524465270e+01
1.921209885909176762e+01
1.921878815344928526e+01
1.922538161379394950e+01
1.923155498712034728e+01
1.923711875389121673e+01
1.924205462029921776e+01
1.924645718329213295e+01
1.925042907588648688e+01
1.925400482229398591e+01
1.925715981787443454e+01
1.925990644238502725e+01
1.926242005428746751e+01
1.926510807896088906e+01
1.926855494466498087e+01
1.927333722363049873e+01
1.927977644725818962e+01
1.928774301049151774e+01
1.929661663537725502e+01
1.930544660014384917e+01
1.931326544713692783e+01
1.931943513064269524e+01
1.932388115447366772e+01
1.932711152298398360e+01
1.933000656548437135e+01
1.933346359460243136e+01
1.933804315290968390e+01
1.934376312359366779e+01
1.935012337561799001e+01
1.935634500003073910e+01
1.936171775920163185e+01
1.936590604909486046e+01
1.936908519523719718e+01
1.937185559336812446e+01
1.937497835127174639e+01
1.937905107263481952e+01
1.938426478310150003e+01
1.939034456904217407e+01
1.939669523931570438e+01
1.940268495635754675e+01
1.940794215592727312e+01
1.941253799564605487e+01
1.941697801736037121e+01
1.942200936400245936e+01
1.942832763005194963e+01
1.943630709233139342e+01
1.944586374594245015e+01
1.945650015038749459e+01
1.946750234737676521e+01
1.947819704999155377e+01
1.948815844611293002e+01
1.949728464670686634e+01
1.950572781642113540e+01
1.951372857057319621e+01
1.952144362136469979e+01
1.952884968136365273e+01
1.953576178060828639e+01
1.954194433810476994e+01
1.954724867592320692e+01
1.955170247812216644e+01
1.955550708833364126e+01
1.955894991429152086e+01
1.956228380943903389e+01
1.956563985945945561e+01
1.956901784741875261e+01
1.957235298824589620e+01
1.957561400476372526e+01
1.957887043556348416e+01
1.958228566581964003e+01
1.958603605835961403e+01
1.959020099210983545e+01
1.959468823851571173e+01
1.959924215166529393e+01
1.960353730725574195e+01
1.960731224410496409e+01
1.961047409067657910e+01
1.961311948976790376e+01
1.961546327920584787e+01
1.961771849310867566e+01
1.961999950425967043e+01
1.962230696739595004e+01
1.962460414221229854e+01
1.962693590303607749e+01
1.962950823861485006e+01
1.963265952858318641e+01
1.963671225783444640e+01
1.964176644293364404e+01
1.964754374717992391e+01
1.965338390508316380e+01
1.965843008023026783e+01
1.966194588170897362e+01
1.966363103907895038e+01
1.966378682656731769e+01
1.966323996781618177e+01
1.966304161707624587e+01
1.966406544576303617e+01
1.966668235420124589e+01
1.967065967495337020e+01
1.967533094964986162e+01
1.967995570721572918e+01
1.968409817622015012e+01
1.968784424604122307e+01
1.969175306839171213e+01
1.969656685753110992e+01
1.970281830421165736e+01
1.971052352652699824e+01
1.971910660052510167e+01
1.972759065437379178e+01
1.973496496056763050e+01
1.974055826791157386e+01
1.974425270340404026e+01
1.974645519445939357e+01
1.974786140253241484e+01
1.974914153097515523e+01
1.975070287636553346e+01
1.975263149776787586e+01
1.975481524678960099e+01
1.975715588066440276e+01
1.975973741311051768e+01
1.976285011194561037e+01
1.976685514048209313e+01
1.977196692766169051e+01
1.977807961660396074e+01
1.978474425048303331e+01
1.979132505912349771e+01
1.979726741169507065e+01
1.980234702024702642e+01
1.980677327890623829e+01
1.981108861144312172e+01
1.981590608645069906e+01
1.982160889082280519e+01
1.982815650506586636e+01
1.983509261168645210e+01
1.984175324439543431e+01
1.984757772166977929e+01
1.985237605959542861e+01
1.985642781694071601e+01
1.986036735772306372e+01
1.986491000548979358e+01
1.987054502350417096e+01
1.987733226331400971e+01
1.988488712495625776e+01
1.989255045787092158e+01
1.989965883778790001e+01
1.990579313346150414e+01
1.991090337846280534e+01
1.991527171297176224e+01
1.991934941104537060e+01
1.992355376475749296e+01
1.992811583056818847e+01
1.993303380521251000e+01
1.993813134604164716e+01
1.994317405696012457e+01
1.994798084232416002e+01
1.995248283427665115e+01
1.995671759977171078e+01
1.996077945450456426e+01
1.996476156169654814e+01
1.996871820101123518e+01
1.997265509687598950e+01
1.997653691366539519e+01
1.998029536609933743e+01
1.998383025256633516e+01
1.998701052728839400e+01
1.998969093847617984e+01
1.999175399659532815e+01
1.999316924523013483e+01
1.999404313383706722e+01
1.999462666569534264e+01
1.999526156844683200e+01
1.999627463995678411e+01
1.999785967657094332e+01
2.000000000000000000e+01
