0.000000000000000000e+00
2.500000000000000139e-02
5.000000000000000278e-02
7.500000000000001110e-02
1.000000000000000056e-01
1.250000000000000000e-01
1.500000000000000222e-01
1.750000000000000167e-01
2.000000000000000111e-01
2.250000000000000056e-01
2.500000000000000000e-01
2.750000000000000222e-01
3.000000000000000444e-01
3.250000000000000111e-01
3.500000000000000333e-01
3.750000000000000000e-01
4.000000000000000222e-01
4.250000000000000444e-01
4.500000000000000111e-01
4.750000000000000333e-01
5.000000000000000000e-01
5.250000000000000222e-01
5.500000000000000444e-01
5.750000000000000666e-01
6.000000000000000888e-01
6.250000000000000000e-01
6.500000000000000222e-01
6.750000000000000444e-01
7.000000000000000666e-01
7.250000000000000888e-01
7.500000000000000000e-01
7.750000000000000222e-01
8.000000000000000444e-01
8.250000000000000666e-01
8.500000000000000888e-01
8.750000000000000000e-01
9.000000000000000222e-01
9.250000000000000444e-01
9.500000000000000666e-01
9.750000000000000888e-01
1.000000000000000000e+00
1.025000000000000133e+00
1.050000000000000044e+00
1.074999999999999956e+00
1.100000000000000089e+00
1.125000000000000000e+00
1.150000000000000133e+00
1.175000000000000044e+00
1.200000000000000178e+00
1.225000000000000089e+00
1.250000000000000000e+00
1.275000000000000133e+00
1.300000000000000044e+00
1.325000000000000178e+00
1.350000000000000089e+00
1.375000000000000000e+00
1.400000000000000133e+00
1.425000000000000044e+00
1.450000000000000178e+00
1.475000000000000089e+00
1.500000000000000000e+00
1.525000000000000133e+00
1.550000000000000044e+00
1.575000000000000178e+00
1.600000000000000089e+00
1.625000000000000000e+00
1.650000000000000133e+00
1.675000000000000044e+00
1.700000000000000178e+00
1.725000000000000089e+00
1.750000000000000000e+00
1.775000000000000133e+00
1.800000000000000044e+00
1.825000000000000178e+00
1.850000000000000089e+00
1.875000000000000000e+00
1.900000000000000133e+00
1.925000000000000044e+00
1.950000000000000178e+00
1.975000000000000089e+00
2.000000000000000000e+00
2.024999999999999911e+00
2.050000000000000266e+00
2.075000000000000178e+00
2.100000000000000089e+00
2.125000000000000000e+00
2.149999999999999911e+00
2.175000000000000266e+00
2.200000000000000178e+00
2.225000000000000089e+00
2.250000000000000000e+00
2.274999999999999911e+00
2.300000000000000266e+00
2.325000000000000178e+00
2.350000000000000089e+00
2.375000000000000000e+00
2.400000000000000355e+00
2.425000000000000266e+00
2.450000000000000178e+00
2.475000000000000089e+00
2.500000000000000000e+00
2.525000000000000355e+00
2.550000000000000266e+00
2.575000000000000178e+00
2.600000000000000089e+00
2.625000000000000000e+00
2.650000000000000355e+00
2.675000000000000266e+00
2.700000000000000178e+00
2.725000000000000089e+00
2.750000000000000000e+00
2.775000000000000355e+00
2.800000000000000266e+00
2.825000000000000178e+00
2.850000000000000089e+00
2.875000000000000000e+00
2.900000000000000355e+00
2.925000000000000266e+00
2.950000000000000178e+00
2.975000000000000089e+00
3.000000000000000000e+00
3.025000000000000355e+00
3.050000000000000266e+00
3.075000000000000178e+00
3.100000000000000089e+00
3.125000000000000000e+00
3.150000000000000355e+00
3.175000000000000266e+00
3.200000000000000178e+00
3.225000000000000089e+00
3.250000000000000000e+00
3.275000000000000355e+00
3.300000000000000266e+00
3.325000000000000178e+00
3.350000000000000089e+00
3.375000000000000000e+00
3.400000000000000355e+00
3.425000000000000266e+00
3.450000000000000178e+00
3.475000000000000089e+00
3.500000000000000000e+00
3.525000000000000355e+00
3.550000000000000266e+00
3.575000000000000178e+00
3.600000000000000089e+00
3.625000000000000000e+00
3.650000000000000355e+00
3.675000000000000266e+00
3.700000000000000178e+00
3.725000000000000089e+00
3.750000000000000000e+00
3.775000000000000355e+00
3.800000000000000266e+00
3.825000000000000178e+00
3.850000000000000089e+00
3.875000000000000000e+00
3.900000000000000355e+00
3.925000000000000266e+00
3.950000000000000178e+00
3.975000000000000089e+00
4.000000000000000000e+00
4.025000000000000355e+00
4.049999999999999822e+00
4.075000000000000178e+00
4.100000000000000533e+00
4.125000000000000000e+00
4.150000000000000355e+00
4.174999999999999822e+00
4.200000000000000178e+00
4.225000000000000533e+00
4.250000000000000000e+00
4.275000000000000355e+00
4.299999999999999822e+00
4.325000000000000178e+00
4.350000000000000533e+00
4.375000000000000000e+00
4.400000000000000355e+00
4.424999999999999822e+00
4.450000000000000178e+00
4.475000000000000533e+00
4.500000000000000000e+00
4.525000000000000355e+00
4.549999999999999822e+00
4.575000000000000178e+00
4.600000000000000533e+00
4.625000000000000000e+00
4.650000000000000355e+00
4.674999999999999822e+00
4.700000000000000178e+00
4.725000000000000533e+00
4.750000000000000000e+00
4.775000000000000355e+00
4.800000000000000711e+00
4.825000000000000178e+00
4.850000000000000533e+00
4.875000000000000000e+00
4.900000000000000355e+00
4.925000000000000711e+00
4.950000000000000178e+00
4.975000000000000533e+00
5.000000000000000000e+00
5.025000000000000355e+00
5.050000000000000711e+00
5.075000000000000178e+00
5.100000000000000533e+00
5.125000000000000000e+00
5.150000000000000355e+00
5.175000000000000711e+00
5.200000000000000178e+00
5.225000000000000533e+00
5.250000000000000000e+00
5.275000000000000355e+00
5.300000000000000711e+00
5.325000000000000178e+00
5.350000000000000533e+00
5.375000000000000000e+00
5.400000000000000355e+00
5.425000000000000711e+00
5.450000000000000178e+00
5.475000000000000533e+00
5.500000000000000000e+00
5.525000000000000355e+00
5.550000000000000711e+00
5.575000000000000178e+00
5.600000000000000533e+00
5.625000000000000000e+00
5.650000000000000355e+00
5.675000000000000711e+00
5.700000000000000178e+00
5.725000000000000533e+00
5.750000000000000000e+00
5.775000000000000355e+00
5.800000000000000711e+00
5.825000000000000178e+00
5.850000000000000533e+00
5.875000000000000000e+00
5.900000000000000355e+00
5.925000000000000711e+00
5.950000000000000178e+00
5.975000000000000533e+00
6.000000000000000000e+00
6.025000000000000355e+00
6.050000000000000711e+00
6.075000000000000178e+00
6.100000000000000533e+00
6.125000000000000000e+00
6.150000000000000355e+00
6.175000000000000711e+00
6.200000000000000178e+00
6.225000000000000533e+00
6.250000000000000000e+00
6.275000000000000355e+00
6.300000000000000711e+00
6.325000000000000178e+00
6.350000000000000533e+00
6.375000000000000000e+00
6.400000000000000355e+00
6.425000000000000711e+00
6.450000000000000178e+00
6.475000000000000533e+00
6.500000000000000000e+00
6.525000000000000355e+00
6.550000000000000711e+00
6.575000000000000178e+00
6.600000000000000533e+00
6.625000000000000000e+00
6.650000000000000355e+00
6.675000000000000711e+00
6.700000000000000178e+00
6.725000000000000533e+00
6.750000000000000000e+00
6.775000000000000355e+00
6.800000000000000711e+00
6.825000000000000178e+00
6.850000000000000533e+00
6.875000000000000000e+00
6.900000000000000355e+00
6.925000000000000711e+00
6.950000000000000178e+00
6.975000000000000533e+00
7.000000000000000000e+00
7.025000000000000355e+00
7.050000000000000711e+00
7.075000000000000178e+00
7.100000000000000533e+00
7.125000000000000000e+00
7.150000000000000355e+00
7.175000000000000711e+00
7.200000000000000178e+00
7.225000000000000533e+00
7.250000000000000000e+00
7.275000000000000355e+00
7.300000000000000711e+00
7.325000000000000178e+00
7.350000000000000533e+00
7.375000000000000000e+00
7.400000000000000355e+00
7.425000000000000711e+00
7.450000000000000178e+00
7.475000000000000533e+00
7.500000000000000000e+00
7.525000000000000355e+00
7.550000000000000711e+00
7.575000000000000178e+00
7.600000000000000533e+00
7.625000000000000000e+00
7.650000000000000355e+00
7.675000000000000711e+00
7.700000000000000178e+00
7.725000000000000533e+00
7.750000000000000000e+00
7.775000000000000355e+00
7.800000000000000711e+00
7.825000000000000178e+00
7.850000000000000533e+00
7.875000000000000000e+00
7.900000000000000355e+00
7.925000000000000711e+00
7.950000000000000178e+00
7.975000000000000533e+00
8.000000000000000000e+00
8.025000000000000355e+00
8.050000000000000711e+00
8.075000000000001066e+00
8.099999999999999645e+00
8.125000000000000000e+00
8.150000000000000355e+00
8.175000000000000711e+00
8.200000000000001066e+00
8.224999999999999645e+00
8.250000000000000000e+00
8.275000000000000355e+00
8.300000000000000711e+00
8.325000000000001066e+00
8.349999999999999645e+00
8.375000000000000000e+00
8.400000000000000355e+00
8.425000000000000711e+00
8.450000000000001066e+00
8.474999999999999645e+00
8.500000000000000000e+00
8.525000000000000355e+00
8.550000000000000711e+00
8.575000000000001066e+00
8.599999999999999645e+00
8.625000000000000000e+00
8.650000000000000355e+00
8.675000000000000711e+00
8.700000000000001066e+00
8.724999999999999645e+00
8.750000000000000000e+00
8.775000000000000355e+00
8.800000000000000711e+00
8.825000000000001066e+00
8.849999999999999645e+00
8.875000000000000000e+00
8.900000000000000355e+00
8.925000000000000711e+00
8.950000000000001066e+00
8.974999999999999645e+00
9.000000000000000000e+00
9.025000000000000355e+00
9.050000000000000711e+00
9.075000000000001066e+00
9.099999999999999645e+00
9.125000000000000000e+00
9.150000000000000355e+00
9.175000000000000711e+00
9.200000000000001066e+00
9.224999999999999645e+00
9.250000000000000000e+00
9.275000000000000355e+00
9.300000000000000711e+00
9.325000000000001066e+00
9.349999999999999645e+00
9.375000000000000000e+00
9.400000000000000355e+00
9.425000000000000711e+00
9.450000000000001066e+00
9.474999999999999645e+00
9.500000000000000000e+00
9.525000000000000355e+00
9.550000000000000711e+00
9.575000000000001066e+00
9.600000000000001421e+00
9.625000000000000000e+00
9.650000000000000355e+00
9.675000000000000711e+00
9.700000000000001066e+00
9.725000000000001421e+00
9.750000000000000000e+00
9.775000000000000355e+00
9.800000000000000711e+00
9.825000000000001066e+00
9.850000000000001421e+00
9.875000000000000000e+00
9.900000000000000355e+00
9.925000000000000711e+00
9.950000000000001066e+00
9.975000000000001421e+00
1.000000000000000000e+01
1.002500000000000036e+01
1.005000000000000071e+01
1.007500000000000107e+01
1.010000000000000142e+01
1.012500000000000000e+01
1.015000000000000036e+01
1.017500000000000071e+01
1.020000000000000107e+01
1.022500000000000142e+01
1.025000000000000000e+01
1.027500000000000036e+01
1.030000000000000071e+01
1.032500000000000107e+01
1.035000000000000142e+01
1.037500000000000000e+01
1.040000000000000036e+01
1.042500000000000071e+01
1.045000000000000107e+01
1.047500000000000142e+01
1.050000000000000000e+01
1.052500000000000036e+01
1.055000000000000071e+01
1.057500000000000107e+01
1.060000000000000142e+01
1.062500000000000000e+01
1.065000000000000036e+01
1.067500000000000071e+01
1.070000000000000107e+01
1.072500000000000142e+01
1.075000000000000000e+01
1.077500000000000036e+01
1.080000000000000071e+01
1.082500000000000107e+01
1.085000000000000142e+01
1.087500000000000000e+01
1.090000000000000036e+01
1.092500000000000071e+01
1.095000000000000107e+01
1.097500000000000142e+01
1.100000000000000000e+01
1.102500000000000036e+01
1.105000000000000071e+01
1.107500000000000107e+01
1.110000000000000142e+01
1.112500000000000000e+01
1.115000000000000036e+01
1.117500000000000071e+01
1.120000000000000107e+01
1.122500000000000142e+01
1.125000000000000000e+01
1.127500000000000036e+01
1.130000000000000071e+01
1.132500000000000107e+01
1.135000000000000142e+01
1.137500000000000000e+01
1.140000000000000036e+01
1.142500000000000071e+01
1.145000000000000107e+01
1.147500000000000142e+01
1.150000000000000000e+01
1.152500000000000036e+01
1.155000000000000071e+01
1.157500000000000107e+01
1.160000000000000142e+01
1.162500000000000000e+01
1.165000000000000036e+01
1.167500000000000071e+01
1.170000000000000107e+01
1.172500000000000142e+01
1.175000000000000000e+01
1.177500000000000036e+01
1.180000000000000071e+01
1.182500000000000107e+01
1.185000000000000142e+01
1.187500000000000000e+01
1.190000000000000036e+01
1.192500000000000071e+01
1.195000000000000107e+01
1.197500000000000142e+01
1.200000000000000000e+01
1.202500000000000036e+01
1.205000000000000071e+01
1.207500000000000107e+01
1.210000000000000142e+01
1.212500000000000000e+01
1.215000000000000036e+01
1.217500000000000071e+01
1.220000000000000107e+01
1.222500000000000142e+01
1.225000000000000000e+01
1.227500000000000036e+01
1.230000000000000071e+01
1.232500000000000107e+01
1.235000000000000142e+01
1.237500000000000000e+01
1.240000000000000036e+01
1.242500000000000071e+01
1.245000000000000107e+01
1.247500000000000142e+01
1.250000000000000000e+01
1.252500000000000036e+01
1.255000000000000071e+01
1.257500000000000107e+01
1.260000000000000142e+01
1.262500000000000000e+01
1.265000000000000036e+01
1.267500000000000071e+01
1.270000000000000107e+01
1.272500000000000142e+01
1.275000000000000000e+01
1.277500000000000036e+01
1.280000000000000071e+01
1.282500000000000107e+01
1.285000000000000142e+01
1.287500000000000000e+01
1.290000000000000036e+01
1.292500000000000071e+01
1.295000000000000107e+01
1.297500000000000142e+01
1.300000000000000000e+01
1.302500000000000036e+01
1.305000000000000071e+01
1.307500000000000107e+01
1.310000000000000142e+01
1.312500000000000000e+01
1.315000000000000036e+01
1.317500000000000071e+01
1.320000000000000107e+01
1.322500000000000142e+01
1.325000000000000000e+01
1.327500000000000036e+01
1.330000000000000071e+01
1.332500000000000107e+01
1.335000000000000142e+01
1.337500000000000000e+01
1.340000000000000036e+01
1.342500000000000071e+01
1.345000000000000107e+01
1.347500000000000142e+01
1.350000000000000000e+01
1.352500000000000036e+01
1.355000000000000071e+01
1.357500000000000107e+01
1.360000000000000142e+01
1.362500000000000000e+01
1.365000000000000036e+01
1.367500000000000071e+01
1.370000000000000107e+01
1.372500000000000142e+01
1.375000000000000000e+01
1.377500000000000036e+01
1.380000000000000071e+01
1.382500000000000107e+01
1.385000000000000142e+01
1.387500000000000000e+01
1.390000000000000036e+01
1.392500000000000071e+01
1.395000000000000107e+01
1.397500000000000142e+01
1.400000000000000000e+01
1.402500000000000036e+01
1.405000000000000071e+01
1.407500000000000107e+01
1.410000000000000142e+01
1.412500000000000000e+01
1.415000000000000036e+01
1.417500000000000071e+01
1.420000000000000107e+01
1.422500000000000142e+01
1.425000000000000000e+01
1.427500000000000036e+01
1.430000000000000071e+01
1.432500000000000107e+01
1.435000000000000142e+01
1.437500000000000000e+01
1.440000000000000036e+01
1.442500000000000071e+01
1.445000000000000107e+01
1.447500000000000142e+01
1.450000000000000000e+01
1.452500000000000036e+01
1.455000000000000071e+01
1.457500000000000107e+01
1.460000000000000142e+01
1.462500000000000000e+01
1.465000000000000036e+01
1.467500000000000071e+01
1.470000000000000107e+01
1.472500000000000142e+01
1.475000000000000000e+01
1.477500000000000036e+01
1.480000000000000071e+01
1.482500000000000107e+01
1.485000000000000142e+01
1.487500000000000000e+01
1.490000000000000036e+01
1.492500000000000071e+01
1.495000000000000107e+01
1.497500000000000142e+01
1.500000000000000000e+01
1.502500000000000036e+01
1.505000000000000071e+01
1.507500000000000107e+01
1.510000000000000142e+01
1.512500000000000000e+01
1.515000000000000036e+01
1.517500000000000071e+01
1.520000000000000107e+01
1.522500000000000142e+01
1.525000000000000000e+01
1.527500000000000036e+01
1.530000000000000071e+01
1.532500000000000107e+01
1.535000000000000142e+01
1.537500000000000000e+01
1.540000000000000036e+01
1.542500000000000071e+01
1.545000000000000107e+01
1.547500000000000142e+01
1.550000000000000000e+01
1.552500000000000036e+01
1.555000000000000071e+01
1.557500000000000107e+01
1.560000000000000142e+01
1.562500000000000000e+01
1.565000000000000036e+01
1.567500000000000071e+01
1.570000000000000107e+01
1.572500000000000142e+01
1.575000000000000000e+01
1.577500000000000036e+01
1.580000000000000071e+01
1.582500000000000107e+01
1.585000000000000142e+01
1.587500000000000000e+01
1.590000000000000036e+01
1.592500000000000071e+01
1.595000000000000107e+01
1.597500000000000142e+01
1.600000000000000000e+01
1.602500000000000213e+01
1.605000000000000071e+01
1.607499999999999929e+01
1.610000000000000142e+01
1.612500000000000000e+01
1.615000000000000213e+01
1.617500000000000071e+01
1.619999999999999929e+01
1.622500000000000142e+01
1.625000000000000000e+01
1.627500000000000213e+01
1.630000000000000071e+01
1.632499999999999929e+01
1.635000000000000142e+01
1.637500000000000000e+01
1.640000000000000213e+01
1.642500000000000071e+01
1.644999999999999929e+01
1.647500000000000142e+01
1.650000000000000000e+01
1.652500000000000213e+01
1.655000000000000071e+01
1.657499999999999929e+01
1.660000000000000142e+01
1.662500000000000000e+01
1.665000000000000213e+01
1.667500000000000071e+01
1.669999999999999929e+01
1.672500000000000142e+01
1.675000000000000000e+01
1.677500000000000213e+01
1.680000000000000071e+01
1.682499999999999929e+01
1.685000000000000142e+01
1.687500000000000000e+01
1.690000000000000213e+01
1.692500000000000071e+01
1.694999999999999929e+01
1.697500000000000142e+01
1.700000000000000000e+01
1.702500000000000213e+01
1.705000000000000071e+01
1.707499999999999929e+01
1.710000000000000142e+01
1.712500000000000000e+01
1.715000000000000213e+01
1.717500000000000071e+01
1.719999999999999929e+01
1.722500000000000142e+01
1.725000000000000000e+01
1.727500000000000213e+01
1.730000000000000071e+01
1.732499999999999929e+01
1.735000000000000142e+01
1.737500000000000000e+01
1.740000000000000213e+01
1.742500000000000071e+01
1.744999999999999929e+01
1.747500000000000142e+01
1.750000000000000000e+01
1.752500000000000213e+01
1.755000000000000071e+01
1.757499999999999929e+01
1.760000000000000142e+01
1.762500000000000000e+01
1.765000000000000213e+01
1.767500000000000071e+01
1.769999999999999929e+01
1.772500000000000142e+01
1.775000000000000000e+01
1.777500000000000213e+01
1.780000000000000071e+01
1.782499999999999929e+01
1.785000000000000142e+01
1.787500000000000000e+01
1.790000000000000213e+01
1.792500000000000071e+01
1.794999999999999929e+01
1.797500000000000142e+01
1.800000000000000000e+01
1.802500000000000213e+01
1.805000000000000071e+01
1.807499999999999929e+01
1.810000000000000142e+01
1.812500000000000000e+01
1.815000000000000213e+01
1.817500000000000071e+01
1.819999999999999929e+01
1.822500000000000142e+01
1.825000000000000000e+01
1.827500000000000213e+01
1.830000000000000071e+01
1.832499999999999929e+01
1.835000000000000142e+01
1.837500000000000000e+01
1.840000000000000213e+01
1.842500000000000071e+01
1.844999999999999929e+01
1.847500000000000142e+01
1.850000000000000000e+01
1.852500000000000213e+01
1.855000000000000071e+01
1.857499999999999929e+01
1.860000000000000142e+01
1.862500000000000000e+01
1.865000000000000213e+01
1.867500000000000071e+01
1.869999999999999929e+01
1.872500000000000142e+01
1.875000000000000000e+01
1.877500000000000213e+01
1.880000000000000071e+01
1.882499999999999929e+01
1.885000000000000142e+01
1.887500000000000000e+01
1.890000000000000213e+01
1.892500000000000071e+01
1.894999999999999929e+01
1.897500000000000142e+01
1.900000000000000000e+01
1.902500000000000213e+01
1.905000000000000071e+01
1.907499999999999929e+01
1.910000000000000142e+01
1.912500000000000000e+01
1.915000000000000213e+01
1.917500000000000071e+01
1.920000000000000284e+01
1.922500000000000142e+01
1.925000000000000000e+01
1.927500000000000213e+01
1.930000000000000071e+01
1.932500000000000284e+01
1.935000000000000142e+01
1.937500000000000000e+01
1.940000000000000213e+01
1.942500000000000071e+01
1.945000000000000284e+01
1.947500000000000142e+01
1.950000000000000000e+01
1.952500000000000213e+01
1.955000000000000071e+01
1.957500000000000284e+01
1.960000000000000142e+01
1.962500000000000000e+01
1.965000000000000213e+01
1.967500000000000071e+01
1.970000000000000284e+01
1.972500000000000142e+01
1.975000000000000000e+01
1.977500000000000213e+01
1.980000000000000071e+01
1.982500000000000284e+01
1.985000000000000142e+01
1.987500000000000000e+01
1.990000000000000213e+01
1.992500000000000071e+01
1.995000000000000284e+01
1.997500000000000142e+01
2.000000000000000000e+01
2.002500000000000213e+01
2.005000000000000071e+01
2.007500000000000284e+01
2.010000000000000142e+01
2.012500000000000000e+01
2.015000000000000213e+01
2.017500000000000071e+01
2.020000000000000284e+01
2.022500000000000142e+01
2.025000000000000000e+01
2.027500000000000213e+01
2.030000000000000071e+01
2.032500000000000284e+01
2.035000000000000142e+01
2.037500000000000000e+01
2.040000000000000213e+01
2.042500000000000071e+01
2.045000000000000284e+01
2.047500000000000142e+01
2.050000000000000000e+01
2.052500000000000213e+01
2.055000000000000071e+01
2.057500000000000284e+01
2.060000000000000142e+01
2.062500000000000000e+01
2.065000000000000213e+01
2.067500000000000071e+01
2.070000000000000284e+01
2.072500000000000142e+01
2.075000000000000000e+01
2.077500000000000213e+01
2.080000000000000071e+01
2.082500000000000284e+01
2.085000000000000142e+01
2.087500000000000000e+01
2.090000000000000213e+01
2.092500000000000071e+01
2.095000000000000284e+01
2.097500000000000142e+01
2.100000000000000000e+01
2.102500000000000213e+01
2.105000000000000071e+01
2.107500000000000284e+01
2.110000000000000142e+01
2.112500000000000000e+01
2.115000000000000213e+01
2.117500000000000071e+01
2.120000000000000284e+01
2.122500000000000142e+01
2.125000000000000000e+01
2.127500000000000213e+01
2.130000000000000071e+01
2.132500000000000284e+01
2.135000000000000142e+01
2.137500000000000000e+01
2.140000000000000213e+01
2.142500000000000071e+01
2.145000000000000284e+01
2.147500000000000142e+01
2.150000000000000000e+01
2.152500000000000213e+01
2.155000000000000071e+01
2.157500000000000284e+01
2.160000000000000142e+01
2.162500000000000000e+01
2.165000000000000213e+01
2.167500000000000071e+01
2.170000000000000284e+01
2.172500000000000142e+01
2.175000000000000000e+01
2.177500000000000213e+01
2.180000000000000071e+01
2.182500000000000284e+01
2.185000000000000142e+01
2.187500000000000000e+01
2.190000000000000213e+01
2.192500000000000071e+01
2.195000000000000284e+01
2.197500000000000142e+01
2.200000000000000000e+01
2.202500000000000213e+01
2.205000000000000071e+01
2.207500000000000284e+01
2.210000000000000142e+01
2.212500000000000000e+01
2.215000000000000213e+01
2.217500000000000071e+01
2.220000000000000284e+01
2.222500000000000142e+01
2.225000000000000000e+01
2.227500000000000213e+01
2.230000000000000071e+01
2.232500000000000284e+01
2.235000000000000142e+01
2.237500000000000000e+01
2.240000000000000213e+01
2.242500000000000071e+01
2.245000000000000284e+01
2.247500000000000142e+01
2.250000000000000000e+01
2.252500000000000213e+01
2.255000000000000071e+01
2.257500000000000284e+01
2.260000000000000142e+01
2.262500000000000000e+01
2.265000000000000213e+01
2.267500000000000071e+01
2.270000000000000284e+01
2.272500000000000142e+01
2.275000000000000000e+01
2.277500000000000213e+01
2.280000000000000071e+01
2.282500000000000284e+01
2.285000000000000142e+01
2.287500000000000000e+01
2.290000000000000213e+01
2.292500000000000071e+01
2.295000000000000284e+01
2.297500000000000142e+01
2.300000000000000000e+01
2.302500000000000213e+01
2.305000000000000071e+01
2.307500000000000284e+01
2.310000000000000142e+01
2.312500000000000000e+01
2.315000000000000213e+01
2.317500000000000071e+01
2.320000000000000284e+01
2.322500000000000142e+01
2.325000000000000000e+01
2.327500000000000213e+01
2.330000000000000071e+01
2.332500000000000284e+01
2.335000000000000142e+01
2.337500000000000000e+01
2.340000000000000213e+01
2.342500000000000071e+01
2.345000000000000284e+01
2.347500000000000142e+01
2.350000000000000000e+01
2.352500000000000213e+01
2.355000000000000071e+01
2.357500000000000284e+01
2.360000000000000142e+01
2.362500000000000000e+01
2.365000000000000213e+01
2.367500000000000071e+01
2.370000000000000284e+01
2.372500000000000142e+01
2.375000000000000000e+01
2.377500000000000213e+01
2.380000000000000071e+01
2.382500000000000284e+01
2.385000000000000142e+01
2.387500000000000000e+01
2.390000000000000213e+01
2.392500000000000071e+01
2.395000000000000284e+01
2.397500000000000142e+01
2.400000000000000000e+01
2.402500000000000213e+01
2.405000000000000071e+01
2.407500000000000284e+01
2.410000000000000142e+01
2.412500000000000000e+01
2.415000000000000213e+01
2.417500000000000071e+01
2.420000000000000284e+01
2.422500000000000142e+01
2.425000000000000000e+01
2.427500000000000213e+01
2.430000000000000071e+01
2.432500000000000284e+01
2.435000000000000142e+01
2.437500000000000000e+01
2.440000000000000213e+01
2.442500000000000071e+01
2.445000000000000284e+01
2.447500000000000142e+01
2.450000000000000000e+01
2.452500000000000213e+01
2.455000000000000071e+01
2.457500000000000284e+01
2.460000000000000142e+01
2.462500000000000000e+01
2.465000000000000213e+01
2.467500000000000071e+01
2.470000000000000284e+01
2.472500000000000142e+01
2.475000000000000000e+01
2.477500000000000213e+01
2.480000000000000071e+01
2.482500000000000284e+01
2.485000000000000142e+01
2.487500000000000000e+01
2.490000000000000213e+01
2.492500000000000071e+01
2.495000000000000284e+01
2.497500000000000142e+01
2.500000000000000000e+01
2.502500000000000213e+01
2.505000000000000071e+01
2.507500000000000284e+01
2.510000000000000142e+01
2.512500000000000000e+01
2.515000000000000213e+01
2.517500000000000071e+01
2.520000000000000284e+01
2.522500000000000142e+01
2.525000000000000000e+01
2.527500000000000213e+01
2.530000000000000071e+01
2.532500000000000284e+01
2.535000000000000142e+01
2.537500000000000000e+01
2.540000000000000213e+01
2.542500000000000071e+01
2.545000000000000284e+01
2.547500000000000142e+01
2.550000000000000000e+01
2.552500000000000213e+01
2.555000000000000071e+01
2.557500000000000284e+01
2.560000000000000142e+01
2.562500000000000000e+01
2.565000000000000213e+01
2.567500000000000071e+01
2.570000000000000284e+01
2.572500000000000142e+01
2.575000000000000000e+01
2.577500000000000213e+01
2.580000000000000071e+01
2.582500000000000284e+01
2.585000000000000142e+01
2.587500000000000000e+01
2.590000000000000213e+01
2.592500000000000071e+01
2.595000000000000284e+01
2.597500000000000142e+01
2.600000000000000000e+01
2.602500000000000213e+01
2.605000000000000071e+01
2.607500000000000284e+01
2.610000000000000142e+01
2.612500000000000000e+01
2.615000000000000213e+01
2.617500000000000071e+01
2.620000000000000284e+01
2.622500000000000142e+01
2.625000000000000000e+01
2.627500000000000213e+01
2.630000000000000071e+01
2.632500000000000284e+01
2.635000000000000142e+01
2.637500000000000000e+01
2.640000000000000213e+01
2.642500000000000071e+01
2.645000000000000284e+01
2.647500000000000142e+01
2.650000000000000000e+01
2.652500000000000213e+01
2.655000000000000071e+01
2.657500000000000284e+01
2.660000000000000142e+01
2.662500000000000000e+01
2.665000000000000213e+01
2.667500000000000071e+01
2.670000000000000284e+01
2.672500000000000142e+01
2.675000000000000000e+01
2.677500000000000213e+01
2.680000000000000071e+01
2.682500000000000284e+01
2.685000000000000142e+01
2.687500000000000000e+01
2.690000000000000213e+01
2.692500000000000071e+01
2.695000000000000284e+01
2.697500000000000142e+01
2.700000000000000000e+01
2.702500000000000213e+01
2.705000000000000071e+01
2.707500000000000284e+01
2.710000000000000142e+01
2.712500000000000000e+01
2.715000000000000213e+01
2.717500000000000071e+01
2.720000000000000284e+01
2.722500000000000142e+01
2.725000000000000000e+01
2.727500000000000213e+01
2.730000000000000071e+01
2.732500000000000284e+01
2.735000000000000142e+01
2.737500000000000000e+01
2.740000000000000213e+01
2.742500000000000071e+01
2.745000000000000284e+01
2.747500000000000142e+01
2.750000000000000000e+01
2.752500000000000213e+01
2.755000000000000071e+01
2.757500000000000284e+01
2.760000000000000142e+01
2.762500000000000000e+01
2.765000000000000213e+01
2.767500000000000071e+01
2.770000000000000284e+01
2.772500000000000142e+01
2.775000000000000000e+01
2.777500000000000213e+01
2.780000000000000071e+01
2.782500000000000284e+01
2.785000000000000142e+01
2.787500000000000000e+01
2.790000000000000213e+01
2.792500000000000071e+01
2.795000000000000284e+01
2.797500000000000142e+01
2.800000000000000000e+01
2.802500000000000213e+01
2.805000000000000071e+01
2.807500000000000284e+01
2.810000000000000142e+01
2.812500000000000000e+01
2.815000000000000213e+01
2.817500000000000071e+01
2.820000000000000284e+01
2.822500000000000142e+01
2.825000000000000000e+01
2.827500000000000213e+01
2.830000000000000071e+01
2.832500000000000284e+01
2.835000000000000142e+01
2.837500000000000000e+01
2.840000000000000213e+01
2.842500000000000071e+01
2.845000000000000284e+01
2.847500000000000142e+01
2.850000000000000000e+01
2.852500000000000213e+01
2.855000000000000071e+01
2.857500000000000284e+01
2.860000000000000142e+01
2.862500000000000000e+01
2.865000000000000213e+01
2.867500000000000071e+01
2.870000000000000284e+01
2.872500000000000142e+01
2.875000000000000000e+01
2.877500000000000213e+01
2.880000000000000071e+01
2.882500000000000284e+01
2.885000000000000142e+01
2.887500000000000000e+01
2.890000000000000213e+01
2.892500000000000071e+01
2.895000000000000284e+01
2.897500000000000142e+01
2.900000000000000000e+01
2.902500000000000213e+01
2.905000000000000071e+01
2.907500000000000284e+01
2.910000000000000142e+01
2.912500000000000000e+01
2.915000000000000213e+01
2.917500000000000071e+01
2.920000000000000284e+01
2.922500000000000142e+01
2.925000000000000000e+01
2.927500000000000213e+01
2.930000000000000071e+01
2.932500000000000284e+01
2.935000000000000142e+01
2.937500000000000000e+01
2.940000000000000213e+01
2.942500000000000071e+01
2.945000000000000284e+01
2.947500000000000142e+01
2.950000000000000000e+01
2.952500000000000213e+01
2.955000000000000071e+01
2.957500000000000284e+01
2.960000000000000142e+01
2.962500000000000000e+01
2.965000000000000213e+01
2.967500000000000071e+01
2.970000000000000284e+01
2.972500000000000142e+01
2.975000000000000000e+01
2.977500000000000213e+01
2.980000000000000071e+01
2.982500000000000284e+01
2.985000000000000142e+01
2.987500000000000000e+01
2.990000000000000213e+01
2.992500000000000071e+01
2.995000000000000284e+01
2.997500000000000142e+01
3.000000000000000000e+01
3.002500000000000213e+01
3.005000000000000071e+01
3.007500000000000284e+01
3.010000000000000142e+01
3.012500000000000000e+01
3.015000000000000213e+01
3.017500000000000071e+01
3.020000000000000284e+01
3.022500000000000142e+01
3.025000000000000000e+01
3.027500000000000213e+01
3.030000000000000071e+01
3.032500000000000284e+01
3.035000000000000142e+01
3.037500000000000000e+01
3.040000000000000213e+01
3.042500000000000071e+01
3.045000000000000284e+01
3.047500000000000142e+01
3.050000000000000000e+01
3.052500000000000213e+01
3.055000000000000071e+01
3.057500000000000284e+01
3.060000000000000142e+01
3.062500000000000000e+01
3.065000000000000213e+01
3.067500000000000071e+01
3.070000000000000284e+01
3.072500000000000142e+01
3.075000000000000000e+01
3.077500000000000213e+01
3.080000000000000071e+01
3.082500000000000284e+01
3.085000000000000142e+01
3.087500000000000000e+01
3.090000000000000213e+01
3.092500000000000071e+01
3.095000000000000284e+01
3.097500000000000142e+01
3.100000000000000000e+01
3.102500000000000213e+01
3.105000000000000071e+01
3.107500000000000284e+01
3.110000000000000142e+01
3.112500000000000000e+01
3.115000000000000213e+01
3.117500000000000071e+01
3.120000000000000284e+01
3.122500000000000142e+01
3.125000000000000000e+01
3.127500000000000213e+01
3.130000000000000071e+01
3.132500000000000284e+01
3.135000000000000142e+01
3.137500000000000000e+01
3.140000000000000213e+01
3.142500000000000071e+01
3.145000000000000284e+01
3.147500000000000142e+01
3.150000000000000000e+01
3.152500000000000213e+01
3.155000000000000071e+01
3.157500000000000284e+01
3.160000000000000142e+01
3.162500000000000000e+01
3.165000000000000213e+01
3.167500000000000071e+01
3.170000000000000284e+01
3.172500000000000142e+01
3.175000000000000000e+01
3.177500000000000213e+01
3.180000000000000071e+01
3.182500000000000284e+01
3.185000000000000142e+01
3.187500000000000000e+01
3.190000000000000213e+01
3.192500000000000071e+01
3.195000000000000284e+01
3.197500000000000142e+01
3.200000000000000000e+01
3.202499999999999858e+01
3.205000000000000426e+01
3.207500000000000284e+01
3.210000000000000142e+01
3.212500000000000000e+01
3.214999999999999858e+01
3.217500000000000426e+01
3.220000000000000284e+01
3.222500000000000142e+01
3.225000000000000000e+01
3.227499999999999858e+01
3.230000000000000426e+01
3.232500000000000284e+01
3.235000000000000142e+01
3.237500000000000000e+01
3.239999999999999858e+01
3.242500000000000426e+01
3.245000000000000284e+01
3.247500000000000142e+01
3.250000000000000000e+01
3.252499999999999858e+01
3.255000000000000426e+01
3.257500000000000284e+01
3.260000000000000142e+01
3.262500000000000000e+01
3.264999999999999858e+01
3.267500000000000426e+01
3.270000000000000284e+01
3.272500000000000142e+01
3.275000000000000000e+01
3.277499999999999858e+01
3.280000000000000426e+01
3.282500000000000284e+01
3.285000000000000142e+01
3.287500000000000000e+01
3.289999999999999858e+01
3.292500000000000426e+01
3.295000000000000284e+01
3.297500000000000142e+01
3.300000000000000000e+01
3.302499999999999858e+01
3.305000000000000426e+01
3.307500000000000284e+01
3.310000000000000142e+01
3.312500000000000000e+01
3.314999999999999858e+01
3.317500000000000426e+01
3.320000000000000284e+01
3.322500000000000142e+01
3.325000000000000000e+01
3.327499999999999858e+01
3.330000000000000426e+01
3.332500000000000284e+01
3.335000000000000142e+01
3.337500000000000000e+01
3.339999999999999858e+01
3.342500000000000426e+01
3.345000000000000284e+01
3.347500000000000142e+01
3.350000000000000000e+01
3.352499999999999858e+01
3.355000000000000426e+01
3.357500000000000284e+01
3.360000000000000142e+01
3.362500000000000000e+01
3.364999999999999858e+01
3.367500000000000426e+01
3.370000000000000284e+01
3.372500000000000142e+01
3.375000000000000000e+01
3.377499999999999858e+01
3.380000000000000426e+01
3.382500000000000284e+01
3.385000000000000142e+01
3.387500000000000000e+01
3.389999999999999858e+01
3.392500000000000426e+01
3.395000000000000284e+01
3.397500000000000142e+01
3.400000000000000000e+01
3.402499999999999858e+01
3.405000000000000426e+01
3.407500000000000284e+01
3.410000000000000142e+01
3.412500000000000000e+01
3.414999999999999858e+01
3.417500000000000426e+01
3.420000000000000284e+01
3.422500000000000142e+01
3.425000000000000000e+01
3.427499999999999858e+01
3.430000000000000426e+01
3.432500000000000284e+01
3.435000000000000142e+01
3.437500000000000000e+01
3.439999999999999858e+01
3.442500000000000426e+01
3.445000000000000284e+01
3.447500000000000142e+01
3.450000000000000000e+01
3.452499999999999858e+01
3.455000000000000426e+01
3.457500000000000284e+01
3.460000000000000142e+01
3.462500000000000000e+01
3.464999999999999858e+01
3.467500000000000426e+01
3.470000000000000284e+01
3.472500000000000142e+01
3.475000000000000000e+01
3.477499999999999858e+01
3.480000000000000426e+01
3.482500000000000284e+01
3.485000000000000142e+01
3.487500000000000000e+01
3.489999999999999858e+01
3.492500000000000426e+01
3.495000000000000284e+01
3.497500000000000142e+01
3.500000000000000000e+01
3.502499999999999858e+01
3.505000000000000426e+01
3.507500000000000284e+01
3.510000000000000142e+01
3.512500000000000000e+01
3.514999999999999858e+01
3.517500000000000426e+01
3.520000000000000284e+01
3.522500000000000142e+01
3.525000000000000000e+01
3.527499999999999858e+01
3.530000000000000426e+01
3.532500000000000284e+01
3.535000000000000142e+01
3.537500000000000000e+01
3.539999999999999858e+01
3.542500000000000426e+01
3.545000000000000284e+01
3.547500000000000142e+01
3.550000000000000000e+01
3.552499999999999858e+01
3.555000000000000426e+01
3.557500000000000284e+01
3.560000000000000142e+01
3.562500000000000000e+01
3.564999999999999858e+01
3.567500000000000426e+01
3.570000000000000284e+01
3.572500000000000142e+01
3.575000000000000000e+01
3.577499999999999858e+01
3.580000000000000426e+01
3.582500000000000284e+01
3.585000000000000142e+01
3.587500000000000000e+01
3.589999999999999858e+01
3.592500000000000426e+01
3.595000000000000284e+01
3.597500000000000142e+01
3.600000000000000000e+01
3.602499999999999858e+01
3.605000000000000426e+01
3.607500000000000284e+01
3.610000000000000142e+01
3.612500000000000000e+01
3.614999999999999858e+01
3.617500000000000426e+01
3.620000000000000284e+01
3.622500000000000142e+01
3.625000000000000000e+01
3.627499999999999858e+01
3.630000000000000426e+01
3.632500000000000284e+01
3.635000000000000142e+01
3.637500000000000000e+01
3.639999999999999858e+01
3.642500000000000426e+01
3.645000000000000284e+01
3.647500000000000142e+01
3.650000000000000000e+01
3.652499999999999858e+01
3.655000000000000426e+01
3.657500000000000284e+01
3.660000000000000142e+01
3.662500000000000000e+01
3.664999999999999858e+01
3.667500000000000426e+01
3.670000000000000284e+01
3.672500000000000142e+01
3.675000000000000000e+01
3.677499999999999858e+01
3.680000000000000426e+01
3.682500000000000284e+01
3.685000000000000142e+01
3.687500000000000000e+01
3.689999999999999858e+01
3.692500000000000426e+01
3.695000000000000284e+01
3.697500000000000142e+01
3.700000000000000000e+01
3.702499999999999858e+01
3.705000000000000426e+01
3.707500000000000284e+01
3.710000000000000142e+01
3.712500000000000000e+01
3.714999999999999858e+01
3.717500000000000426e+01
3.720000000000000284e+01
3.722500000000000142e+01
3.725000000000000000e+01
3.727499999999999858e+01
3.730000000000000426e+01
3.732500000000000284e+01
3.735000000000000142e+01
3.737500000000000000e+01
3.739999999999999858e+01
3.742500000000000426e+01
3.745000000000000284e+01
3.747500000000000142e+01
3.750000000000000000e+01
3.752499999999999858e+01
3.755000000000000426e+01
3.757500000000000284e+01
3.760000000000000142e+01
3.762500000000000000e+01
3.764999999999999858e+01
3.767500000000000426e+01
3.770000000000000284e+01
3.772500000000000142e+01
3.775000000000000000e+01
3.777499999999999858e+01
3.780000000000000426e+01
3.782500000000000284e+01
3.785000000000000142e+01
3.787500000000000000e+01
3.789999999999999858e+01
3.792500000000000426e+01
3.795000000000000284e+01
3.797500000000000142e+01
3.800000000000000000e+01
3.802499999999999858e+01
3.805000000000000426e+01
3.807500000000000284e+01
3.810000000000000142e+01
3.812500000000000000e+01
3.814999999999999858e+01
3.817500000000000426e+01
3.820000000000000284e+01
3.822500000000000142e+01
3.825000000000000000e+01
3.827499999999999858e+01
3.830000000000000426e+01
3.832500000000000284e+01
3.835000000000000142e+01
3.837500000000000000e+01
3.840000000000000568e+01
3.842500000000000426e+01
3.845000000000000284e+01
3.847500000000000142e+01
3.850000000000000000e+01
3.852500000000000568e+01
3.855000000000000426e+01
3.857500000000000284e+01
3.860000000000000142e+01
3.862500000000000000e+01
3.865000000000000568e+01
3.867500000000000426e+01
3.870000000000000284e+01
3.872500000000000142e+01
3.875000000000000000e+01
3.877500000000000568e+01
3.880000000000000426e+01
3.882500000000000284e+01
3.885000000000000142e+01
3.887500000000000000e+01
3.890000000000000568e+01
3.892500000000000426e+01
3.895000000000000284e+01
3.897500000000000142e+01
3.900000000000000000e+01
3.902500000000000568e+01
3.905000000000000426e+01
3.907500000000000284e+01
3.910000000000000142e+01
3.912500000000000000e+01
3.915000000000000568e+01
3.917500000000000426e+01
3.920000000000000284e+01
3.922500000000000142e+01
3.925000000000000000e+01
3.927500000000000568e+01
3.930000000000000426e+01
3.932500000000000284e+01
3.935000000000000142e+01
3.937500000000000000e+01
3.940000000000000568e+01
3.942500000000000426e+01
3.945000000000000284e+01
3.947500000000000142e+01
3.950000000000000000e+01
3.952500000000000568e+01
3.955000000000000426e+01
3.957500000000000284e+01
3.960000000000000142e+01
3.962500000000000000e+01
3.965000000000000568e+01
3.967500000000000426e+01
3.970000000000000284e+01
3.972500000000000142e+01
3.975000000000000000e+01
3.977500000000000568e+01
3.980000000000000426e+01
3.982500000000000284e+01
3.985000000000000142e+01
3.987500000000000000e+01
3.990000000000000568e+01
3.992500000000000426e+01
3.995000000000000284e+01
3.997500000000000142e+01
4.000000000000000000e+01
4.002500000000000568e+01
4.005000000000000426e+01
4.007500000000000284e+01
4.010000000000000142e+01
4.012500000000000000e+01
4.015000000000000568e+01
4.017500000000000426e+01
4.020000000000000284e+01
4.022500000000000142e+01
4.025000000000000000e+01
4.027500000000000568e+01
4.030000000000000426e+01
4.032500000000000284e+01
4.035000000000000142e+01
4.037500000000000000e+01
4.040000000000000568e+01
4.042500000000000426e+01
4.045000000000000284e+01
4.047500000000000142e+01
4.050000000000000000e+01
4.052500000000000568e+01
4.055000000000000426e+01
4.057500000000000284e+01
4.060000000000000142e+01
4.062500000000000000e+01
4.065000000000000568e+01
4.067500000000000426e+01
4.070000000000000284e+01
4.072500000000000142e+01
4.075000000000000000e+01
4.077500000000000568e+01
4.080000000000000426e+01
4.082500000000000284e+01
4.085000000000000142e+01
4.087500000000000000e+01
4.090000000000000568e+01
4.092500000000000426e+01
4.095000000000000284e+01
4.097500000000000142e+01
4.100000000000000000e+01
4.102500000000000568e+01
4.105000000000000426e+01
4.107500000000000284e+01
4.110000000000000142e+01
4.112500000000000000e+01
4.115000000000000568e+01
4.117500000000000426e+01
4.120000000000000284e+01
4.122500000000000142e+01
4.125000000000000000e+01
4.127500000000000568e+01
4.130000000000000426e+01
4.132500000000000284e+01
4.135000000000000142e+01
4.137500000000000000e+01
4.140000000000000568e+01
4.142500000000000426e+01
4.145000000000000284e+01
4.147500000000000142e+01
4.150000000000000000e+01
4.152500000000000568e+01
4.155000000000000426e+01
4.157500000000000284e+01
4.160000000000000142e+01
4.162500000000000000e+01
4.165000000000000568e+01
4.167500000000000426e+01
4.170000000000000284e+01
4.172500000000000142e+01
4.175000000000000000e+01
4.177500000000000568e+01
4.180000000000000426e+01
4.182500000000000284e+01
4.185000000000000142e+01
4.187500000000000000e+01
4.190000000000000568e+01
4.192500000000000426e+01
4.195000000000000284e+01
4.197500000000000142e+01
4.200000000000000000e+01
4.202500000000000568e+01
4.205000000000000426e+01
4.207500000000000284e+01
4.210000000000000142e+01
4.212500000000000000e+01
4.215000000000000568e+01
4.217500000000000426e+01
4.220000000000000284e+01
4.222500000000000142e+01
4.225000000000000000e+01
4.227500000000000568e+01
4.230000000000000426e+01
4.232500000000000284e+01
4.235000000000000142e+01
4.237500000000000000e+01
4.240000000000000568e+01
4.242500000000000426e+01
4.245000000000000284e+01
4.247500000000000142e+01
4.250000000000000000e+01
4.252500000000000568e+01
4.255000000000000426e+01
4.257500000000000284e+01
4.260000000000000142e+01
4.262500000000000000e+01
4.265000000000000568e+01
4.267500000000000426e+01
4.270000000000000284e+01
4.272500000000000142e+01
4.275000000000000000e+01
4.277500000000000568e+01
4.280000000000000426e+01
4.282500000000000284e+01
4.285000000000000142e+01
4.287500000000000000e+01
4.290000000000000568e+01
4.292500000000000426e+01
4.295000000000000284e+01
4.297500000000000142e+01
4.300000000000000000e+01
4.302500000000000568e+01
4.305000000000000426e+01
4.307500000000000284e+01
4.310000000000000142e+01
4.312500000000000000e+01
4.315000000000000568e+01
4.317500000000000426e+01
4.320000000000000284e+01
4.322500000000000142e+01
4.325000000000000000e+01
4.327500000000000568e+01
4.330000000000000426e+01
4.332500000000000284e+01
4.335000000000000142e+01
4.337500000000000000e+01
4.340000000000000568e+01
4.342500000000000426e+01
4.345000000000000284e+01
4.347500000000000142e+01
4.350000000000000000e+01
4.352500000000000568e+01
4.355000000000000426e+01
4.357500000000000284e+01
4.360000000000000142e+01
4.362500000000000000e+01
4.365000000000000568e+01
4.367500000000000426e+01
4.370000000000000284e+01
4.372500000000000142e+01
4.375000000000000000e+01
4.377500000000000568e+01
4.380000000000000426e+01
4.382500000000000284e+01
4.385000000000000142e+01
4.387500000000000000e+01
4.390000000000000568e+01
4.392500000000000426e+01
4.395000000000000284e+01
4.397500000000000142e+01
4.400000000000000000e+01
4.402500000000000568e+01
4.405000000000000426e+01
4.407500000000000284e+01
4.410000000000000142e+01
4.412500000000000000e+01
4.415000000000000568e+01
4.417500000000000426e+01
4.420000000000000284e+01
4.422500000000000142e+01
4.425000000000000000e+01
4.427500000000000568e+01
4.430000000000000426e+01
4.432500000000000284e+01
4.435000000000000142e+01
4.437500000000000000e+01
4.440000000000000568e+01
4.442500000000000426e+01
4.445000000000000284e+01
4.447500000000000142e+01
4.450000000000000000e+01
4.452500000000000568e+01
4.455000000000000426e+01
4.457500000000000284e+01
4.460000000000000142e+01
4.462500000000000000e+01
4.465000000000000568e+01
4.467500000000000426e+01
4.470000000000000284e+01
4.472500000000000142e+01
4.475000000000000000e+01
4.477500000000000568e+01
4.480000000000000426e+01
4.482500000000000284e+01
4.485000000000000142e+01
4.487500000000000000e+01
4.490000000000000568e+01
4.492500000000000426e+01
4.495000000000000284e+01
4.497500000000000142e+01
4.500000000000000000e+01
4.502500000000000568e+01
4.505000000000000426e+01
4.507500000000000284e+01
4.510000000000000142e+01
4.512500000000000000e+01
4.515000000000000568e+01
4.517500000000000426e+01
4.520000000000000284e+01
4.522500000000000142e+01
4.525000000000000000e+01
4.527500000000000568e+01
4.530000000000000426e+01
4.532500000000000284e+01
4.535000000000000142e+01
4.537500000000000000e+01
4.540000000000000568e+01
4.542500000000000426e+01
4.545000000000000284e+01
4.547500000000000142e+01
4.550000000000000000e+01
4.552500000000000568e+01
4.555000000000000426e+01
4.557500000000000284e+01
4.560000000000000142e+01
4.562500000000000000e+01
4.565000000000000568e+01
4.567500000000000426e+01
4.570000000000000284e+01
4.572500000000000142e+01
4.575000000000000000e+01
4.577500000000000568e+01
4.580000000000000426e+01
4.582500000000000284e+01
4.585000000000000142e+01
4.587500000000000000e+01
4.590000000000000568e+01
4.592500000000000426e+01
4.595000000000000284e+01
4.597500000000000142e+01
4.600000000000000000e+01
4.602500000000000568e+01
4.605000000000000426e+01
4.607500000000000284e+01
4.610000000000000142e+01
4.612500000000000000e+01
4.615000000000000568e+01
4.617500000000000426e+01
4.620000000000000284e+01
4.622500000000000142e+01
4.625000000000000000e+01
4.627500000000000568e+01
4.630000000000000426e+01
4.632500000000000284e+01
4.635000000000000142e+01
4.637500000000000000e+01
4.640000000000000568e+01
4.642500000000000426e+01
4.645000000000000284e+01
4.647500000000000142e+01
4.650000000000000000e+01
4.652500000000000568e+01
4.655000000000000426e+01
4.657500000000000284e+01
4.660000000000000142e+01
4.662500000000000000e+01
4.665000000000000568e+01
4.667500000000000426e+01
4.670000000000000284e+01
4.672500000000000142e+01
4.675000000000000000e+01
4.677500000000000568e+01
4.680000000000000426e+01
4.682500000000000284e+01
4.685000000000000142e+01
4.687500000000000000e+01
4.690000000000000568e+01
4.692500000000000426e+01
4.695000000000000284e+01
4.697500000000000142e+01
4.700000000000000000e+01
4.702500000000000568e+01
4.705000000000000426e+01
4.707500000000000284e+01
4.710000000000000142e+01
4.712500000000000000e+01
4.715000000000000568e+01
4.717500000000000426e+01
4.720000000000000284e+01
4.722500000000000142e+01
4.725000000000000000e+01
4.727500000000000568e+01
4.730000000000000426e+01
4.732500000000000284e+01
4.735000000000000142e+01
4.737500000000000000e+01
4.740000000000000568e+01
4.742500000000000426e+01
4.745000000000000284e+01
4.747500000000000142e+01
4.750000000000000000e+01
4.752500000000000568e+01
4.755000000000000426e+01
4.757500000000000284e+01
4.760000000000000142e+01
4.762500000000000000e+01
4.765000000000000568e+01
4.767500000000000426e+01
4.770000000000000284e+01
4.772500000000000142e+01
4.775000000000000000e+01
4.777500000000000568e+01
4.780000000000000426e+01
4.782500000000000284e+01
4.785000000000000142e+01
4.787500000000000000e+01
4.790000000000000568e+01
4.792500000000000426e+01
4.795000000000000284e+01
4.797500000000000142e+01
4.800000000000000000e+01
4.802500000000000568e+01
4.805000000000000426e+01
4.807500000000000284e+01
4.810000000000000142e+01
4.812500000000000000e+01
4.815000000000000568e+01
4.817500000000000426e+01
4.820000000000000284e+01
4.822500000000000142e+01
4.825000000000000000e+01
4.827500000000000568e+01
4.830000000000000426e+01
4.832500000000000284e+01
4.835000000000000142e+01
4.837500000000000000e+01
4.840000000000000568e+01
4.842500000000000426e+01
4.845000000000000284e+01
4.847500000000000142e+01
4.850000000000000000e+01
4.852500000000000568e+01
4.855000000000000426e+01
4.857500000000000284e+01
4.860000000000000142e+01
4.862500000000000000e+01
4.865000000000000568e+01
4.867500000000000426e+01
4.870000000000000284e+01
4.872500000000000142e+01
4.875000000000000000e+01
4.877500000000000568e+01
4.880000000000000426e+01
4.882500000000000284e+01
4.885000000000000142e+01
4.887500000000000000e+01
4.890000000000000568e+01
4.892500000000000426e+01
4.895000000000000284e+01
4.897500000000000142e+01
4.900000000000000000e+01
4.902500000000000568e+01
4.905000000000000426e+01
4.907500000000000284e+01
4.910000000000000142e+01
4.912500000000000000e+01
4.915000000000000568e+01
4.917500000000000426e+01
4.920000000000000284e+01
4.922500000000000142e+01
4.925000000000000000e+01
4.927500000000000568e+01
4.930000000000000426e+01
4.932500000000000284e+01
4.935000000000000142e+01
4.937500000000000000e+01
4.940000000000000568e+01
4.942500000000000426e+01
4.945000000000000284e+01
4.947500000000000142e+01
4.950000000000000000e+01
4.952500000000000568e+01
4.955000000000000426e+01
4.957500000000000284e+01
4.960000000000000142e+01
4.962500000000000000e+01
4.965000000000000568e+01
4.967500000000000426e+01
4.970000000000000284e+01
4.972500000000000142e+01
4.975000000000000000e+01
4.977500000000000568e+01
4.980000000000000426e+01
4.982500000000000284e+01
4.985000000000000142e+01
4.987500000000000000e+01
4.990000000000000568e+01
4.992500000000000426e+01
4.995000000000000284e+01
4.997500000000000142e+01
5.000000000000000000e+01
5.002500000000000568e+01
5.005000000000000426e+01
5.007500000000000284e+01
5.010000000000000142e+01
5.012500000000000000e+01
5.015000000000000568e+01
5.017500000000000426e+01
5.020000000000000284e+01
5.022500000000000142e+01
5.025000000000000000e+01
5.027500000000000568e+01
5.030000000000000426e+01
5.032500000000000284e+01
5.035000000000000142e+01
5.037500000000000000e+01
5.040000000000000568e+01
5.042500000000000426e+01
5.045000000000000284e+01
5.047500000000000142e+01
5.050000000000000000e+01
5.052500000000000568e+01
5.055000000000000426e+01
5.057500000000000284e+01
5.060000000000000142e+01
5.062500000000000000e+01
5.065000000000000568e+01
5.067500000000000426e+01
5.070000000000000284e+01
5.072500000000000142e+01
5.075000000000000000e+01
5.077500000000000568e+01
5.080000000000000426e+01
5.082500000000000284e+01
5.085000000000000142e+01
5.087500000000000000e+01
5.090000000000000568e+01
5.092500000000000426e+01
5.095000000000000284e+01
5.097500000000000142e+01
5.100000000000000000e+01
5.102500000000000568e+01
5.105000000000000426e+01
5.107500000000000284e+01
5.110000000000000142e+01
5.112500000000000000e+01
5.115000000000000568e+01
5.117500000000000426e+01
5.120000000000000284e+01
5.122500000000000142e+01
5.125000000000000000e+01
5.127500000000000568e+01
5.130000000000000426e+01
5.132500000000000284e+01
5.135000000000000142e+01
5.137500000000000000e+01
5.140000000000000568e+01
5.142500000000000426e+01
5.145000000000000284e+01
5.147500000000000142e+01
5.150000000000000000e+01
5.152500000000000568e+01
5.155000000000000426e+01
5.157500000000000284e+01
5.160000000000000142e+01
5.162500000000000000e+01
5.165000000000000568e+01
5.167500000000000426e+01
5.170000000000000284e+01
5.172500000000000142e+01
5.175000000000000000e+01
5.177500000000000568e+01
5.180000000000000426e+01
5.182500000000000284e+01
5.185000000000000142e+01
5.187500000000000000e+01
5.190000000000000568e+01
5.192500000000000426e+01
5.195000000000000284e+01
5.197500000000000142e+01
5.200000000000000000e+01
5.202500000000000568e+01
5.205000000000000426e+01
5.207500000000000284e+01
5.210000000000000142e+01
5.212500000000000000e+01
5.215000000000000568e+01
5.217500000000000426e+01
5.220000000000000284e+01
5.222500000000000142e+01
5.225000000000000000e+01
5.227500000000000568e+01
5.230000000000000426e+01
5.232500000000000284e+01
5.235000000000000142e+01
5.237500000000000000e+01
5.240000000000000568e+01
5.242500000000000426e+01
5.245000000000000284e+01
5.247500000000000142e+01
5.250000000000000000e+01
5.252500000000000568e+01
5.255000000000000426e+01
5.257500000000000284e+01
5.260000000000000142e+01
5.262500000000000000e+01
5.265000000000000568e+01
5.267500000000000426e+01
5.270000000000000284e+01
5.272500000000000142e+01
5.275000000000000000e+01
5.277500000000000568e+01
5.280000000000000426e+01
5.282500000000000284e+01
5.285000000000000142e+01
5.287500000000000000e+01
5.290000000000000568e+01
5.292500000000000426e+01
5.295000000000000284e+01
5.297500000000000142e+01
5.300000000000000000e+01
5.302500000000000568e+01
5.305000000000000426e+01
5.307500000000000284e+01
5.310000000000000142e+01
5.312500000000000000e+01
5.315000000000000568e+01
5.317500000000000426e+01
5.320000000000000284e+01
5.322500000000000142e+01
5.325000000000000000e+01
5.327500000000000568e+01
5.330000000000000426e+01
5.332500000000000284e+01
5.335000000000000142e+01
5.337500000000000000e+01
5.340000000000000568e+01
5.342500000000000426e+01
5.345000000000000284e+01
5.347500000000000142e+01
5.350000000000000000e+01
5.352500000000000568e+01
5.355000000000000426e+01
5.357500000000000284e+01
5.360000000000000142e+01
5.362500000000000000e+01
5.365000000000000568e+01
5.367500000000000426e+01
5.370000000000000284e+01
5.372500000000000142e+01
5.375000000000000000e+01
5.377500000000000568e+01
5.380000000000000426e+01
5.382500000000000284e+01
5.385000000000000142e+01
5.387500000000000000e+01
5.390000000000000568e+01
5.392500000000000426e+01
5.395000000000000284e+01
5.397500000000000142e+01
5.400000000000000000e+01
5.402500000000000568e+01
5.405000000000000426e+01
5.407500000000000284e+01
5.410000000000000142e+01
5.412500000000000000e+01
5.415000000000000568e+01
5.417500000000000426e+01
5.420000000000000284e+01
5.422500000000000142e+01
5.425000000000000000e+01
5.427500000000000568e+01
5.430000000000000426e+01
5.432500000000000284e+01
5.435000000000000142e+01
5.437500000000000000e+01
5.440000000000000568e+01
5.442500000000000426e+01
5.445000000000000284e+01
5.447500000000000142e+01
5.450000000000000000e+01
5.452500000000000568e+01
5.455000000000000426e+01
5.457500000000000284e+01
5.460000000000000142e+01
5.462500000000000000e+01
5.465000000000000568e+01
5.467500000000000426e+01
5.470000000000000284e+01
5.472500000000000142e+01
5.475000000000000000e+01
5.477500000000000568e+01
5.480000000000000426e+01
5.482500000000000284e+01
5.485000000000000142e+01
5.487500000000000000e+01
5.490000000000000568e+01
5.492500000000000426e+01
5.495000000000000284e+01
5.497500000000000142e+01
5.500000000000000000e+01
5.502500000000000568e+01
5.505000000000000426e+01
5.507500000000000284e+01
5.510000000000000142e+01
5.512500000000000000e+01
5.515000000000000568e+01
5.517500000000000426e+01
5.520000000000000284e+01
5.522500000000000142e+01
5.525000000000000000e+01
5.527500000000000568e+01
5.530000000000000426e+01
5.532500000000000284e+01
5.535000000000000142e+01
5.537500000000000000e+01
5.540000000000000568e+01
5.542500000000000426e+01
5.545000000000000284e+01
5.547500000000000142e+01
5.550000000000000000e+01
5.552500000000000568e+01
5.555000000000000426e+01
5.557500000000000284e+01
5.560000000000000142e+01
5.562500000000000000e+01
5.565000000000000568e+01
5.567500000000000426e+01
5.570000000000000284e+01
5.572500000000000142e+01
5.575000000000000000e+01
5.577500000000000568e+01
5.580000000000000426e+01
5.582500000000000284e+01
5.585000000000000142e+01
5.587500000000000000e+01
5.590000000000000568e+01
5.592500000000000426e+01
5.595000000000000284e+01
5.597500000000000142e+01
5.600000000000000000e+01
5.602500000000000568e+01
5.605000000000000426e+01
5.607500000000000284e+01
5.610000000000000142e+01
5.612500000000000000e+01
5.615000000000000568e+01
5.617500000000000426e+01
5.620000000000000284e+01
5.622500000000000142e+01
5.625000000000000000e+01
5.627500000000000568e+01
5.630000000000000426e+01
5.632500000000000284e+01
5.635000000000000142e+01
5.637500000000000000e+01
5.640000000000000568e+01
5.642500000000000426e+01
5.645000000000000284e+01
5.647500000000000142e+01
5.650000000000000000e+01
5.652500000000000568e+01
5.655000000000000426e+01
5.657500000000000284e+01
5.660000000000000142e+01
5.662500000000000000e+01
5.665000000000000568e+01
5.667500000000000426e+01
5.670000000000000284e+01
5.672500000000000142e+01
5.675000000000000000e+01
5.677500000000000568e+01
5.680000000000000426e+01
5.682500000000000284e+01
5.685000000000000142e+01
5.687500000000000000e+01
5.690000000000000568e+01
5.692500000000000426e+01
5.695000000000000284e+01
5.697500000000000142e+01
5.700000000000000000e+01
5.702500000000000568e+01
5.705000000000000426e+01
5.707500000000000284e+01
5.710000000000000142e+01
5.712500000000000000e+01
5.715000000000000568e+01
5.717500000000000426e+01
5.720000000000000284e+01
5.722500000000000142e+01
5.725000000000000000e+01
5.727500000000000568e+01
5.730000000000000426e+01
5.732500000000000284e+01
5.735000000000000142e+01
5.737500000000000000e+01
5.740000000000000568e+01
5.742500000000000426e+01
5.745000000000000284e+01
5.747500000000000142e+01
5.750000000000000000e+01
5.752500000000000568e+01
5.755000000000000426e+01
5.757500000000000284e+01
5.760000000000000142e+01
5.762500000000000000e+01
5.765000000000000568e+01
5.767500000000000426e+01
5.770000000000000284e+01
5.772500000000000142e+01
5.775000000000000000e+01
5.777500000000000568e+01
5.780000000000000426e+01
5.782500000000000284e+01
5.785000000000000142e+01
5.787500000000000000e+01
5.790000000000000568e+01
5.792500000000000426e+01
5.795000000000000284e+01
5.797500000000000142e+01
5.800000000000000000e+01
5.802500000000000568e+01
5.805000000000000426e+01
5.807500000000000284e+01
5.810000000000000142e+01
5.812500000000000000e+01
5.815000000000000568e+01
5.817500000000000426e+01
5.820000000000000284e+01
5.822500000000000142e+01
5.825000000000000000e+01
5.827500000000000568e+01
5.830000000000000426e+01
5.832500000000000284e+01
5.835000000000000142e+01
5.837500000000000000e+01
5.840000000000000568e+01
5.842500000000000426e+01
5.845000000000000284e+01
5.847500000000000142e+01
5.850000000000000000e+01
5.852500000000000568e+01
5.855000000000000426e+01
5.857500000000000284e+01
5.860000000000000142e+01
5.862500000000000000e+01
5.865000000000000568e+01
5.867500000000000426e+01
5.870000000000000284e+01
5.872500000000000142e+01
5.875000000000000000e+01
5.877500000000000568e+01
5.880000000000000426e+01
5.882500000000000284e+01
5.885000000000000142e+01
5.887500000000000000e+01
5.890000000000000568e+01
5.892500000000000426e+01
5.895000000000000284e+01
5.897500000000000142e+01
5.900000000000000000e+01
5.902500000000000568e+01
5.905000000000000426e+01
5.907500000000000284e+01
5.910000000000000142e+01
5.912500000000000000e+01
5.915000000000000568e+01
5.917500000000000426e+01
5.920000000000000284e+01
5.922500000000000142e+01
5.925000000000000000e+01
5.927500000000000568e+01
5.930000000000000426e+01
5.932500000000000284e+01
5.935000000000000142e+01
5.937500000000000000e+01
5.940000000000000568e+01
5.942500000000000426e+01
5.945000000000000284e+01
5.947500000000000142e+01
5.950000000000000000e+01
5.952500000000000568e+01
5.955000000000000426e+01
5.957500000000000284e+01
5.960000000000000142e+01
5.962500000000000000e+01
5.965000000000000568e+01
5.967500000000000426e+01
5.970000000000000284e+01
5.972500000000000142e+01
5.975000000000000000e+01
5.977500000000000568e+01
5.980000000000000426e+01
5.982500000000000284e+01
5.985000000000000142e+01
5.987500000000000000e+01
5.990000000000000568e+01
5.992500000000000426e+01
5.995000000000000284e+01
5.997500000000000142e+01
6.000000000000000000e+01
6.002500000000000568e+01
6.005000000000000426e+01
6.007500000000000284e+01
6.010000000000000142e+01
6.012500000000000000e+01
6.015000000000000568e+01
6.017500000000000426e+01
6.020000000000000284e+01
6.022500000000000142e+01
6.025000000000000000e+01
6.027500000000000568e+01
6.030000000000000426e+01
6.032500000000000284e+01
6.035000000000000142e+01
6.037500000000000000e+01
6.040000000000000568e+01
6.042500000000000426e+01
6.045000000000000284e+01
6.047500000000000142e+01
6.050000000000000000e+01
6.052500000000000568e+01
6.055000000000000426e+01
6.057500000000000284e+01
6.060000000000000142e+01
6.062500000000000000e+01
6.065000000000000568e+01
6.067500000000000426e+01
6.070000000000000284e+01
6.072500000000000142e+01
6.075000000000000000e+01
6.077500000000000568e+01
6.080000000000000426e+01
6.082500000000000284e+01
6.085000000000000142e+01
6.087500000000000000e+01
6.090000000000000568e+01
6.092500000000000426e+01
6.095000000000000284e+01
6.097500000000000142e+01
6.100000000000000000e+01
6.102500000000000568e+01
6.105000000000000426e+01
6.107500000000000284e+01
6.110000000000000142e+01
6.112500000000000000e+01
6.115000000000000568e+01
6.117500000000000426e+01
6.120000000000000284e+01
6.122500000000000142e+01
6.125000000000000000e+01
6.127500000000000568e+01
6.130000000000000426e+01
6.132500000000000284e+01
6.135000000000000142e+01
6.137500000000000000e+01
6.140000000000000568e+01
6.142500000000000426e+01
6.145000000000000284e+01
6.147500000000000142e+01
6.150000000000000000e+01
6.152500000000000568e+01
6.155000000000000426e+01
6.157500000000000284e+01
6.160000000000000142e+01
6.162500000000000000e+01
6.165000000000000568e+01
6.167500000000000426e+01
6.170000000000000284e+01
6.172500000000000142e+01
6.175000000000000000e+01
6.177500000000000568e+01
6.180000000000000426e+01
6.182500000000000284e+01
6.185000000000000142e+01
6.187500000000000000e+01
6.190000000000000568e+01
6.192500000000000426e+01
6.195000000000000284e+01
6.197500000000000142e+01
6.200000000000000000e+01
6.202500000000000568e+01
6.205000000000000426e+01
6.207500000000000284e+01
6.210000000000000142e+01
6.212500000000000000e+01
6.215000000000000568e+01
6.217500000000000426e+01
6.220000000000000284e+01
6.222500000000000142e+01
6.225000000000000000e+01
6.227500000000000568e+01
6.230000000000000426e+01
6.232500000000000284e+01
6.235000000000000142e+01
6.237500000000000000e+01
6.240000000000000568e+01
6.242500000000000426e+01
6.245000000000000284e+01
6.247500000000000142e+01
6.250000000000000000e+01
6.252500000000000568e+01
6.255000000000000426e+01
6.257500000000000284e+01
6.260000000000000142e+01
6.262500000000000000e+01
6.265000000000000568e+01
6.267500000000000426e+01
6.270000000000000284e+01
6.272500000000000142e+01
6.275000000000000000e+01
6.277500000000000568e+01
6.280000000000000426e+01
6.282500000000000284e+01
6.285000000000000142e+01
6.287500000000000000e+01
6.290000000000000568e+01
6.292500000000000426e+01
6.295000000000000284e+01
6.297500000000000142e+01
6.300000000000000000e+01
6.302500000000000568e+01
6.305000000000000426e+01
6.307500000000000284e+01
6.310000000000000142e+01
6.312500000000000000e+01
6.315000000000000568e+01
6.317500000000000426e+01
6.320000000000000284e+01
6.322500000000000142e+01
6.325000000000000000e+01
6.327500000000000568e+01
6.330000000000000426e+01
6.332500000000000284e+01
6.335000000000000142e+01
6.337500000000000000e+01
6.340000000000000568e+01
6.342500000000000426e+01
6.345000000000000284e+01
6.347500000000000142e+01
6.350000000000000000e+01
6.352500000000000568e+01
6.355000000000000426e+01
6.357500000000000284e+01
6.360000000000000142e+01
6.362500000000000000e+01
6.365000000000000568e+01
6.367500000000000426e+01
6.370000000000000284e+01
6.372500000000000142e+01
6.375000000000000000e+01
6.377500000000000568e+01
6.380000000000000426e+01
6.382500000000000284e+01
6.385000000000000142e+01
6.387500000000000000e+01
6.390000000000000568e+01
6.392500000000000426e+01
6.395000000000000284e+01
6.397500000000000142e+01
6.400000000000000000e+01
6.402500000000000568e+01
6.404999999999999716e+01
6.407500000000000284e+01
6.410000000000000853e+01
6.412500000000000000e+01
6.415000000000000568e+01
6.417499999999999716e+01
6.420000000000000284e+01
6.422500000000000853e+01
6.425000000000000000e+01
6.427500000000000568e+01
6.429999999999999716e+01
6.432500000000000284e+01
6.435000000000000853e+01
6.437500000000000000e+01
6.440000000000000568e+01
6.442499999999999716e+01
6.445000000000000284e+01
6.447500000000000853e+01
6.450000000000000000e+01
6.452500000000000568e+01
6.454999999999999716e+01
6.457500000000000284e+01
6.460000000000000853e+01
6.462500000000000000e+01
6.465000000000000568e+01
6.467499999999999716e+01
6.470000000000000284e+01
6.472500000000000853e+01
6.475000000000000000e+01
6.477500000000000568e+01
6.479999999999999716e+01
6.482500000000000284e+01
6.485000000000000853e+01
6.487500000000000000e+01
6.490000000000000568e+01
6.492499999999999716e+01
6.495000000000000284e+01
6.497500000000000853e+01
6.500000000000000000e+01
6.502500000000000568e+01
6.504999999999999716e+01
6.507500000000000284e+01
6.510000000000000853e+01
6.512500000000000000e+01
6.515000000000000568e+01
6.517499999999999716e+01
6.520000000000000284e+01
6.522500000000000853e+01
6.525000000000000000e+01
6.527500000000000568e+01
6.529999999999999716e+01
6.532500000000000284e+01
6.535000000000000853e+01
6.537500000000000000e+01
6.540000000000000568e+01
6.542499999999999716e+01
6.545000000000000284e+01
6.547500000000000853e+01
6.550000000000000000e+01
6.552500000000000568e+01
6.554999999999999716e+01
6.557500000000000284e+01
6.560000000000000853e+01
6.562500000000000000e+01
6.565000000000000568e+01
6.567499999999999716e+01
6.570000000000000284e+01
6.572500000000000853e+01
6.575000000000000000e+01
6.577500000000000568e+01
6.579999999999999716e+01
6.582500000000000284e+01
6.585000000000000853e+01
6.587500000000000000e+01
6.590000000000000568e+01
6.592499999999999716e+01
6.595000000000000284e+01
6.597500000000000853e+01
6.600000000000000000e+01
6.602500000000000568e+01
6.604999999999999716e+01
6.607500000000000284e+01
6.610000000000000853e+01
6.612500000000000000e+01
6.615000000000000568e+01
6.617499999999999716e+01
6.620000000000000284e+01
6.622500000000000853e+01
6.625000000000000000e+01
6.627500000000000568e+01
6.629999999999999716e+01
6.632500000000000284e+01
6.635000000000000853e+01
6.637500000000000000e+01
6.640000000000000568e+01
6.642499999999999716e+01
6.645000000000000284e+01
6.647500000000000853e+01
6.650000000000000000e+01
6.652500000000000568e+01
6.654999999999999716e+01
6.657500000000000284e+01
6.660000000000000853e+01
6.662500000000000000e+01
6.665000000000000568e+01
6.667499999999999716e+01
6.670000000000000284e+01
6.672500000000000853e+01
6.675000000000000000e+01
6.677500000000000568e+01
6.679999999999999716e+01
6.682500000000000284e+01
6.685000000000000853e+01
6.687500000000000000e+01
6.690000000000000568e+01
6.692499999999999716e+01
6.695000000000000284e+01
6.697500000000000853e+01
6.700000000000000000e+01
6.702500000000000568e+01
6.704999999999999716e+01
6.707500000000000284e+01
6.710000000000000853e+01
6.712500000000000000e+01
6.715000000000000568e+01
6.717499999999999716e+01
6.720000000000000284e+01
6.722500000000000853e+01
6.725000000000000000e+01
6.727500000000000568e+01
6.729999999999999716e+01
6.732500000000000284e+01
6.735000000000000853e+01
6.737500000000000000e+01
6.740000000000000568e+01
6.742499999999999716e+01
6.745000000000000284e+01
6.747500000000000853e+01
6.750000000000000000e+01
6.752500000000000568e+01
6.754999999999999716e+01
6.757500000000000284e+01
6.760000000000000853e+01
6.762500000000000000e+01
6.765000000000000568e+01
6.767499999999999716e+01
6.770000000000000284e+01
6.772500000000000853e+01
6.775000000000000000e+01
6.777500000000000568e+01
6.779999999999999716e+01
6.782500000000000284e+01
6.785000000000000853e+01
6.787500000000000000e+01
6.790000000000000568e+01
6.792499999999999716e+01
6.795000000000000284e+01
6.797500000000000853e+01
6.800000000000000000e+01
6.802500000000000568e+01
6.804999999999999716e+01
6.807500000000000284e+01
6.810000000000000853e+01
6.812500000000000000e+01
6.815000000000000568e+01
6.817499999999999716e+01
6.820000000000000284e+01
6.822500000000000853e+01
6.825000000000000000e+01
6.827500000000000568e+01
6.829999999999999716e+01
6.832500000000000284e+01
6.835000000000000853e+01
6.837500000000000000e+01
6.840000000000000568e+01
6.842499999999999716e+01
6.845000000000000284e+01
6.847500000000000853e+01
6.850000000000000000e+01
6.852500000000000568e+01
6.854999999999999716e+01
6.857500000000000284e+01
6.860000000000000853e+01
6.862500000000000000e+01
6.865000000000000568e+01
6.867499999999999716e+01
6.870000000000000284e+01
6.872500000000000853e+01
6.875000000000000000e+01
6.877500000000000568e+01
6.879999999999999716e+01
6.882500000000000284e+01
6.885000000000000853e+01
6.887500000000000000e+01
6.890000000000000568e+01
6.892499999999999716e+01
6.895000000000000284e+01
6.897500000000000853e+01
6.900000000000000000e+01
6.902500000000000568e+01
6.904999999999999716e+01
6.907500000000000284e+01
6.910000000000000853e+01
6.912500000000000000e+01
6.915000000000000568e+01
6.917499999999999716e+01
6.920000000000000284e+01
6.922500000000000853e+01
6.925000000000000000e+01
6.927500000000000568e+01
6.929999999999999716e+01
6.932500000000000284e+01
6.935000000000000853e+01
6.937500000000000000e+01
6.940000000000000568e+01
6.942499999999999716e+01
6.945000000000000284e+01
6.947500000000000853e+01
6.950000000000000000e+01
6.952500000000000568e+01
6.954999999999999716e+01
6.957500000000000284e+01
6.960000000000000853e+01
6.962500000000000000e+01
6.965000000000000568e+01
6.967499999999999716e+01
6.970000000000000284e+01
6.972500000000000853e+01
6.975000000000000000e+01
6.977500000000000568e+01
6.979999999999999716e+01
6.982500000000000284e+01
6.985000000000000853e+01
6.987500000000000000e+01
6.990000000000000568e+01
6.992499999999999716e+01
6.995000000000000284e+01
6.997500000000000853e+01
7.000000000000000000e+01
7.002500000000000568e+01
7.004999999999999716e+01
7.007500000000000284e+01
7.010000000000000853e+01
7.012500000000000000e+01
7.015000000000000568e+01
7.017499999999999716e+01
7.020000000000000284e+01
7.022500000000000853e+01
7.025000000000000000e+01
7.027500000000000568e+01
7.029999999999999716e+01
7.032500000000000284e+01
7.035000000000000853e+01
7.037500000000000000e+01
7.040000000000000568e+01
7.042499999999999716e+01
7.045000000000000284e+01
7.047500000000000853e+01
7.050000000000000000e+01
7.052500000000000568e+01
7.054999999999999716e+01
7.057500000000000284e+01
7.060000000000000853e+01
7.062500000000000000e+01
7.065000000000000568e+01
7.067499999999999716e+01
7.070000000000000284e+01
7.072500000000000853e+01
7.075000000000000000e+01
7.077500000000000568e+01
7.079999999999999716e+01
7.082500000000000284e+01
7.085000000000000853e+01
7.087500000000000000e+01
7.090000000000000568e+01
7.092499999999999716e+01
7.095000000000000284e+01
7.097500000000000853e+01
7.100000000000000000e+01
7.102500000000000568e+01
7.104999999999999716e+01
7.107500000000000284e+01
7.110000000000000853e+01
7.112500000000000000e+01
7.115000000000000568e+01
7.117499999999999716e+01
7.120000000000000284e+01
7.122500000000000853e+01
7.125000000000000000e+01
7.127500000000000568e+01
7.129999999999999716e+01
7.132500000000000284e+01
7.135000000000000853e+01
7.137500000000000000e+01
7.140000000000000568e+01
7.142499999999999716e+01
7.145000000000000284e+01
7.147500000000000853e+01
7.150000000000000000e+01
7.152500000000000568e+01
7.154999999999999716e+01
7.157500000000000284e+01
7.160000000000000853e+01
7.162500000000000000e+01
7.165000000000000568e+01
7.167499999999999716e+01
7.170000000000000284e+01
7.172500000000000853e+01
7.175000000000000000e+01
7.177500000000000568e+01
7.179999999999999716e+01
7.182500000000000284e+01
7.185000000000000853e+01
7.187500000000000000e+01
7.190000000000000568e+01
7.192499999999999716e+01
7.195000000000000284e+01
7.197500000000000853e+01
7.200000000000000000e+01
7.202500000000000568e+01
7.204999999999999716e+01
7.207500000000000284e+01
7.210000000000000853e+01
7.212500000000000000e+01
7.215000000000000568e+01
7.217499999999999716e+01
7.220000000000000284e+01
7.222500000000000853e+01
7.225000000000000000e+01
7.227500000000000568e+01
7.229999999999999716e+01
7.232500000000000284e+01
7.235000000000000853e+01
7.237500000000000000e+01
7.240000000000000568e+01
7.242499999999999716e+01
7.245000000000000284e+01
7.247500000000000853e+01
7.250000000000000000e+01
7.252500000000000568e+01
7.254999999999999716e+01
7.257500000000000284e+01
7.260000000000000853e+01
7.262500000000000000e+01
7.265000000000000568e+01
7.267499999999999716e+01
7.270000000000000284e+01
7.272500000000000853e+01
7.275000000000000000e+01
7.277500000000000568e+01
7.279999999999999716e+01
7.282500000000000284e+01
7.285000000000000853e+01
7.287500000000000000e+01
7.290000000000000568e+01
7.292499999999999716e+01
7.295000000000000284e+01
7.297500000000000853e+01
7.300000000000000000e+01
7.302500000000000568e+01
7.304999999999999716e+01
7.307500000000000284e+01
7.310000000000000853e+01
7.312500000000000000e+01
7.315000000000000568e+01
7.317499999999999716e+01
7.320000000000000284e+01
7.322500000000000853e+01
7.325000000000000000e+01
7.327500000000000568e+01
7.329999999999999716e+01
7.332500000000000284e+01
7.335000000000000853e+01
7.337500000000000000e+01
7.340000000000000568e+01
7.342499999999999716e+01
7.345000000000000284e+01
7.347500000000000853e+01
7.350000000000000000e+01
7.352500000000000568e+01
7.354999999999999716e+01
7.357500000000000284e+01
7.360000000000000853e+01
7.362500000000000000e+01
7.365000000000000568e+01
7.367499999999999716e+01
7.370000000000000284e+01
7.372500000000000853e+01
7.375000000000000000e+01
7.377500000000000568e+01
7.379999999999999716e+01
7.382500000000000284e+01
7.385000000000000853e+01
7.387500000000000000e+01
7.390000000000000568e+01
7.392499999999999716e+01
7.395000000000000284e+01
7.397500000000000853e+01
7.400000000000000000e+01
7.402500000000000568e+01
7.404999999999999716e+01
7.407500000000000284e+01
7.410000000000000853e+01
7.412500000000000000e+01
7.415000000000000568e+01
7.417499999999999716e+01
7.420000000000000284e+01
7.422500000000000853e+01
7.425000000000000000e+01
7.427500000000000568e+01
7.429999999999999716e+01
7.432500000000000284e+01
7.435000000000000853e+01
7.437500000000000000e+01
7.440000000000000568e+01
7.442499999999999716e+01
7.445000000000000284e+01
7.447500000000000853e+01
7.450000000000000000e+01
7.452500000000000568e+01
7.454999999999999716e+01
7.457500000000000284e+01
7.460000000000000853e+01
7.462500000000000000e+01
7.465000000000000568e+01
7.467499999999999716e+01
7.470000000000000284e+01
7.472500000000000853e+01
7.475000000000000000e+01
7.477500000000000568e+01
7.479999999999999716e+01
7.482500000000000284e+01
7.485000000000000853e+01
7.487500000000000000e+01
7.490000000000000568e+01
7.492499999999999716e+01
7.495000000000000284e+01
7.497500000000000853e+01
7.500000000000000000e+01
7.502500000000000568e+01
7.504999999999999716e+01
7.507500000000000284e+01
7.510000000000000853e+01
7.512500000000000000e+01
7.515000000000000568e+01
7.517499999999999716e+01
7.520000000000000284e+01
7.522500000000000853e+01
7.525000000000000000e+01
7.527500000000000568e+01
7.529999999999999716e+01
7.532500000000000284e+01
7.535000000000000853e+01
7.537500000000000000e+01
7.540000000000000568e+01
7.542499999999999716e+01
7.545000000000000284e+01
7.547500000000000853e+01
7.550000000000000000e+01
7.552500000000000568e+01
7.554999999999999716e+01
7.557500000000000284e+01
7.560000000000000853e+01
7.562500000000000000e+01
7.565000000000000568e+01
7.567499999999999716e+01
7.570000000000000284e+01
7.572500000000000853e+01
7.575000000000000000e+01
7.577500000000000568e+01
7.579999999999999716e+01
7.582500000000000284e+01
7.585000000000000853e+01
7.587500000000000000e+01
7.590000000000000568e+01
7.592499999999999716e+01
7.595000000000000284e+01
7.597500000000000853e+01
7.600000000000000000e+01
7.602500000000000568e+01
7.604999999999999716e+01
7.607500000000000284e+01
7.610000000000000853e+01
7.612500000000000000e+01
7.615000000000000568e+01
7.617499999999999716e+01
7.620000000000000284e+01
7.622500000000000853e+01
7.625000000000000000e+01
7.627500000000000568e+01
7.629999999999999716e+01
7.632500000000000284e+01
7.635000000000000853e+01
7.637500000000000000e+01
7.640000000000000568e+01
7.642499999999999716e+01
7.645000000000000284e+01
7.647500000000000853e+01
7.650000000000000000e+01
7.652500000000000568e+01
7.654999999999999716e+01
7.657500000000000284e+01
7.660000000000000853e+01
7.662500000000000000e+01
7.665000000000000568e+01
7.667499999999999716e+01
7.670000000000000284e+01
7.672500000000000853e+01
7.675000000000000000e+01
7.677500000000000568e+01
7.680000000000001137e+01
7.682500000000000284e+01
7.685000000000000853e+01
7.687500000000000000e+01
7.690000000000000568e+01
7.692500000000001137e+01
7.695000000000000284e+01
7.697500000000000853e+01
7.700000000000000000e+01
7.702500000000000568e+01
7.705000000000001137e+01
7.707500000000000284e+01
7.710000000000000853e+01
7.712500000000000000e+01
7.715000000000000568e+01
7.717500000000001137e+01
7.720000000000000284e+01
7.722500000000000853e+01
7.725000000000000000e+01
7.727500000000000568e+01
7.730000000000001137e+01
7.732500000000000284e+01
7.735000000000000853e+01
7.737500000000000000e+01
7.740000000000000568e+01
7.742500000000001137e+01
7.745000000000000284e+01
7.747500000000000853e+01
7.750000000000000000e+01
7.752500000000000568e+01
7.755000000000001137e+01
7.757500000000000284e+01
7.760000000000000853e+01
7.762500000000000000e+01
7.765000000000000568e+01
7.767500000000001137e+01
7.770000000000000284e+01
7.772500000000000853e+01
7.775000000000000000e+01
7.777500000000000568e+01
7.780000000000001137e+01
7.782500000000000284e+01
7.785000000000000853e+01
7.787500000000000000e+01
7.790000000000000568e+01
7.792500000000001137e+01
7.795000000000000284e+01
7.797500000000000853e+01
7.800000000000000000e+01
7.802500000000000568e+01
7.805000000000001137e+01
7.807500000000000284e+01
7.810000000000000853e+01
7.812500000000000000e+01
7.815000000000000568e+01
7.817500000000001137e+01
7.820000000000000284e+01
7.822500000000000853e+01
7.825000000000000000e+01
7.827500000000000568e+01
7.830000000000001137e+01
7.832500000000000284e+01
7.835000000000000853e+01
7.837500000000000000e+01
7.840000000000000568e+01
7.842500000000001137e+01
7.845000000000000284e+01
7.847500000000000853e+01
7.850000000000000000e+01
7.852500000000000568e+01
7.855000000000001137e+01
7.857500000000000284e+01
7.860000000000000853e+01
7.862500000000000000e+01
7.865000000000000568e+01
7.867500000000001137e+01
7.870000000000000284e+01
7.872500000000000853e+01
7.875000000000000000e+01
7.877500000000000568e+01
7.880000000000001137e+01
7.882500000000000284e+01
7.885000000000000853e+01
7.887500000000000000e+01
7.890000000000000568e+01
7.892500000000001137e+01
7.895000000000000284e+01
7.897500000000000853e+01
7.900000000000000000e+01
7.902500000000000568e+01
7.905000000000001137e+01
7.907500000000000284e+01
7.910000000000000853e+01
7.912500000000000000e+01
7.915000000000000568e+01
7.917500000000001137e+01
7.920000000000000284e+01
7.922500000000000853e+01
7.925000000000000000e+01
7.927500000000000568e+01
7.930000000000001137e+01
7.932500000000000284e+01
7.935000000000000853e+01
7.937500000000000000e+01
7.940000000000000568e+01
7.942500000000001137e+01
7.945000000000000284e+01
7.947500000000000853e+01
7.950000000000000000e+01
7.952500000000000568e+01
7.955000000000001137e+01
7.957500000000000284e+01
7.960000000000000853e+01
7.962500000000000000e+01
7.965000000000000568e+01
7.967500000000001137e+01
7.970000000000000284e+01
7.972500000000000853e+01
7.975000000000000000e+01
7.977500000000000568e+01
7.980000000000001137e+01
7.982500000000000284e+01
7.985000000000000853e+01
7.987500000000000000e+01
7.990000000000000568e+01
7.992500000000001137e+01
7.995000000000000284e+01
7.997500000000000853e+01
8.000000000000000000e+01
