2.000000000000000000e+01
2.000311759249352761e+01
2.000596012218294817e+01
2.000854632093484398e+01
2.001089948733094914e+01
2.001304790038689418e+01
2.001502524585950127e+01
2.001687087153298705e+01
2.001862969094029410e+01
2.002035158178026464e+01
2.002209017388340584e+01
2.002390098760282200e+01
2.002583896056957613e+01
2.002795548100405298e+01
2.003029512066102313e+01
2.003289232158663680e+01
2.003576833075850416e+01
2.003892868973211705e+01
2.004236156942520708e+01
2.004603719279053209e+01
2.004990851302483890e+01
2.005391321768977519e+01
2.005797701769372665e+01
2.006201806430604506e+01
2.006595222796244826e+01
2.006969888020651993e+01
2.007318675422403231e+01
2.007635942752777680e+01
2.007917997705189705e+01
2.008163440342443806e+01
2.008373350506969146e+01
2.008551299806350698e+01
2.008703181522328052e+01
2.008836866628410078e+01
2.008961708732919149e+01
2.009087933880328691e+01
2.009225961530307458e+01
2.009385709688606525e+01
2.009575939394299837e+01
2.009803691263680037e+01
2.010073859662911744e+01
2.010388938861522945e+01
2.010748961122063960e+01
2.011151630331153228e+01
2.011592637899935809e+01
2.012066131760721532e+01
2.012565295804782295e+01
2.013082987294423276e+01
2.013612374579420816e+01
2.014147517389039876e+01
2.014683837131147470e+01
2.015218434609085918e+01
2.015750226517792854e+01
2.016279888779267182e+01
2.016809612729847956e+01
2.017342697746591895e+01
2.017883019477019957e+01
2.018434424955636430e+01
2.019000113389470030e+01
2.019582063520114446e+01
2.020180564952955393e+01
2.020793901933823733e+01
2.021418224499105420e+01
2.022047624916673669e+01
2.022674418397229346e+01
2.023289607913864430e+01
2.023883495390330722e+01
2.024446387154545235e+01
2.024969331778710924e+01
2.025444824212229378e+01
2.025867411929778328e+01
2.026234146586135765e+01
2.026544837762808271e+01
2.026802082681037831e+01
2.027011065710663473e+01
2.027179142327520012e+01
2.027315241961899162e+01
2.027429141104651222e+01
2.027530670502079957e+01
2.027628927070370679e+01
2.027731561593454046e+01
2.027844207207970229e+01
2.027970101591757768e+01
2.028109938682161584e+01
2.028261965151995838e+01
2.028422314598197573e+01
2.028585550460445219e+01
2.028745369087731021e+01
2.028895398924602134e+01
2.029030021953797203e+01
2.029145140273721637e+01
2.029238814387559842e+01
2.029311710189645979e+01
2.029367307898388617e+01
2.029411846910091555e+01
2.029454003924631778e+01
2.029504325655869224e+01
2.029574459848607759e+01
2.029676247161794223e+01
2.029820750028804355e+01
2.030017301613524339e+01
2.030272657762779787e+01
2.030590327367939096e+01
2.030970142392797229e+01
2.031408109197571576e+01
2.031896559376112776e+01
2.032424593152236980e+01
2.032978783639345011e+01
2.033544088109688275e+01
2.034104894775170891e+01
2.034646121983592693e+01
2.035154282183915342e+01
2.035618425893143169e+01
2.036030890935716187e+01
2.036387798528830473e+01
2.036689258915757961e+01
2.036939273353578272e+01
2.037145344245517009e+01
2.037317828916693685e+01
2.037469092944042259e+01
2.037612534355884719e+01
2.037761559162727920e+01
2.037928590881885071e+01
2.038124191906713634e+01
2.038356363295000762e+01
2.038630072916960501e+01
2.038947041468873778e+01
2.039305793485004159e+01
2.039701958161619189e+01
2.040128784486966751e+01
2.040577818571129498e+01
2.041039679537303186e+01
2.041504864731436086e+01
2.041964515635956801e+01
2.042411082471753758e+01
2.042838837245268024e+01
2.043244200703366431e+01
2.043625866736318386e+01
2.043984726489632209e+01
2.044323612076730612e+01
2.044646894752822064e+01
2.044959983443343887e+01
2.045268775757775259e+01
2.045579114682825761e+01
2.045896300163096981e+01
2.046224696344453875e+01
2.046567463382956831e+01
2.046926428713896584e+01
2.047302097995716252e+01
2.047693792070043273e+01
2.048099884556690142e+01
2.048518106214620360e+01
2.048945877667147641e+01
2.049380631807888875e+01
2.049820091025220137e+01
2.050262471741641690e+01
2.050706598744995901e+01
2.051151923227289942e+01
2.051598450057738177e+01
2.052046590326661857e+01
2.052496963479287118e+01
2.052950178548574200e+01
2.053406625579009770e+01
2.053866306194041158e+01
2.054328726692532214e+01
2.054792868732725708e+01
2.055257242545421903e+01
2.055720016877748790e+01
2.056179209742517244e+01
2.056632915711641374e+01
2.057079539932560408e+01
2.057518006954752821e+01
2.057947914145871593e+01
2.058369604857803381e+01
2.058784145067163962e+01
2.059193198096115651e+01
2.059598804075322676e+01
2.060003082738667146e+01
2.060407888610371430e+01
2.060814455444770843e+01
2.061223070937029078e+01
2.061632822622219052e+01
2.062041451330001607e+01
2.062445339831404922e+01
2.062839652116778666e+01
2.063218624179306104e+01
2.063575991631191187e+01
2.063905524488211540e+01
2.064201626564568670e+01
2.064459947514281524e+01
2.064677950733297251e+01
2.064855380780461758e+01
2.064994579874511160e+01
2.065100614040076366e+01
2.065181184759818578e+01
2.065246320250901846e+01
2.065307860099990833e+01
2.065378766156652901e+01
2.065472309480054491e+01
2.065601196097924230e+01
2.065776702031672585e+01
2.066007889588249569e+01
2.066300971992545499e+01
2.066658882307554990e+01
2.067081086124122535e+01
2.067563657079125505e+01
2.068099611663476978e+01
2.068679477035955827e+01
2.069292044750578086e+01
2.069925246383466799e+01
2.070567075638621901e+01
2.071206476769975779e+01
2.071834121633080983e+01
2.072443007268346093e+01
2.073028821852548731e+01
2.073590047768405498e+01
2.074127794580498829e+01
2.074645379696250558e+01
2.075147698135135244e+01
2.075640442917639561e+01
2.076129252201296893e+01
2.076618866995243096e+01
2.077112383255882477e+01
2.077610674287513248e+01
2.078112044252281976e+01
2.078612152523922774e+01
2.079104223461938261e+01
2.079579529208406186e+01
2.080028106794657106e+01
2.080439647645076207e+01
2.080804479687723330e+01
2.081114551478472663e+01
2.081364325145067440e+01
2.081551490950687366e+01
2.081677430469454748e+01
2.081747376604646149e+01
2.081770245144042164e+01
2.081758141906634307e+01
2.081725579157916783e+01
2.081688462156971653e+01
2.081662928925360845e+01
2.081664141483813069e+01
2.081705133385097284e+01
2.081795815631465274e+01
2.081942231086681261e+01
2.082146127196657304e+01
2.082404889904942280e+01
2.082711850398741404e+01
2.083056943480146828e+01
2.083427664840901983e+01
2.083810247165612495e+01
2.084190954303410948e+01
2.084557380675947869e+01
2.084899640832303902e+01
2.085211341962718379e+01
2.085490249687572728e+01
2.085738583130800095e+01
2.085962907009293943e+01
2.086173623503615104e+01
2.086384101977306216e+01
2.086609517080519538e+01
2.086865492521294030e+01
2.087166666398723081e+01
2.087525302738871602e+01
2.087950071875186353e+01
2.088445109619496520e+01
2.089009442760628943e+01
2.089636838143191611e+01
2.090316096958199310e+01
2.091031777943322822e+01
2.091765296191714540e+01
2.092496311396756781e+01
2.093204293475090694e+01
2.093870136889409039e+01
2.094477689132296305e+01
2.095015064316014985e+01
2.095475629257159511e+01
2.095858575529146250e+01
2.096169024533206127e+01
2.096417650919208242e+01
2.096619849473509589e+01
2.096794508549345792e+01
2.096962486061417152e+01
2.097144909233970012e+01
2.097361434566495220e+01
2.097628608578380494e+01
2.097958462464488960e+01
2.098357455450882725e+01
2.098825853903903393e+01
2.099357598411746295e+01
2.099940671999556940e+01
2.100557942565934155e+01
2.101188414814577499e+01
2.101808794465566521e+01
2.102395242971539702e+01
2.102925186266859825e+01
2.103379037349849057e+01
2.103741699938334619e+01
2.104003738333821616e+01
2.104162125424573304e+01
2.104220514196281400e+01
2.104189015439087029e+01
2.104083502509493897e+01
2.103924499975936158e+01
2.103735743931018831e+01
2.103542525333601887e+01
2.103369942233187473e+01
2.103241191178108593e+01
2.103176022395435396e+01
2.103189468148969965e+01
2.103290930466773645e+01
2.103483685219546473e+01
2.103764826785663899e+01
2.104125643927189770e+01
2.104552385680165827e+01
2.105027348460329861e+01
2.105530194213299211e+01
2.106039395741210640e+01
2.106533700097759976e+01
2.106993504240093884e+01
2.107402048356369662e+01
2.107746350242480915e+01
2.108017827086476359e+01
2.108212577013485500e+01
2.108331319577149543e+01
2.108379019918337960e+01
2.108364243615836742e+01
2.108298306746119977e+01
2.108194297232576986e+01
2.108066048611681254e+01
2.107927145838654681e+01
2.107790035187353439e+01
2.107665297614532562e+01
2.107561128458155508e+01
2.107483047552579336e+01
2.107433844390751787e+01
2.107413744419105583e+01
2.107420766316881355e+01
2.107451227315396380e+01
2.107500345032287115e+01
2.107562880319569132e+01
2.107633766246589602e+01
2.107708673187111970e+01
2.107784468371631448e+01
2.107859539287827388e+01
2.107933962910546910e+01
2.108009515821647284e+01
2.108089532792615017e+01
2.108178632432812094e+01
2.108282337330644296e+01
2.108406622246016582e+01
2.108557427115317751e+01
2.108740171917936479e+01
2.108959308061828253e+01
2.109217936291850393e+01
2.109517514754016076e+01
2.109857673377952025e+01
2.110236142798915893e+01
2.110648798222238298e+01
2.111089811449883058e+01
2.111551898144765715e+01
2.112026642582065961e+01
2.112504878778587525e+01
2.112977105032543790e+01
2.113433908476809719e+01
2.113866377100767124e+01
2.114266478629791024e+01
2.114627388441283173e+01
2.114943752111822661e+01
2.115211872013561134e+01
2.115429811414491823e+01
2.115597413618618816e+01
2.115716237666379129e+01
2.115789415881867086e+01
2.115821441994724950e+01
2.115817901581739591e+01
2.115785159069739763e+01
2.115730017422250242e+01
2.115659367806320290e+01
2.115579846922362250e+01
2.115497519218271094e+01
2.115417599871093302e+01
2.115344232219998233e+01
2.115280330341385451e+01
2.115227493797273794e+01
2.115185997447134270e+01
2.115154854828698916e+01
2.115131949261870403e+01
2.115114222808491107e+01
2.115097909822514666e+01
2.115078799313258529e+01
2.115052508926698493e+01
2.115014753155030647e+01
2.114961589447310431e+01
2.114889628143233580e+01
2.114796195414606572e+01
2.114679442408585786e+01
2.114538398205409209e+01
2.114372968650156182e+01
2.114183887203438772e+01
2.113972627318466380e+01
2.113741288193993384e+01
2.113492466871077013e+01
2.113229129449878840e+01
2.112954492742751000e+01
2.112671925120462291e+01
2.112384871931697816e+01
2.112096807051117509e+01
2.111811208258967909e+01
2.111531550705375793e+01
2.111261310059705920e+01
2.111003965406714045e+01
2.110762991730143412e+01
2.110541832985699173e+01
2.110343849223067991e+01
2.110172234737897767e+01
2.110029908458078296e+01
2.109919382237793783e+01
2.109842616939998905e+01
2.109800879626180858e+01
2.109794617388420690e+01
2.109823364004569513e+01
2.109885694471086737e+01
2.109979239543803331e+01
2.110100767856779669e+01
2.110246337337805755e+01
2.110411510997638018e+01
2.110591625355901257e+01
2.110782093456996122e+01
2.110978719297478179e+01
2.111177997134133122e+01
2.111377368036982105e+01
2.111575407473234378e+01
2.111771921710799305e+01
2.111967937223772651e+01
2.112165575638837467e+01
2.112367816440859514e+01
2.112578159855850402e+01
2.112800212151520896e+01
2.113037224124071400e+01
2.113291619924895670e+01
2.113564556920049142e+01
2.113855557484557934e+01
2.114162250301305335e+01
2.114480251952680234e+01
2.114803209763927683e+01
2.115123014668589718e+01
2.115430179244653530e+01
2.115714362107076596e+01
2.115965006706842644e+01
2.116172051424996425e+01
2.116326659685844902e+01
2.116421914455298037e+01
2.116453421454711403e+01
2.116419769878899615e+01
2.116322808160078139e+01
2.116167704804065508e+01
2.115962779651293957e+01
2.115719107933153964e+01
2.115449916884162818e+01
2.115169811049007720e+01
2.114893876457714583e+01
2.114636724360843445e+01
2.114411541310304443e+01
2.114229213471613278e+01
2.114097588984498088e+01
2.114020933187362417e+01
2.113999618221790655e+01
2.114030071920656084e+01
2.114104992215040824e+01
2.114213814001411862e+01
2.114343396979314349e+01
2.114478886826849191e+01
2.114604689474430899e+01
2.114705490136428523e+01
2.114767245778976346e+01
2.114778082049875962e+01
2.114729033162926441e+01
2.114614575204114644e+01
2.114432918852472909e+01
2.114186045357368826e+01
2.113879488392585770e+01
2.113521882667939167e+01
2.113124316536275771e+01
2.112699539074773369e+01
2.112261081298184706e+01
2.111822355668820705e+01
2.111395797673396757e+01
2.110992108099691222e+01
2.110619645292671009e+01
2.110284003943876385e+01
2.109987801952910047e+01
2.109730680826990579e+01
2.109509509228660207e+01
2.109318764858300099e+01
2.109151057926847272e+01
2.108997750859073506e+01
2.108849624098898090e+01
2.108697537169017977e+01
2.108533037340647098e+01
2.108348874960740105e+01
2.108139393969255693e+01
2.107900777530680614e+01
2.107631141003060549e+01
2.107330476649725881e+01
2.107000465599170980e+01
2.106644181748967171e+01
2.106265718960339228e+01
2.105869776612099642e+01
2.105461239248251104e+01
2.105044783793736229e+01
2.104624542993120073e+01
2.104203846904807307e+01
2.103785056150957544e+01
2.103369491942221003e+01
2.102957459429575593e+01
2.102548353382440638e+01
2.102140829132902766e+01
2.101733017578402141e+01
2.101322761028857755e+01
2.100907846850713057e+01
2.100486218042285813e+01
2.100056143749988991e+01
2.099616337853727899e+01
2.099166019580991005e+01
2.098704916091076456e+01
2.098233212561326511e+01
2.097751460029654780e+01
2.097260454728678170e+01
2.096761104642725826e+01
2.096254299429896761e+01
2.095740798721402953e+01
2.095221151316372499e+01
2.094695654218941172e+01
2.094164356182031383e+01
2.093627105838896085e+01
2.093083640036143223e+01
2.092533704018453022e+01
2.091977191983491835e+01
2.091414294469254642e+01
2.090845638198833711e+01
2.090272404426203678e+01
2.089696413433572886e+01
2.089120165464991175e+01
2.088546831804915627e+01
2.087980193633250536e+01
2.087424530390357447e+01
2.086884463344340190e+01
2.086364763567877745e+01
2.085870136345389270e+01
2.085404995945543405e+01
2.084973245582665413e+01
2.084578077204241708e+01
2.084221804508693410e+01
2.083905740418568797e+01
2.083630127272959243e+01
2.083394124473035092e+01
2.083195854464542762e+01
2.083032504037144506e+01
2.082900474229435872e+01
2.082795568901067895e+01
2.082713209488849415e+01
2.082648661776309851e+01
2.082597259794762223e+01
2.082554612293754204e+01
2.082516778557836190e+01
2.082480402624581828e+01
2.082442798030854902e+01
2.082401978878129611e+01
2.082356637014670042e+01
2.082306069202189391e+01
2.082250061972675681e+01
2.082188745197960955e+01
2.082122427926733010e+01
2.082051431573374600e+01
2.081975935917105147e+01
2.081895852514953305e+01
2.081810738064852018e+01
2.081719757087184064e+01
2.081621699228199063e+01
2.081515051813235573e+01
2.081398123343124951e+01
2.081269208826567763e+01
2.081126783580082673e+01
2.080969708790627237e+01
2.080797430056705366e+01
2.080610149549118404e+01
2.080408953499906843e+01
2.080195879444042006e+01
2.079973911871036307e+01
2.079746900423188194e+01
2.079519401110773558e+01
2.079296447711441331e+01
2.079083267028798687e+01
2.078884957432820713e+01
2.078706154551370133e+01
2.078550710665532009e+01
2.078421414943045065e+01
2.078319779945918100e+01
2.078245915878415673e+01
2.078198508004359013e+01
2.078174904952917501e+01
2.078171316811553382e+01
2.078183112663306886e+01
2.078205198328108239e+01
2.078232447292213081e+01
2.078260151880288475e+01
2.078284458245687105e+01
2.078302748152368551e+01
2.078313932998724667e+01
2.078318631037831921e+01
2.078319206967634614e+01
2.078319663438150044e+01
2.078325385780129864e+01
2.078342753475677185e+01
2.078378643559223704e+01
2.078439861251435161e+01
2.078532540770883230e+01
2.078661563690603131e+01
2.078830042901949327e+01
2.079038917003874332e+01
2.079286692863388808e+01
2.079569363631183165e+01
2.079880516386019806e+01
2.080211628813299640e+01
2.080552539062703588e+01
2.080892058424245761e+01
2.081218683937353831e+01
2.081521358603753313e+01
2.081790221389063333e+01
2.082017288243384456e+01
2.082197009159895273e+01
2.082326654645494912e+01
2.082406497336868867e+01
2.082439769949398212e+01
2.082432398105656901e+01
2.082392524478728646e+01
2.082329857651674843e+01
2.082254893731280987e+01
2.082178069818229460e+01
2.082108914954321577e+01
2.082055265524780907e+01
2.082022608089452476e+01
2.082013603488797315e+01
2.082027832482587826e+01
2.082061786171023243e+01
2.082109105354262724e+01
2.082161053329062383e+01
2.082207187984862884e+01
2.082236182962495974e+01
2.082236735397725269e+01
2.082198490403975910e+01
2.082112910576081433e+01
2.081974022595760943e+01
2.081778982203148232e+01
2.081528412640158621e+01
2.081226489063173446e+01
2.080880760967918519e+01
2.080501724798951102e+01
2.080102178017987313e+01
2.079696402458889182e+01
2.079299237499186503e+01
2.078925111449136054e+01
2.078587102023047350e+01
2.078296093684518553e+01
2.078060091371277451e+01
2.077883737351308469e+01
2.077768061838019875e+01
2.077710479852798287e+01
2.077705028161932077e+01
2.077742818436319538e+01
2.077812667476336728e+01
2.077901853570622492e+01
2.077996940653815727e+01
2.078084609346232980e+01
2.078152436235619049e+01
2.078189569528592173e+01
2.078187259725120484e+01
2.078139217231553459e+01
2.078041783612293614e+01
2.077893918192157585e+01
2.077697015700537975e+01
2.077454582478616274e+01
2.077171807572362638e+01
2.076855070234140044e+01
2.076511426725618392e+01
2.076148116977928737e+01
2.075772126070140899e+01
2.075389827353483696e+01
2.075006724287545978e+01
2.074627297675912985e+01
2.074254955001064715e+01
2.073892069873592447e+01
2.073540092960143610e+01
2.073199711625714059e+01
2.072871034126308487e+01
2.072553775436252010e+01
2.072247425341411997e+01
2.071951384705601384e+01
2.071665062100109722e+01
2.071387929482589740e+01
2.071119541544527110e+01
2.070859528038671371e+01
2.070607571341941266e+01
2.070363382420171661e+01
2.070126687202467863e+01
2.069897232357871530e+01
2.069674815030818493e+01
2.069459335841371228e+01
2.069250869100422463e+01
2.069049739459531523e+01
2.068856590778192128e+01
2.068672431376986864e+01
2.068498640379162268e+01
2.068336922606239270e+01
2.068189204304291451e+01
2.068057468405059396e+01
2.067943535427330204e+01
2.067848803707169481e+01
2.067773969550408708e+01
2.067718753288574618e+01
2.067681660364354812e+01
2.067659806944124057e+01
2.067648836882791841e+01
2.067642951181590050e+01
2.067635062726349915e+01
2.067617078709588441e+01
2.067580301604310833e+01
2.067515927917324703e+01
2.067415613321928802e+01
2.067272064234558115e+01
2.067079610394218747e+01
2.066834711223298626e+01
2.066536351070966759e+01
2.066186284875040258e+01
2.065789105949805204e+01
2.065352120776264400e+01
2.064885030789397291e+01
2.064399436953532074e+01
2.063908198009319506e+01
2.063424686294122168e+01
2.062961994751900718e+01
2.062532154186916955e+01
2.062145420361547110e+01
2.061809685999138608e+01
2.061530063388413936e+01
2.061308669799187143e+01
2.061144631403223926e+01
2.061034303243211596e+01
2.060971684582866459e+01
2.060948992320849626e+01
2.060957341575199919e+01
2.060987473314327190e+01
2.061030464930600203e+01
2.061078361372541323e+01
2.061124671813711373e+01
2.061164689269498851e+01
2.061195607033919686e+01
2.061216424866288577e+01
2.061227657815711467e+01
2.061230879616337219e+01
2.061228148950298333e+01
2.061221378997836595e+01
2.061211717368482965e+01
2.061199003997724333e+01
2.061181368712710693e+01
2.061155018307683306e+01
2.061114246068732925e+01
2.061051676173119773e+01
2.060958733048479274e+01
2.060826303609095689e+01
2.060645540321477753e+01
2.060408737173164084e+01
2.060110200390081303e+01
2.059747032264109734e+01
2.059319750232853963e+01
2.058832674281500985e+01
2.058294033056462169e+01
2.057715761450061365e+01
2.057112988012721644e+01
2.056503237221156155e+01
2.055905397078801045e+01
2.055338524499433106e+01
2.054820577427947015e+01
2.054367172113587259e+01
2.053990465374764796e+01
2.053698254756726271e+01
2.053493374571607077e+01
2.053373444004086679e+01
2.053330996454367252e+01
2.053353989238035737e+01
2.053426662130929614e+01
2.053530684588347910e+01
2.053646507207708893e+01
2.053754815233089204e+01
2.053837972193022665e+01
2.053881341036358776e+01
2.053874378559384439e+01
2.053811415910447380e+01
2.053692062202933855e+01
2.053521197832908385e+01
2.053308556592926237e+01
2.053067928445766910e+01
2.052816045178220605e+01
2.052571236589066928e+01
2.052351963268604962e+01
2.052175341868150582e+01
2.052055779213068121e+01
2.052003822637074748e+01
2.052025316247680919e+01
2.052120927934309336e+01
2.052286081863860190e+01
2.052511298462131251e+01
2.052782911159999202e+01
2.053084099186645517e+01
2.053396150877672355e+01
2.053699854349939713e+01
2.053976903382664432e+01
2.054211206614319707e+01
2.054389997615231778e+01
2.054504661156860124e+01
2.054551215511049378e+01
2.054530419762705051e+01
2.054447506422530978e+01
2.054311570439421430e+01
2.054134673457988924e+01
2.053930744553375831e+01
2.053714373887305200e+01
2.053499602577578997e+01
2.053298810091399318e+01
2.053121789949754117e+01
2.052975086477920641e+01
2.052861641398052583e+01
2.052780771359413237e+01
2.052728468462260381e+01
2.052697987961036219e+01
2.052680663009937589e+01
2.052666867585238819e+01
2.052647037125297302e+01
2.052612652880515753e+01
2.052557100667919343e+01
2.052476327171007497e+01
2.052369235945607784e+01
2.052237789162605708e+01
2.052086807714886518e+01
2.051923489302492598e+01
2.051756689142075274e+01
2.051596028873180444e+01
2.051450914280776061e+01
2.051329550372774335e+01
2.051238042522938443e+01
2.051179664867564512e+01
2.051154362644805218e+01
2.051158534997205152e+01
2.051185120702930220e+01
2.051223983455297528e+01
2.051262567899556188e+01
2.051286774823313408e+01
2.051281985597180579e+01
2.051234153680194083e+01
2.051130875712097890e+01
2.050962356774043016e+01
2.050722193541245630e+01
2.050407914406997634e+01
2.050021235842908141e+01
2.049568017502553019e+01
2.049057922872049176e+01
2.048503815564430042e+01
2.047920941711690190e+01
2.047325964682925914e+01
2.046735928326802778e+01
2.046167228399877658e+01
2.045634668668140321e+01
2.045150668796798143e+01
2.044724676532360874e+01
2.044362818216749034e+01
2.044067801037236265e+01
2.043839059432815830e+01
2.043673118553317636e+01
2.043564131231115155e+01
2.043504532891401126e+01
2.043485752087699581e+01
2.043498913305932518e+01
2.043535473220470067e+01
2.043587741105686462e+01
2.043649247578082750e+01
2.043714941916005756e+01
2.043781215331802059e+01
2.043845764160507272e+01
2.043907321480423533e+01
2.043965296923218844e+01
2.044019371431713950e+01
2.044069095964804106e+01
2.044113540566474185e+01
2.044151033193872280e+01
2.044179017025853184e+01
2.044194041758975189e+01
2.044191889966845466e+01
2.044167825362038116e+01
2.044116937122974420e+01
2.044034544524879493e+01
2.043916619857850492e+01
2.043760185579224853e+01
2.043563643977792310e+01
2.043327004055007379e+01
2.043051980199862427e+01
2.042741949577338190e+01
2.042401768768901249e+01
2.042037463790607532e+01
2.041655819876083555e+01
2.041263907187374471e+01
2.040868584986210266e+01
2.040476029165683514e+01
2.040091326188998266e+01
2.039718170584209389e+01
2.039358693754298812e+01
2.039013439855803611e+01
2.038681490991713829e+01
2.038360730206287030e+01
2.038048218031042680e+01
2.037740647785224013e+01
2.037434837448150660e+01
2.037128212370125979e+01
2.036819233694643572e+01
2.036507732068437093e+01
2.036195114584817389e+01
2.035884424175138463e+01
2.035580243808083267e+01
2.035288451686181332e+01
2.035015846896803993e+01
2.034769676491614732e+01
2.034557103710017856e+01
2.034384662261573951e+01
2.034257742797334956e+01
2.034180154850666256e+01
2.034153800900988784e+01
2.034178489433194414e+01
2.034251901833118126e+01
2.034369714770744153e+01
2.034525866565054031e+01
2.034712944068127882e+01
2.034922656898821813e+01
2.035146359228632917e+01
2.035375576314669033e+01
2.035602493791421708e+01
2.035820372228192454e+01
2.036023857153651662e+01
2.036209164879638678e+01
2.036374136048835837e+01
2.036518160793104570e+01
2.036641990613361131e+01
2.036747461557493111e+01
2.036837160140735747e+01
2.036914067141020723e+01
2.036981214636313453e+01
2.037041388488446358e+01
2.037096902296310574e+01
2.037149460300322801e+01
2.037200116696487484e+01
2.037249328320122288e+01
2.037297087728885003e+01
2.037343115329171894e+01
2.037387083168092516e+01
2.037428839937956937e+01
2.037468606903703261e+01
2.037507117840217319e+01
2.037545682315457185e+01
2.037586160154215875e+01
2.037630844821573461e+01
2.037682263788435222e+01
2.037742913650593124e+01
2.037814955885774637e+01
2.037899904813948382e+01
2.037998341965431592e+01
2.038109690335016211e+01
2.038232077904137185e+01
2.038362312663645781e+01
2.038495981779062660e+01
2.038627676359655538e+01
2.038751331536170852e+01
2.038860660302547245e+01
2.038949649886704663e+01
2.039013082208519023e+01
2.039047035968844668e+01
2.039049327520182331e+01
2.039019851003180506e+01
2.038960785065360071e+01
2.038876643265852806e+01
2.038774157201504167e+01
2.038661994459143756e+01
2.038550326594518936e+01
2.038450274342958934e+01
2.038373267157188451e+01
2.038330361106281785e+01
2.038331562578563450e+01
2.038385204842283827e+01
2.038497420394889303e+01
2.038671744561836974e+01
2.038908875662033182e+01
2.039206605134323169e+01
2.039559918352336609e+01
2.039961254522057033e+01
2.040400903082568007e+01
2.040867505294952267e+01
2.041348623863906298e+01
2.041831340869890354e+01
2.042302845068250505e+01
2.042750973501073020e+01
2.043164678855902849e+01
2.043534402359294333e+01
2.043852341332519629e+01
2.044112609923705648e+01
2.044311300061905712e+01
2.044446456573642834e+01
2.044517985078137556e+01
2.044527513402496410e+01
2.044478226781728480e+01
2.044374694260365999e+01
2.044222698974999375e+01
2.044029079051208697e+01
2.043801579500007648e+01
2.043548709591572887e+01
2.043279595508058222e+01
2.043003815283307034e+01
2.042731202563734172e+01
2.042471607746001183e+01
2.042234609449200633e+01
2.042029175663427054e+01
2.041863281634304172e+01
2.041743499756334757e+01
2.041674584511926227e+01
2.041659081851220492e+01
2.041696996492555982e+01
2.041785551749530114e+01
2.041919074235733333e+01
2.042089030058452082e+01
2.042284230129612865e+01
2.042491210576999805e+01
2.042694780812243494e+01
2.042878717714896197e+01
2.043026570869590230e+01
2.043122532114508161e+01
2.043152313997805791e+01
2.043103977059123721e+01
2.042968645813107287e+01
2.042741058186783576e+01
2.042419902805539422e+01
2.042007912359000343e+01
2.041511698341211556e+01
2.040941331460504315e+01
2.040309691445403928e+01
2.039631628231974503e+01
2.038922992046573768e+01
2.038199601318348186e+01
2.037476223596164004e+01
2.036765645040922479e+01
2.036077898428109023e+01
2.035419708242861248e+01
2.034794195185817856e+01
2.034200862468484772e+01
2.033635864232128654e+01
2.033092534051370848e+01
2.032562130618886087e+01
2.032034740090777802e+01
2.031500261697454945e+01
2.030949396209987512e+01
2.030374556338571779e+01
2.029770624232871157e+01
2.029135493507230237e+01
2.028470350661185861e+01
2.027779671999597255e+01
2.027070935441846800e+01
2.026354070029529453e+01
2.025640687558095010e+01
2.024943158774621210e+01
2.024273609500467686e+01
2.023642918776167221e+01
2.023059801123729784e+01
2.022530048279104875e+01
2.022055992829166016e+01
2.021636238173358890e+01
2.021265677624138846e+01
2.020935802062472675e+01
2.020635272317677789e+01
2.020350711265227872e+01
2.020067653267746266e+01
2.019771576428585647e+01
2.019448937141915934e+01
2.019088127040652125e+01
2.018680279538670064e+01
2.018219866069608770e+01
2.017705039694609326e+01
2.017137704462317771e+01
2.016523310990696416e+01
2.015870400347354874e+01
2.015189937649856944e+01
2.014494492328890018e+01
2.013797332487274261e+01
2.013111505489049335e+01
2.012448975575882315e+01
2.011819882203444365e+01
2.011231970675610015e+01
2.010690230697993997e+01
2.010196760144206607e+01
2.009750852264248877e+01
2.009349286419977076e+01
2.008986786736273800e+01
2.008656601078546089e+01
2.008351145412831329e+01
2.008062656342922025e+01
2.007783797450996488e+01
2.007508172539706948e+01
2.007230710126868090e+01
2.006947897405729009e+01
2.006657856981010823e+01
2.006360274580615410e+01
2.006056199247461080e+01
2.005747748048675305e+01
2.005437754210577594e+01
2.005129400280869945e+01
2.004825876330815149e+01
2.004530097650479803e+01
2.004244507545895715e+01
2.003970979707879607e+01
2.003710822380749690e+01
2.003464874492465597e+01
2.003233673253254210e+01
2.003017664565892275e+01
2.002817422733975761e+01
2.002633844882464942e+01
2.002468288312779876e+01
2.002322625408381640e+01
2.002199200032668003e+01
2.002100680670883648e+01
2.002029817711242998e+01
2.001989123996366615e+01
2.001980507892692529e+01
2.002004895557418251e+01
2.002061883014500054e+01
2.002149458597757814e+01
2.002263832173646563e+01
2.002399399604166419e+01
2.002548859806191217e+01
2.002703488472435467e+01
2.002853558230384223e+01
2.002988881033148161e+01
2.003099436200614392e+01
2.003176037936642473e+01
2.003210990281859338e+01
2.003198675944148022e+01
2.003136028522165901e+01
2.003022845137604691e+01
2.002861907861749557e+01
2.002658896656173582e+01
2.002422092671821474e+01
2.002161887323799050e+01
2.001890128189163676e+01
2.001619346141536582e+01
2.001361918105183335e+01
2.001129225532693212e+01
2.000930869692534486e+01
2.000774001002621816e+01
2.000662811276174580e+01
2.000598225545858710e+01
2.000577815105967616e+01
2.000595936792054630e+01
2.000644086655048781e+01
2.000711440439464539e+01
2.000785539888750009e+01
2.000853073908216473e+01
2.000900697751786339e+01
2.000915832044219300e+01
2.000887386607130480e+01
2.000806361355665075e+01
2.000666287272354893e+01
2.000463483680607268e+01
2.000197122592068766e+01
1.999869105575040606e+01
1.999483772201296716e+01
1.999047470622370426e+01
1.998568029365379317e+01
1.998054174464112265e+01
1.997514937311838068e+01
1.996959096222719410e+01
1.996394689009535739e+01
1.995828625577522075e+01
1.995266419441352923e+01
1.994712046149736651e+01
1.994167925827678545e+01
1.993635017333854265e+01
1.993113003651281900e+01
1.992600542650944462e+01
1.992095554612063069e+01
1.991595517908584156e+01
1.991097746882505604e+01
1.990599630698920919e+01
1.990098818316862861e+01
1.989593341903512425e+01
1.989081678315053381e+01
1.988562754944397781e+01
1.988035911670383982e+01
1.987500834363003221e+01
1.986957477123103999e+01
1.986405990090352347e+01
1.985846667375305685e+01
1.985279925782426602e+01
1.984706319962171506e+01
1.984126594031995694e+01
1.983541764149139652e+01
1.982953221594100057e+01
1.982362842149089488e+01
1.981773085324251227e+01
1.981187066532407925e+01
1.980608586701215401e+01
1.980042106922408252e+01
1.979492660290404160e+01
1.978965698661522410e+01
1.978466878160933007e+01
1.978001793321308099e+01
1.977575675203115324e+01
1.977193073222592190e+01
1.976857543295830766e+01
1.976571366020728604e+01
1.976335317836596062e+01
1.976148515454735488e+01
1.976008349523987206e+01
1.975910517798039123e+01
1.975849161425846745e+01
1.975817100882145638e+01
1.975806161011137618e+01
1.975807568182809959e+01
1.975812397120874664e+01
1.975812040938293990e+01
1.975798675592047005e+01
1.975765689505806222e+01
1.975708050544976402e+01
1.975622585777561824e+01
1.975508154318075427e+01
1.975365699735129965e+01
1.975198175635744846e+01
1.975010345698151681e+01
1.974808467160460168e+01
1.974599874132911381e+01
1.974392483655387309e+01
1.974194252779650327e+01
1.974012618787740436e+01
1.973853956709522350e+01
1.973723088406729431e+01
1.973622875578230307e+01
1.973553925145278853e+01
1.973514429736025377e+01
1.973500158650817937e+01
1.973504606099019298e+01
1.973519294089348719e+01
1.973534217638404087e+01
1.973538410497976869e+01
1.973520600978724815e+01
1.973469920246739662e+01
1.973376620229159428e+01
1.973232755443326880e+01
1.973032783001310619e+01
1.972774037926022928e+01
1.972457046755434362e+01
1.972085651018575803e+01
1.971666923149872730e+01
1.971210870180893338e+01
1.970729934356957713e+01
1.970238313785979400e+01
1.969751139380078797e+01
1.969283555727889379e+01
1.968849762229887190e+01
1.968462076067997657e+01
1.968130079795164988e+01
1.967859913213089840e+01
1.967653761752906760e+01
1.967509582104165489e+01
1.967421090992138843e+01
1.967378025712240230e+01
1.967366666457853697e+01
1.967370591945194391e+01
1.967371622727987202e+01
1.967350892242514959e+01
1.967289975212893438e+01
1.967171997504801340e+01
1.966982651428985918e+01
1.966711046045384492e+01
1.966350332950159441e+01
1.965898063653206762e+01
1.965356253889457960e+01
1.964731151647955087e+01
1.964032727723276395e+01
1.963273928474781727e+01
1.962469748544350168e+01
1.961636195039132957e+01
1.960789222950273825e+01
1.959943723587958786e+01
1.959112643298063361e+01
1.958306298946659041e+01
1.957531940399212189e+01
1.956793589735664796e+01
1.956092163862434674e+01
1.955425863388883201e+01
1.954790788106850385e+01
1.954181720057073335e+01
1.953593000663677159e+01
1.953019420066204148e+01
1.952457035378541406e+01
1.951903840379544874e+01
1.951360221707122022e+01
1.950829155014509197e+01
1.950316117266952531e+01
1.949828716522858585e+01
1.949376066025326892e+01
1.948967953031635147e+01
1.948613872455533880e+01
1.948322009318891546e+01
1.948098260895192624e+01
1.947945388549993595e+01
1.947862380570580854e+01
1.947844091330001959e+01
1.947881200183691064e+01
1.947960507321757362e+01
1.948065555561995765e+01
1.948177539146526627e+01
1.948276435389356820e+01
1.948342274710163124e+01
1.948356450992858768e+01
1.948302968590899198e+01
1.948169525266813551e+01
1.947948341779744297e+01
1.947636667878317596e+01
1.947236919615019701e+01
1.946756432133249248e+01
1.946206842981741403e+01
1.945603151009774123e+01
1.944962522469686661e+01
1.944302936849021179e+01
1.943641778384823127e+01
1.942994484008953293e+01
1.942373354191083124e+01
1.941786620106688588e+01
1.941237839824283640e+01
1.940725669497274097e+01
1.940244025088607671e+01
1.939782618498758993e+01
1.939327821760126014e+01
1.938863786730144056e+01
1.938373727646858313e+01
1.937841261661495906e+01
1.937251699019656570e+01
1.936593180158905270e+01
1.935857571086167894e+01
1.935041049730169505e+01
1.934144342656781035e+01
1.933172601265645696e+01
1.932134936787645074e+01
1.931043661486997109e+01
1.929913307055863214e+01
1.928759508300857561e+01
1.927597849467269953e+01
1.926442771233269724e+01
1.925306628591896185e+01
1.924198974324238876e+01
1.923126121021851631e+01
1.922091008640008880e+01
1.921093376708312306e+01
1.920130213084101101e+01
1.919196426918978204e+01
1.918285674437138510e+01
1.917391253833551090e+01
1.916506981106234164e+01
1.915627962248239058e+01
1.914751188520867586e+01
1.913875899403656433e+01
1.913003680580954224e+01
1.912138289866120644e+01
1.911285229936154195e+01
1.910451110785134787e+01
1.909642864729750045e+01
1.908866890826330831e+01
1.908128212442838034e+01
1.907429730880653196e+01
1.906771649471088637e+01
1.906151127278803159e+01
1.905562200838464904e+01
1.904995988122107065e+01
1.904441163380331403e+01
1.903884666926403924e+01
1.903312592544121173e+01
1.902711178906596956e+01
1.902067821635408151e+01
1.901372020256608408e+01
1.900616179505500725e+01
1.899796196702347828e+01
1.898911785145256559e+01
1.897966506000298281e+01
1.896967505996990511e+01
1.895924983155778420e+01
1.894851425589701321e+01
1.893760687147887012e+01
1.892666976698819781e+01
1.891583844103061907e+01
1.890523244928035140e+01
1.889494757890054544e+01
1.888505014675021343e+01
1.887557382539385387e+01
1.886651917696535463e+01
1.885785583975365043e+01
1.884952708692752310e+01
1.884145628087127022e+01
1.883355459699105339e+01
1.882572929998921651e+01
1.881789183043820657e+01
1.880996500095025681e+01
1.880188870425662628e+01
1.879362368954261342e+01
1.878515315346919934e+01
1.877648210048393196e+01
1.876763463399464982e+01
1.875864952690911380e+01
1.874957457024978424e+01
1.874046029899760768e+01
1.873135373674340443e+01
1.872229278233172778e+01
1.871330178530615740e+01
1.870438873073176467e+01
1.869554429046923616e+01
1.868674281303815121e+01
1.867794513540536627e+01
1.866910292503686364e+01
1.866016411549440335e+01
1.865107889688024656e+01
1.864180567250175358e+01
1.863231639926875616e+01
1.862260079032464688e+01
1.861266896795092407e+01
1.860255230215011224e+01
1.859230234139606708e+01
1.858198792069329741e+01
1.857169070163066493e+01
1.856149954388782319e+01
1.855150421444203701e+01
1.854178899995420338e+01
1.853242679439253493e+01
1.852347418768764342e+01
1.851496798677779765e+01
1.850692346685760370e+01
1.849933449055625090e+01
1.849217546103125898e+01
1.848540490739381426e+01
1.847897035278093725e+01
1.847281400014504271e+01
1.846687869871445642e+01
1.846111363134572514e+01
1.845547919135656301e+01
1.844995059396609349e+01
1.844451988491808692e+01
1.843919615634064968e+01
1.843400394392638830e+01
1.842897994526513727e+01
1.842416835180305412e+01
1.841961521293270465e+01
1.841536233916595933e+01
1.841144129469754986e+01
1.840786802451587434e+01
1.840463860847436450e+01
1.840172653949955617e+01
1.839908179413947309e+01
1.839663181252790736e+01
1.839428434488255704e+01
1.839193196672978914e+01
1.838945792832159754e+01
1.838674289650704452e+01
1.838367207817224269e+01
1.838014218832449131e+01
1.837606774418686584e+01
1.837138622666886789e+01
1.836606174615880960e+01
1.836008697174882798e+01
1.835348322076372085e+01
1.834629874686244477e+01
1.833860539817004920e+01
1.833049393118053416e+01
1.832206835289486690e+01
1.831343971690013817e+01
1.830471981607608356e+01
1.829601519581159152e+01
1.828742186058131480e+01
1.827902096964461265e+01
1.827087572260606407e+01
1.826302953185896882e+01
1.825550547598929541e+01
1.824830693486821076e+01
1.824141923080348704e+01
1.823481204611758955e+01
1.822844235881119701e+01
1.822225763492687634e+01
1.821619903675729546e+01
1.821020444593252563e+01
1.820421115386219668e+01
1.819815813225669032e+01
1.819198785654872808e+01
1.818564770852384882e+01
1.817909102601803539e+01
1.817227789345106714e+01
1.816517577546972717e+01
1.815776008734984970e+01
1.815001477225445825e+01
1.814193292079946929e+01
1.813351742763561703e+01
1.812478163850828849e+01
1.811574990507634197e+01
1.810645793860090791e+01
1.809695284124778780e+01
1.808729269742144652e+01
1.807754562771647855e+01
1.806778824334941547e+01
1.805810348623965211e+01
1.804857789477802044e+01
1.803929839235609123e+01
1.803034874913880259e+01
1.802180591174806423e+01
1.801373642563740773e+01
1.800619318737064489e+01
1.799921275676856780e+01
1.799281343177367276e+01
1.798699424357343801e+01
1.798173496940144744e+01
1.797699719029794707e+01
1.797272634672900793e+01
1.796885467256214142e+01
1.796530482358968328e+01
1.796199396603159926e+01
1.795883805753969753e+01
1.795575604093872357e+01
1.795267368028438071e+01
1.794952679895816772e+01
1.794626372786270352e+01
1.794284683422757354e+01
1.793925307284379755e+01
1.793547357580452939e+01
1.793151236797574555e+01
1.792738435775778072e+01
1.792311280137459306e+01
1.791872647033058286e+01
1.791425676370721476e+01
1.790973499919144629e+01
1.790519009034138875e+01
1.790064677530949311e+01
1.789612450799972976e+01
1.789163706123814634e+01
1.788719282823145207e+01
1.788279574861303445e+01
1.787844673352742575e+01
1.787414542446283505e+01
1.786989209577731330e+01
1.786568950263638555e+01
1.786154448457963539e+01
1.785746915899724385e+01
1.785348157607551300e+01
1.784960575394751814e+01
1.784587106588418237e+01
1.784231100607967591e+01
1.783896141263736013e+01
1.783585827180435501e+01
1.783303526301283881e+01
1.783052122738188672e+01
1.782833775151732425e+01
1.782649705326739920e+01
1.782500033713291288e+01
1.782383675582209648e+01
1.782298307332056453e+01
1.782240407676669491e+01
1.782205373273709625e+01
1.782187703178061611e+01
1.782181241666694049e+01
1.782179464804936231e+01
1.782175792884790511e+01
1.782163908781000572e+01
1.782138061486111980e+01
1.782093334669142237e+01
1.782025862039000685e+01
1.781932974486931087e+01
1.781813268257866767e+01
1.781666588514899630e+01
1.781493928311794406e+01
1.781297248829876523e+01
1.781079232395774525e+01
1.780842984897692105e+01
1.780591708398505801e+01
1.780328367681365620e+01
1.780055375896594683e+01
1.779774324229076754e+01
1.779485778494957771e+01
1.779189161840763234e+01
1.778882737412380521e+01
1.778563698260488479e+01
1.778228364237227410e+01
1.777872477692080011e+01
1.777491581933641740e+01
1.777081459259390073e+01
1.776638599430121346e+01
1.776160665290367291e+01
1.775646920228333059e+01
1.775098582613944131e+01
1.774519075373132182e+01
1.773914144387364900e+01
1.773291827193455816e+01
1.772662263057342713e+01
1.772037346299538996e+01
1.771430236024173155e+01
1.770854746334136820e+01
1.770324650868310457e+01
1.769852943284256241e+01
1.769451100451443892e+01
1.769128397105048123e+01
1.768891319245686589e+01
1.768743118615379828e+01
1.768683542361409167e+01
1.768708761006616470e+01
1.768811504800875056e+01
1.768981404345041497e+01
1.769205517088927593e+01
1.769469007986301534e+01
1.769755941280030953e+01
1.770050132001928134e+01
1.770336001015170169e+01
1.770599376747374976e+01
1.770828190295146598e+01
1.771013018132888206e+01
1.771147437714533979e+01
1.771228175012760531e+01
1.771255038462431131e+01
1.771230649678548730e+01
1.771159996461154407e+01
1.771049846780097781e+01
1.770908072592382965e+01
1.770742938655079968e+01
1.770562413430681659e+01
1.770373556561871453e+01
1.770182030410305174e+01
1.769991772358097393e+01
1.769804850826453446e+01
1.769621512386380502e+01
1.769440411192870855e+01
1.769258996591457134e+01
1.769074021393893759e+01
1.768882123105336746e+01
1.768680424161087217e+01
1.768467095521401333e+01
1.768241830929746428e+01
1.768006186527609813e+01
1.767763751733606625e+01
1.767520131412224060e+01
1.767282735212769751e+01
1.767060386240181913e+01
1.766862776579777261e+01
1.766699810367716239e+01
1.766580884991176248e+01
1.766514166803465002e+01
1.766505918976643841e+01
1.766559935693152639e+01
1.766677129088363785e+01
1.766855303845614955e+01
1.767089140063007235e+01
1.767370389125539631e+01
1.767688271115812171e+01
1.768030047082087464e+01
1.768381726458246916e+01
1.768728860105341738e+01
1.769057363552586182e+01
1.769354313458433126e+01
1.769608663132263615e+01
1.769811829841316708e+01
1.769958116940891912e+01
1.770044946711957934e+01
1.770072894091665106e+01
1.770045526074586206e+01
1.769969065294100830e+01
1.769851908119874651e+01
1.769704036675620173e+01
1.769536369893026517e+01
1.769360100770525790e+01
1.769186065406229602e+01
1.769024184425882851e+01
1.768883009689789532e+01
1.768769399396976283e+01
1.768688333795370937e+01
1.768642872582724124e+01
1.768634244636707464e+01
1.768662051725763362e+01
1.768724560935505608e+01
1.768819056096677400e+01
1.768942216684385826e+01
1.769090493407360043e+01
1.769260452743825951e+01
1.769449067561342659e+01
1.769653937119276321e+01
1.769873426575425057e+01
1.770106722987813797e+01
1.770353811163830215e+01
1.770615378112082539e+01
1.770892658984841006e+01
1.771187240099885329e+01
1.771500835889488812e+01
1.771835056563893929e+01
1.772191182123287945e+01
1.772569956397827440e+01
1.772971412355347454e+01
1.773394737290148981e+01
1.773838183941864699e+01
1.774299031263648629e+01
1.774773596548672572e+01
1.775257298931091299e+01
1.775744772826673668e+01
1.776230028543795569e+01
1.776706655933364232e+01
1.777168065426964105e+01
1.777607759053167058e+01
1.778019622011463596e+01
1.778398223198063732e+01
1.778739110884541574e+01
1.779039087795238672e+01
1.779296448414508447e+01
1.779511160803241765e+01
1.779684975817721693e+01
1.779821448639076920e+01
1.779925861067337678e+01
1.780005038097824865e+01
1.780067058704124250e+01
1.780120868158317293e+01
1.780175807128294707e+01
1.780241080583909508e+01
1.780325196524004738e+01
1.780435409996932350e+01
1.780577211174767172e+01
1.780753896826678329e+01
1.780966262077696527e+01
1.781212443730706596e+01
1.781487937836138258e+01
1.781785803057020701e+01
1.782097048398174266e+01
1.782411189965706200e+01
1.782716947665941021e+01
1.783003040277313644e+01
1.783259027241250649e+01
1.783476138797061950e+01
1.783648033488402973e+01
1.783771424051621679e+01
1.783846519360351834e+01
1.783877241162337057e+01
1.783871189142581670e+01
1.783839345378614638e+01
1.783795528246158923e+01
1.783755624838873999e+01
1.783736648476430275e+01
1.783755682447930013e+01
1.783828781517342321e+01
1.783969907947850331e+01
1.784189978314782721e+01
1.784496091050920086e+01
1.784890992851548219e+01
1.785372825560325794e+01
1.785935175158412491e+01
1.786567422492677792e+01
1.787255373097335465e+01
1.787982122632788062e+01
1.788729096741615621e+01
1.789477190932591810e+01
1.790207928529626713e+01
1.790904553403222721e+01
1.791552979279557078e+01
1.792142528525563705e+01
1.792666409579937437e+01
1.793121902363718689e+01
1.793510243468201537e+01
1.793836225904415471e+01
1.794107549888667563e+01
1.794333979822145153e+01
1.794526376836767412e+01
1.794695684928712254e+01
1.794851951144275048e+01
1.795003456383532381e+01
1.795156023521053612e+01
1.795312554561702711e+01
1.795472829707749796e+01
1.795633580060336598e+01
1.795788823927613720e+01
1.795930436099532912e+01
1.796048901591029789e+01
1.796134191616722475e+01
1.796176690949719656e+01
1.796168102910679920e+01
1.796102261136753242e+01
1.795975785631262767e+01
1.795788533604785187e+01
1.795543812146076235e+01
1.795248338417748002e+01
1.794911952339607808e+01
1.794547105084389926e+01
1.794168162772096764e+01
1.793790577348420001e+01
1.793429984926439147e+01
1.793101295389976713e+01
1.792817835729699283e+01
1.792590603722464948e+01
1.792427678825423598e+01
1.792333824465340086e+01
1.792310301368513592e+01
1.792354896386929042e+01
1.792462156600674916e+01
1.792623805369185774e+01
1.792829306324841099e+01
1.793066533661338013e+01
1.793322502792892337e+01
1.793584114587851985e+01
1.793838868683684851e+01
1.794075506416617571e+01
1.794284551029629426e+01
1.794458721340911467e+01
1.794593204219221150e+01
1.794685780321588453e+01
1.794736805998414653e+01
1.794749061595208772e+01
1.794727482273897934e+01
1.794678791799748652e+01
1.794611062503599186e+01
1.794533225967712653e+01
1.794454559116343262e+01
1.794384169580416710e+01
1.794330502710634789e+01
1.794300890659658876e+01
1.794301161704153813e+01
1.794335325518192548e+01
1.794405347452828892e+01
1.794511021973728404e+01
1.794649952174897223e+01
1.794817638633157131e+01
1.795007676736879887e+01
1.795212057017774043e+01
1.795421558027062403e+01
1.795626216117920038e+01
1.795815851414133135e+01
1.795980624633355660e+01
1.796111595717585274e+01
1.796201252840451446e+01
1.796243979709888805e+01
1.796236430475348556e+01
1.796177785154984718e+01
1.796069864318885578e+01
1.795917089601152128e+01
1.795726286065493937e+01
1.795506332928747284e+01
1.795267679916851478e+01
1.795021756755663489e+01
1.794780312125128319e+01
1.794554725020760344e+01
1.794355335190127931e+01
1.794190839662413950e+01
1.794067799140832875e+01
1.793990291248458746e+01
1.793959737680409106e+01
1.793974919880685093e+01
1.794032183837290617e+01
1.794125820059307586e+01
1.794248590939505661e+01
1.794392365682029222e+01
1.794548813841079493e+01
1.794710103119098932e+01
1.794869545967181068e+01
1.795022142922935871e+01
1.795164978340303463e+01
1.795297435665919750e+01
1.795421213814455541e+01
1.795540142338810341e+01
1.795659809653307448e+01
1.795787034159445028e+01
1.795929221412015053e+01
1.796093660291099070e+01
1.796286816634823680e+01
1.796513683421844476e+01
1.796777242266498931e+01
1.797078082025582546e+01
1.797414207440293055e+01
1.797781055022202068e+01
1.798171716165290235e+01
1.798577350195196090e+01
1.798987754232932801e+01
1.799392043717057987e+01
1.799779388320898832e+01
1.800139743606187182e+01
1.800464519447433887e+01
1.800747131973712101e+01
1.800983395997287673e+01
1.801171728726886201e+01
1.801313151776581378e+01
1.801411095651231165e+01
1.801471027508089406e+01
1.801499937608514301e+01
1.801505731215472395e+01
1.801496579791834662e+01
1.801480287626001697e+01
1.801463727305926810e+01
1.801452390078653920e+01
1.801450085787496747e+01
1.801458812842167490e+01
1.801478802870531837e+01
1.801508728777222146e+01
1.801546050344499861e+01
1.801587459569663707e+01
1.801629379700689526e+01
1.801668468116293198e+01
1.801702074092222716e+01
1.801728607957282691e+01
1.801747787602313622e+01
1.801760740827353047e+01
1.801769956382436888e+01
1.801779091398455535e+01
1.801792656804993698e+01
1.801815613979892916e+01
1.801852924179656412e+01
1.801909096493558593e+01
1.801987779774479392e+01
1.802091439281487339e+01
1.802221150100094960e+01
1.802376527638464765e+01
1.802555801778018463e+01
1.802756026915889009e+01
1.802973406563438985e+01
1.803203699674573102e+01
1.803442667585589732e+01
1.803686516165294051e+01
1.803932287927509037e+01
1.804178163451324579e+01
1.804423640065201795e+01
1.804669567570699229e+01
1.804918034690540196e+01
1.805172114598776290e+01
1.805435491922059654e+01
1.805712005637003514e+01
1.806005151156735167e+01
1.806317589720415029e+01
1.806650713470692793e+01
1.807004310251703316e+01
1.807376363546314479e+01
1.807763010864926301e+01
1.808158669403110963e+01
1.808556322241065573e+01
1.808947943213883747e+01
1.809325025263280651e+01
1.809679166856189880e+01
1.810002664913750081e+01
1.810289061254282927e+01
1.810533593002744013e+01
1.810733505491351991e+01
1.810888198175304709e+01
1.810999188947826610e+01
1.811069898620750962e+01
1.811105273749046063e+01
1.811111280913096877e+01
1.811094317646971419e+01
1.811060593280788922e+01
1.811015536273288618e+01
1.810963282798848439e+01
1.810906294537413075e+01
1.810845142368014038e+01
1.810778477965275712e+01
1.810703198441983375e+01
1.810614791671891055e+01
1.810507833336965078e+01
1.810376592571347842e+01
1.810215692611648564e+01
1.810020767076374071e+01
1.809789051940057902e+01
1.809519858030198947e+01
1.809214878574454843e+01
1.808878300138589168e+01
1.808516702031558765e+01
1.808138747459324236e+01
1.807754687795932824e+01
1.807375717727778408e+01
1.807013232279381398e+01
1.806678045683300127e+01
1.806379635924139038e+01
1.806125477221053544e+01
1.805920515840928786e+01
1.805766833041592534e+01
1.805663523624071232e+01
1.805606800836897818e+01
1.805590319738962890e+01
1.805605693175995086e+01
1.805643158778053348e+01
1.805692343161881297e+01
1.805743061832838592e+01
1.805786090741973737e+01
1.805813848236433827e+01
1.805820933963943986e+01
1.805804483448149256e+01
1.805764312476344458e+01
1.805702842806797648e+01
1.805624818536346865e+01
1.805536839279333705e+01
1.805446750715250559e+01
1.805362943909123175e+01
1.805293621259884063e+01
1.805246088536817695e+01
1.805226129186855033e+01
1.805237509310136801e+01
1.805281650150767092e+01
1.805357490674554910e+01
1.805461547048494708e+01
1.805588159932504411e+01
1.805729905753952380e+01
1.805878135737650325e+01
1.806023597356887578e+01
1.806157087700706398e+01
1.806270087316973516e+01
1.806355326325920174e+01
1.806407241595960400e+01
1.806422293825652758e+01
1.806399125547359930e+01
1.806338554283260223e+01
1.806243408222120195e+01
1.806118223776522669e+01
1.805968834295953940e+01
1.805801886334900530e+01
1.805624323754490135e+01
1.805442880409585271e+01
1.805263619369912576e+01
1.805091550939405920e+01
1.804930353787926123e+01
1.804782214065852486e+01
1.804647787289525240e+01
1.804526277924644262e+01
1.804415622748024717e+01
1.804312756896393566e+01
1.804213936494347337e+01
1.804115089161572172e+01
1.804012163580261685e+01
1.803901451494521524e+01
1.803779859668612318e+01
1.803645114962646900e+01
1.803495892217329555e+01
1.803331861464447883e+01
1.803153657511766284e+01
1.802962780676605092e+01
1.802761441960659994e+01
1.802552369006939870e+01
1.802338590645549488e+01
1.802123217753274886e+01
1.801909236688287663e+01
1.801699328985387893e+01
1.801495727647919409e+01
1.801300116619682967e+01
1.801113576227069402e+01
1.800936573870930246e+01
1.800768996275176903e+01
1.800610217335996666e+01
1.800459194141548380e+01
1.800314583038018768e+01
1.800174867618268593e+01
1.800038491060587020e+01
1.799903986169746872e+01
1.799770097583930806e+01
1.799635891737080584e+01
1.799500851169138116e+01
1.799364950567238353e+01
1.799228712465172109e+01
1.799093240846986319e+01
1.798960231061108317e+01
1.798831954555065948e+01
1.798711217105342541e+01
1.798601289556787464e+01
1.798505810694869922e+01
1.798428662808486322e+01
1.798373821769640202e+01
1.798345185014761682e+01
1.798346382564528767e+01
1.798380578024586995e+01
1.798450268197315083e+01
1.798557091319922918e+01
1.798701654847438292e+01
1.798883393966772459e+01
1.799100471549283498e+01
1.799349728970350881e+01
1.799626695157608935e+01
1.799925658455350685e+01
1.800239802556755819e+01
1.800561404058788639e+01
1.800882085377842046e+01
1.801193113090268483e+01
1.801485728494718686e+01
1.801751494576911483e+01
1.801982641797526341e+01
1.802172394370899511e+01
1.802315259040591400e+01
1.802407259799455019e+01
1.802446104485364486e+01
1.802431272579329047e+01
1.802364017651314043e+01
1.802247282505489423e+01
1.802085529905158978e+01
1.801884496528897373e+01
1.801650882247274410e+01
1.801391990656819786e+01
1.801115339840136187e+01
1.800828264357989994e+01
1.800537530392902141e+01
1.800248985684310910e+01
1.799967264413431423e+01
1.799695564563029038e+01
1.799435511603535431e+01
1.799187117807004554e+01
1.798948841277794486e+01
1.798717743168022665e+01
1.798489735803174483e+01
1.798259908885860980e+01
1.798022915888661544e+01
1.797773398498712183e+01
1.797506423822981958e+01
1.797217907250042757e+01
1.796904993580434251e+01
1.796566370398704393e+01
1.796202490692650144e+01
1.795815686356830199e+01
1.795410160270062860e+01
1.794991851827217744e+01
1.794568178753273457e+01
1.794147666269291008e+01
1.793739482693909082e+01
1.793352907800222695e+01
1.792996766164713307e+01
1.792678861848243699e+01
1.792405452633086682e+01
1.792180801424501269e+01
1.792006839187798306e+01
1.791882967989300113e+01
1.791806024589745405e+01
1.791770415034931219e+01
1.791768419402872325e+01
1.791790654034807062e+01
1.791826667022286657e+01
1.791865632297319166e+01
1.791897099196490473e+01
1.791911748563154916e+01
1.791902103873308860e+01
1.791863146865812695e+01
1.791792791818852493e+01
1.791692180761177156e+01
1.791565773084807844e+01
1.791421216530662619e+01
1.791269001437409969e+01
1.791121915419535426e+01
1.790994330147497493e+01
1.790901364533524287e+01
1.790857978379424509e+01
1.790878056605196633e+01
1.790973545996300587e+01
1.791153703742415360e+01
1.791424509991017899e+01
1.791788285647485068e+01
1.792243542478260210e+01
1.792785076237559139e+01
1.793404296251949503e+01
1.794089767967370364e+01
1.794827929688695534e+01
1.795603932309925455e+01
1.796402542221205323e+01
1.797209043473383616e+01
1.798010076016987213e+01
1.798794352363121973e+01
1.799553204908869120e+01
1.800280929647837169e+01
1.800974907975710337e+01
1.801635505524337688e+01
1.802265764038438789e+01
1.802870917880811774e+01
1.803457779574135600e+01
1.804034047847344624e+01
1.804607596251835844e+01
1.805185800218318448e+01
1.805774955508375967e+01
1.806379831837647387e+01
1.807003392824683985e+01
1.807646698449000411e+01
1.808308990171279262e+01
1.808987943145258370e+01
1.809680055864608406e+01
1.810381136318762429e+01
1.811086836208019335e+01
1.811793181590122259e+01
1.812497049718777120e+01
1.813196547614360554e+01
1.813891257525217426e+01
1.814582327013493668e+01
1.815272395801832772e+01
1.815965366466656761e+01
1.816666040243243785e+01
1.817379651378596606e+01
1.818111342577178746e+01
1.818865629355349967e+01
1.819645902118652359e+01
1.820454011445647780e+01
1.821289974726566641e+01
1.822151831636826813e+01
1.823035662883828323e+01
1.823935772409853229e+01
1.824845019021034531e+01
1.825755270484510362e+01
1.826657942612473562e+01
1.827544578631994554e+01
1.828407420825566376e+01
1.829239927274900168e+01
1.830037191439575395e+01
1.830796230790850743e+01
1.831516122029956151e+01
1.832197973543609848e+01
1.832844739536059819e+01
1.833460893532279812e+01
1.834051990538746679e+01
1.834624156104220916e+01
1.835183546113209729e+01
1.835735822941809303e+01
1.836285691516272323e+01
1.836836533082668055e+01
1.837390165674488784e+01
1.837946749162299298e+01
1.838504840373586191e+01
1.839061591159845221e+01
1.839613070533799544e+01
1.840154682075752390e+01
1.840681640506539907e+01
1.841189467192244322e+01
1.841674463643089155e+01
1.842134124755774138e+01
1.842567459295589671e+01
1.842975193342871876e+01
1.843359842365253698e+01
1.843725648332596379e+01
1.844078388938444490e+01
1.844425075649346368e+01
1.844773565211706057e+01
1.845132114828435732e+01
1.845508914124002686e+01
1.845911627143245326e+01
1.846346975118243350e+01
1.846820385950974952e+01
1.847335729837535467e+01
1.847895152862343338e+01
1.848499012432181132e+01
1.849145910800787362e+01
1.849832816278797054e+01
1.850555256525425918e+01
1.851307564903885705e+01
1.852083159390996769e+01
1.852874833912505892e+01
1.853675044007126260e+01
1.854476172042834747e+01
1.855270761362460519e+01
1.856051713222812083e+01
1.856812444722918798e+01
1.857547009661556103e+01
1.858250187090215988e+01
1.858917544030395064e+01
1.859545479339234930e+01
1.860131255109463666e+01
1.860673020474555983e+01
1.861169830547751758e+01
1.861621660799831446e+01
1.862029414835526708e+01
1.862394921595212693e+01
1.862720916756332201e+01
1.863011002714736364e+01
1.863269582057255036e+01
1.863501760846851596e+01
1.863713220178623686e+01
1.863910057090910755e+01
1.864098598736316958e+01
1.864285196415762513e+01
1.864476008351951464e+01
1.864676781671947836e+01
1.864892644802651844e+01
1.865127921273126077e+01
1.865385974781434797e+01
1.865669093437145065e+01
1.865978418533698502e+01
1.866313920297256246e+01
1.866674420089566411e+01
1.867057655797531623e+01
1.867460384871372980e+01
1.867878517863234578e+01
1.868307274472384805e+01
1.868741354032676227e+01
1.869175113001943345e+01
1.869602743171497039e+01
1.870018445789058603e+01
1.870416598333423863e+01
1.870791912049936201e+01
1.871139579343574511e+01
1.871455410585147305e+01
1.871735959753314305e+01
1.871978637642478560e+01
1.872181810238534183e+01
1.872344878505505505e+01
1.872468334497341758e+01
1.872553787696273275e+01
1.872603955055946301e+01
1.872622608618558004e+01
1.872614475921884036e+01
1.872585090746821024e+01
1.872540594987565044e+01
1.872487496338271740e+01
1.872432390753597886e+01
1.872381662842510508e+01
1.872341181035523761e+01
1.872316007065998633e+01
1.872310140618184349e+01
1.872326319609975442e+01
1.872365894329895042e+01
1.872428789540336069e+01
1.872513562882911131e+01
1.872617560849402096e+01
1.872737165745096277e+01
1.872868119121430297e+01
1.873005899807350971e+01
1.873146128639001873e+01
1.873284967921485489e+01
1.873419482065544273e+01
1.873547927044458561e+01
1.873669940396420941e+01
1.873786610282364506e+01
1.873900411171006297e+01
1.874015004402605911e+01
1.874134913340006747e+01
1.874265094092667994e+01
1.874410432905524360e+01
1.874575209301323042e+01
1.874762569154342629e+01
1.874974053474420188e+01
1.875209226490817827e+01
1.875465440660310890e+01
1.875737766825570674e+01
1.876019105570988899e+01
1.876300481780054952e+01
1.876571509600502807e+01
1.876821000682197393e+01
1.877037675880016110e+01
1.877210930717022208e+01
1.877331598686259539e+01
1.877392654550807549e+01
1.877389802453938827e+01
1.877321900770196805e+01
1.877191186734692607e+01
1.877003278161242861e+01
1.876766945902383554e+01
1.876493667829953793e+01
1.876196991656437163e+01
1.875891748540405146e+01
1.875593170936119591e+01
1.875315975617208863e+01
1.875073475614819785e+01
1.874876782730401459e+01
1.874734155481888820e+01
1.874650536376061183e+01
1.874627308164937389e+01
1.874662282398683288e+01
1.874749916453542653e+01
1.874881738663727049e+01
1.875046946528704339e+01
1.875233131334552894e+01
1.875427074784248305e+01
1.875615559903420504e+01
1.875786139725045132e+01
1.875927812825969454e+01
1.876031564102568083e+01
1.876090741347828228e+01
1.876101252129814156e+01
1.876061579960114756e+01
1.875972632563308906e+01
1.875837447097684674e+01
1.875660786511259914e+01
1.875448667192748076e+01
1.875207860359754974e+01
1.874945408217988785e+01
1.874668191151569374e+01
1.874382574674446289e+01
1.874094155411961182e+01
1.873807614948218969e+01
1.873526679967408626e+01
1.873254177679614685e+01
1.872992167858466317e+01
1.872742127524703548e+01
1.872505161725817047e+01
1.872282214049908688e+01
1.872074253263835075e+01
1.871882417335669757e+01
1.871708102460130618e+01
1.871552991810670719e+01
1.871419025817500525e+01
1.871308322087132225e+01
1.871223058024668262e+01
1.871165332359727529e+01
1.871137022889066159e+01
1.871139656840455956e+01
1.871174307558339933e+01
1.871241527123339310e+01
1.871341319590697339e+01
1.871473154383516757e+01
1.871636014621840616e+01
1.871828471356473145e+01
1.872048772227081059e+01
1.872294932224763642e+01
1.872564815059455157e+01
1.872856195961331238e+01
1.873166800251281572e+01
1.873494316226238254e+01
1.873836385263469495e+01
1.874190575976835405e+01
1.874554352228713228e+01
1.874925046396143458e+01
1.875299849253266871e+01
1.875675826104446386e+01
1.876049965531226960e+01
1.876419262645149644e+01
1.876780833573417340e+01
1.877132052660832073e+01
1.877470699207066218e+01
1.877795097099594912e+01
1.878104228972049583e+01
1.878397806868795072e+01
1.878676283967297422e+01
1.878940796594241647e+01
1.879193032219865600e+01
1.879435026758061866e+01
1.879668902598200475e+01
1.879896566508464417e+01
1.880119393023100471e+01
1.880337923372654174e+01
1.880551611810091117e+01
1.880758649931030746e+01
1.880955895171882375e+01
1.881138922295536275e+01
1.881302206848460656e+01
1.881439438077379478e+01
1.881543946620654850e+01
1.881609220555736073e+01
1.881629473227856053e+01
1.881600218757331788e+01
1.881518807081716815e+01
1.881384870409562282e+01
1.881200637268951681e+01
1.880971078763503357e+01
1.880703863650317942e+01
1.880409113525024267e+01
1.880098965553002799e+01
1.879786966454048880e+01
1.879487336397365027e+01
1.879214153727508929e+01
1.878980519845200448e+01
1.878797767241186989e+01
1.878674772152620065e+01
1.878617426554516712e+01
1.878628312652622157e+01
1.878706607583681176e+01
1.878848227898799195e+01
1.879046204115016394e+01
1.879291256815221800e+01
1.879572529094273747e+01
1.879878417071158125e+01
1.880197431903245331e+01
1.880519024035972819e+01
1.880834303605576707e+01
1.881136599773927642e+01
1.881421815598127623e+01
1.881688552659970526e+01
1.881937999588013355e+01
1.882173599064944369e+01
1.882400527125610523e+01
1.882625034810768128e+01
1.882853714090578023e+01
1.883092756333467932e+01
1.883347271875234696e+01
1.883620733384730528e+01
1.883914594219845640e+01
1.884228116824046140e+01
1.884558426855896229e+01
1.884900787896424390e+01
1.885249071111574892e+01
1.885596376006694186e+01
1.885935744055556995e+01
1.886260897836856287e+01
1.886566935224951180e+01
1.886850911477055703e+01
1.887112251481762115e+01
1.887352949177213546e+01
1.887577529922099018e+01
1.887792772750668036e+01
1.888007211084447334e+01
1.888230450675183647e+01
1.888472360502635894e+01
1.888742204517485135e+01
1.889047788395429706e+01
1.889394695266950919e+01
1.889785677697275545e+01
1.890220260578944789e+01
1.890694592158595455e+01
1.891201559673033827e+01
1.891731163833584262e+01
1.892271124618758193e+01
1.892807671416557369e+01
1.893326455188594792e+01
1.893813510333937344e+01
1.894256190155272535e+01
1.894644002562969476e+01
1.894969281605516898e+01
1.895227644750591978e+01
1.895418204252551320e+01
1.895543521772865603e+01
1.895609316815509260e+01
1.895623959615734933e+01
1.895597796134928004e+01
1.895542365319935740e+01
1.895469575760594338e+01
1.895390909815006708e+01
1.895316718212483309e+01
1.895255657676065653e+01
1.895214309299339561e+01
1.895196997714613119e+01
1.895205812189959715e+01
1.895240812462215629e+01
1.895300386039059148e+01
1.895381711334018249e+01
1.895481273410154088e+01
1.895595376909550467e+01
1.895720604024507239e+01
1.895854173687049737e+01
1.895994170603511364e+01
1.896139628041502334e+01
1.896290464828862810e+01
1.896447293180280624e+01
1.896611128110192013e+01
1.896783039909253077e+01
1.896963797385688721e+01
1.897153550674963540e+01
1.897351598277586149e+01
1.897556273987624564e+01
1.897764976395403380e+01
1.897974347956351693e+01
1.898180593761694013e+01
1.898379913804756214e+01
1.898569008360463073e+01
1.898745605550880455e+01
1.898908954395514925e+01
1.899060226342404079e+01
1.899202773636335806e+01
1.899342203561464970e+01
1.899486242746132092e+01
1.899644384050215251e+01
1.899827328459061704e+01
1.900046254092394804e+01
1.900311962092952101e+01
1.900633963125388703e+01
1.901019577127184235e+01
1.901473121871024574e+01
1.901995262397971231e+01
1.902582583596394272e+01
1.903227432819488030e+01
1.903918059638112226e+01
1.904639057198299668e+01
1.905372086040487289e+01
1.906096838592571174e+01
1.906792182761300225e+01
1.907437407781748107e+01
1.908013486040211504e+01
1.908504261780566935e+01
1.908897481708189758e+01
1.909185593218654020e+01
1.909366252456647928e+01
1.909442505339662688e+01
1.909422628389268439e+01
1.909319640813594177e+01
1.909150522835460961e+01
1.908935195925484862e+01
1.908695336799745590e+01
1.908453107583246933e+01
1.908229888706368982e+01
1.908045098702499942e+01
1.907915176454400097e+01
1.907852787430671171e+01
1.907866297309826109e+01
1.907959535653894179e+01
1.908131850674057262e+01
1.908378435350970648e+01
1.908690886827577060e+01
1.909057946421194885e+01
1.909466357783830048e+01
1.909901776226045911e+01
1.910349663102913098e+01
1.910796105084883223e+01
1.911228508346387045e+01
1.911636131126081395e+01
1.912010433457102820e+01
1.912345238751842658e+01
1.912636717001609554e+01
1.912883212409892408e+01
1.913084948354372017e+01
1.913243649017877246e+01
1.913362119548709472e+01
1.913443825276370447e+01
1.913492505728262216e+01
1.913511851658558882e+01
1.913505263910455056e+01
1.913475702698566749e+01
1.913425625844906364e+01
1.913357005573524816e+01
1.913271406444480505e+01
1.913170102436519571e+01
1.913054209349285273e+01
1.912924809586978725e+01
1.912783049734794005e+01
1.912630196646551539e+01
1.912467644356212304e+01
1.912296871240122442e+01
1.912119353705601554e+01
1.911936448540689071e+01
1.911749260333952449e+01
1.911558512650682218e+01
1.911364441738457032e+01
1.911166729466629377e+01
1.910964488235387648e+01
1.910756305162786006e+01
1.910540346553061397e+01
1.910314517125173950e+01
1.910076662406460102e+01
1.909824797687795694e+01
1.909557343495682957e+01
1.909273346005629080e+01
1.908972661353163502e+01
1.908656085346758857e+01
1.908325414411612897e+01
1.907983429290277755e+01
1.907633799566663058e+01
1.907280913863153771e+01
1.906929646970769099e+01
1.906585080636361695e+01
1.906252198770059536e+01
1.905935580107825800e+01
1.905639111689531973e+01
1.905365744889749280e+01
1.905117312335868007e+01
1.904894419187154497e+01
1.904696416368916445e+01
1.904521456973939308e+01
1.904366630702902796e+01
1.904228165439720044e+01
1.904101680304029642e+01
1.903982471145458533e+01
1.903865807666777599e+01
1.903747221266015899e+01
1.903622764206783913e+01
1.903489223665390639e+01
1.903344278258045108e+01
1.903186589439928511e+01
1.903015825268740002e+01
1.902832619015332227e+01
1.902638469594911896e+01
1.902435594461128687e+01
1.902226748218469865e+01
1.902015021634554159e+01
1.901803635948899185e+01
1.901595746454983171e+01
1.901394267441196106e+01
1.901201727942623876e+01
1.901020164649670363e+01
1.900851055025934855e+01
1.900695290480385324e+01
1.900553186558654417e+01
1.900424524756177291e+01
1.900308618841946995e+01
1.900204397580614213e+01
1.900110495453909820e+01
1.900025343355176943e+01
1.899947252163870104e+01
1.899874483470167519e+01
1.899805303367317677e+01
1.899738017013102009e+01
1.899670983443967742e+01
1.899602611787161521e+01
1.899531341463551115e+01
1.899455610139658646e+01
1.899373814030839114e+01
1.899284265660678273e+01
1.899185154345485316e+01
1.899074514511818279e+01
1.898950206493463000e+01
1.898809913722336162e+01
1.898651159259999588e+01
1.898471343451468130e+01
1.898267803164563716e+01
1.898037891656942122e+01
1.897779076648589225e+01
1.897489052739478765e+01
1.897165862979277051e+01
1.896808023254935094e+01
1.896414642302396913e+01
1.895985529656685031e+01
1.895521283805400614e+01
1.895023353258972421e+01
1.894494064223065521e+01
1.893936610044368507e+01
1.893354999549741891e+01
1.892753963717085952e+01
1.892138822671104847e+01
1.891515317622274495e+01
1.890889414874508034e+01
1.890267091220375306e+01
1.889654111735159603e+01
1.889055812011642388e+01
1.888476897127769405e+01
1.887921269047167883e+01
1.887391892720678399e+01
1.886890708958501506e+01
1.886418599316347766e+01
1.885975404982634274e+01
1.885559998208009347e+01
1.885170401447607347e+01
1.884803946355911819e+01
1.884457462326573562e+01
1.884127482602434611e+01
1.883810455227554925e+01
1.883502946328565386e+01
1.883201824368108035e+01
1.882904415996363667e+01
1.882608626751625636e+01
1.882313022884355291e+01
1.882016873723060613e+01
1.881720156978023439e+01
1.881423531922832026e+01
1.881128287281274680e+01
1.880836271723238085e+01
1.880549815065378283e+01
1.880271647598713258e+01
1.880004823533132807e+01
1.879752652544064873e+01
1.879518641074958651e+01
1.879306442671452970e+01
1.879119814485229867e+01
1.878962575448915118e+01
1.878838560696240023e+01
1.878751566715506982e+01
1.878705282518282615e+01
1.878703203718882975e+01
1.878748528697846254e+01
1.878844038726511201e+01
1.878991966763331334e+01
1.879193862269652016e+01
1.879450461511807546e+01
1.879761574134893820e+01
1.880125997099527524e+01
1.880541466250232574e+01
1.881004653829483075e+01
1.881511217279386727e+01
1.882055900909795554e+01
1.882632687776970570e+01
1.883234994795881434e+01
1.883855900116082438e+01
1.884488388529175396e+01
1.885125598496744459e+01
1.885761053554068312e+01
1.886388861501171732e+01
1.887003866945886799e+01
1.887601746276983761e+01
1.888179038747140481e+01
1.888733112649318358e+01
1.889262071109071073e+01
1.889764607283940379e+01
1.890239823262848518e+01
1.890687030253649681e+01
1.891105549397024888e+01
1.891494532547373453e+01
1.891852820573743799e+01
1.892178853281971840e+01
1.892470640229946710e+01
1.892725795926086718e+01
1.892941636692464158e+01
1.893115330417828446e+01
1.893244085100579355e+01
1.893325358010415727e+01
1.893357064895610264e+01
1.893337768196987980e+01
1.893266824787693281e+01
1.893144477236694811e+01
1.892971877704939487e+01
1.892751039874871211e+01
1.892484721211945953e+01
1.892176244714582367e+01
1.891829275468578686e+01
1.891447572175745506e+01
1.891034736875922917e+01
1.890593986987149222e+01
1.890127972405729295e+01
1.889638656804373440e+01
1.889127276721626458e+01
1.888594385018570776e+01
1.888039977408098835e+01
1.887463692752199407e+01
1.886865070418508594e+01
1.886243841895542062e+01
1.885600229688602525e+01
1.884935224694737244e+01
1.884250814018046327e+01
1.883550134536758236e+01
1.882837533234678062e+01
1.882118522906336011e+01
1.881399630700137493e+01
1.880688146312879638e+01
1.879991785668833515e+01
1.879318293797697947e+01
1.878675016646959151e+01
1.878068475157637707e+01
1.877503975737637631e+01
1.876985289164997184e+01
1.876514425080557302e+01
1.876091521967527598e+01
1.875714863459556980e+01
1.875381021726987640e+01
1.875085118417307228e+01
1.874821184046250622e+01
1.874582588670777028e+01
1.874362510816786553e+01
1.874154408486570134e+01
1.873952455904536762e+01
1.873751912489320404e+01
1.873549396123795319e+01
1.873343040655098690e+01
1.873132527025830996e+01
1.872918987714199446e+01
1.872704794382065785e+01
1.872493247946219697e+01
1.872288197936809340e+01
1.872093623376078853e+01
1.871913210090213653e+01
1.871749959180180767e+01
1.871605858391001931e+01
1.871481642632678088e+01
1.871376662421675618e+01
1.871288870184638498e+01
1.871214924944354863e+01
1.871150406667051058e+01
1.871090123224371382e+01
1.871028486145996794e+01
1.870959926591089939e+01
1.870879320543809499e+01
1.870782392232189650e+01
1.870666067071930883e+01
1.870528749757193765e+01
1.870370509023144479e+01
1.870193157553486074e+01
1.870000222916570820e+01
1.869796812707561529e+01
1.869589383728231979e+01
1.869385430622607558e+01
1.869193113602218403e+01
1.869020847574394040e+01
1.868876876104410201e+01
1.868768853295980392e+01
1.868703455063168661e+01
1.868686038656753112e+01
1.868720365997493360e+01
1.868808402652704714e+01
1.868950200432502839e+01
1.869143867783934709e+01
1.869385628563376045e+01
1.869669966440033093e+01
1.869989849137330040e+01
1.870337023925095465e+01
1.870702373187554457e+01
1.871076316473098800e+01
1.871449243177099220e+01
1.871811957964892770e+01
1.872156119314631795e+01
1.872474650313373701e+01
1.872762100284482756e+01
1.873014936191852797e+01
1.873231744278588806e+01
1.873413325230173854e+01
1.873562670397323870e+01
1.873684812248633591e+01
1.873786549085983566e+01
1.873876051835754097e+01
1.873962368972057746e+01
1.874054853759663786e+01
1.874162545367567390e+01
1.874293541314013822e+01
1.874454402508730766e+01
1.874649633306981045e+01
1.874881277095850862e+01
1.875148662827905710e+01
1.875448329690789961e+01
1.875774146119150032e+01
1.876117626252514015e+01
1.876468432591592972e+01
1.876815039058120504e+01
1.877145515073993565e+01
1.877448379806771328e+01
1.877713467450722362e+01
1.877932740203632278e+01
1.878100986056397304e+01
1.878216343881206996e+01
1.878280608437695776e+01
1.878299282264039860e+01
1.878281359051818811e+01
1.878238842770065986e+01
1.878186027026496063e+01
1.878138578338152698e+01
1.878112483550931344e+01
1.878122934166991342e+01
1.878183227656722210e+01
1.878303767176728201e+01
1.878491236179186785e+01
1.878748013377297355e+01
1.879071877127386614e+01
1.879456027662801176e+01
1.879889432307196273e+01
1.880357474602740098e+01
1.880842865123505447e+01
1.881326751474087544e+01
1.881789949265485973e+01
1.882214206037289728e+01
1.882583407018321964e+01
1.882884635606711043e+01
1.883109012248073100e+01
1.883252252177690522e+01
1.883314903949421293e+01
1.883302255086297805e+01
1.883223916587362368e+01
1.883093122354955895e+01
1.882925800892988377e+01
1.882739493147796139e+01
1.882552200795686659e+01
1.882381252813827288e+01
1.882242274574239360e+01
1.882148333346163582e+01
1.882109317920793146e+01
1.882131589511999437e+01
1.882217917927238560e+01
1.882367693240487228e+01
1.882577380861924610e+01
1.882841168870561788e+01
1.883151742331047629e+01
1.883501111185105970e+01
1.883881416781463969e+01
1.884285647187216384e+01
1.884708202525986920e+01
1.885145267604531938e+01
1.885594968486678980e+01
1.886057310636483919e+01
1.886533916849514014e+01
1.887027601549539924e+01
1.887541832503108097e+01
1.888080140327771872e+01
1.888645539560871711e+01
1.889240022290281829e+01
1.889864176774357674e+01
1.890516969979297812e+01
1.891195715873038452e+01
1.891896232294750035e+01
1.892613170095860653e+01
1.893340480848078400e+01
1.894071975389864804e+01
1.894801916163407185e+01
1.895525582559067601e+01
1.896239750683836078e+01
1.896943036893647516e+01
1.897636067325209908e+01
1.898321452310331381e+01
1.899003563378472492e+01
1.899688129767745082e+01
1.900381689146252384e+01
1.901090941899837361e+01
1.901822068462616855e+01
1.902580073767034463e+01
1.903368221497538570e+01
1.904187613531673051e+01
1.905036957381283713e+01
1.905912547735496432e+01
1.906808468876963403e+01
1.907717004564364061e+01
1.908629222804714587e+01
1.909535686550866629e+01
1.910427229275883931e+01
1.911295727729687499e+01
1.912134803611957778e+01
1.912940391481264868e+01
1.913711121482760902e+01
1.914448481414675030e+01
1.915156741837865795e+01
1.915842648635848278e+01
1.916514907788621258e+01
1.917183505297448320e+01
1.917858919554198494e+01
1.918551292701495825e+01
1.919269630858356024e+01
1.920021100209928377e+01
1.920810477163593077e+01
1.921639796878044137e+01
1.922508226758183980e+01
1.923412171598885934e+01
1.924345596768333522e+01
1.925300536984332567e+01
1.926267742548070316e+01
1.927237403753199274e+01
1.928199888552656205e+01
1.929146428897216126e+01
1.930069697363047254e+01
1.930964227125338084e+01
1.931826643898228824e+01
1.932655696662240175e+01
1.933452093120652648e+01
1.934218164075030799e+01
1.934957396590485956e+01
1.935673887487735456e+01
1.936371775290158581e+01
1.937054709689749643e+01
1.937725412829109928e+01
1.938385376715754305e+01
1.939034726866306357e+01
1.939672265193120992e+01
1.940295686832218536e+01
1.940901947819572015e+01
1.941487744952511818e+01
1.942050057314730793e+01
1.942586691939655452e+01
1.943096774626121004e+01
1.943581131172392773e+01
1.944042513895466584e+01
1.944485642387096647e+01
1.944917044739694134e+01
1.945344704364565303e+01
1.945777536275349107e+01
1.946224733577975030e+01
1.946695038315238335e+01
1.947195999487938778e+01
1.947733284169103030e+01
1.948310104799609022e+01
1.948926817193904171e+01
1.949580730203096834e+01
1.950266150544021926e+01
1.950974666521961964e+01
1.951695653981373013e+01
1.952416968603182923e+01
1.953125772319534903e+01
1.953809429578348045e+01
1.954456402525202208e+01
1.955057073473585660e+01
1.955604428380936355e+01
1.956094545986721656e+01
1.956526852867174782e+01
1.956904123587997901e+01
1.957232225780797918e+01
1.957519630583329828e+01
1.957776727735485522e+01
1.958015000145289974e+01
1.958246123663536054e+01
1.958481063267990763e+01
1.958729236467267754e+01
1.958997808599159640e+01
1.959291173409518549e+01
1.959610656870171042e+01
1.959954463971327243e+01
1.960317868756574455e+01
1.960693628778975039e+01
1.961072587998229722e+01
1.961444418265204703e+01
1.961798439995594023e+01
1.962124458073374100e+01
1.962413549666728230e+01
1.962658746263772969e+01
1.962855562214815919e+01
1.963002335433499113e+01
1.963100361446527842e+01
1.963153818342555823e+01
1.963169495993714619e+01
1.963156356950361570e+01
1.963124967590028191e+01
1.963086845672872727e+01
1.963053773996735885e+01
1.963037129295160810e+01
1.963047271170615105e+01
1.963093028298101217e+01
1.963181309205248937e+01
1.963316853620088409e+01
1.963502128720057271e+01
1.963737363619458165e+01
1.964020705975065084e+01
1.964348477350526423e+01
1.964715499391874687e+01
1.965115461089644810e+01
1.965541298329709008e+01
1.965985560215380445e+01
1.966440741735255315e+01
1.966899568583808389e+01
1.967355226588670902e+01
1.967801534552298293e+01
1.968233064756330819e+01
1.968645219427726190e+01
1.969034273832772541e+01
1.969397397256113535e+01
1.969732662043900717e+01
1.970039048427925366e+01
1.970316449423881622e+01
1.970565676222017615e+01
1.970788460701639622e+01
1.970987448512015661e+01
1.971166173997981019e+01
1.971329007409690703e+01
1.971481065468213245e+01
1.971628078440710041e+01
1.971776210227425707e+01
1.971931832253727634e+01
1.972101256764418409e+01
1.972290439943988005e+01
1.972504669633674723e+01
1.972748255820923902e+01
1.973024244159288898e+01
1.973334173276472114e+01
1.973677895427587359e+01
1.974053477184991223e+01
1.974457192508284109e+01
1.974883615020997851e+01
1.975325810046787467e+01
1.975775620402775345e+01
1.976224033606717612e+01
1.976661612502052279e+01
1.977078966754724831e+01
1.977467239550690792e+01
1.977818582332130504e+01
1.978126590637756976e+01
1.978386676016903678e+01
1.978596352411954484e+01
1.978755420096064555e+01
1.978866035888352215e+01
1.978932664578715617e+01
1.978961912896652819e+01
1.978962253583044983e+01
1.978943652836196065e+01
1.978917119321567952e+01
1.978894196840056097e+01
1.978886425491851497e+01
1.978904797668630877e+01
1.978959235434487596e+01
1.979058114848178462e+01
1.979207860613070125e+01
1.979412631229904918e+01
1.979674110712957358e+01
1.979991418077497300e+01
1.980361140400947662e+01
1.980777489505467770e+01
1.981232576427331082e+01
1.981716792066245958e+01
1.982219276997004798e+01
1.982728458635716962e+01
1.983232630041243993e+01
1.983720541843133134e+01
1.984181977334144875e+01
1.984608280813909786e+01
1.984992810919113992e+01
1.985331293939556829e+01
1.985622056915888223e+01
1.985866126456482306e+01
1.986067186406229723e+01
1.986231395362704077e+01
1.986367073102957903e+01
1.986484272746658775e+01
1.986594262414591938e+01
1.986708945748171828e+01
1.986840254505320758e+01
1.986999548216825318e+01
1.987197055389953704e+01
1.987441387959574612e+01
1.987739155761024534e+01
1.988094701052260405e+01
1.988509965014818448e+01
1.988984489301002512e+01
1.989515546729003859e+01
1.990098386839033751e+01
1.990726574855930053e+01
1.991392397208255716e+01
1.992087303539711840e+01
1.992802354344071958e+01
1.993528644984523623e+01
1.994257680737811356e+01
1.994981683253066151e+01
1.995693815891367962e+01
1.996388323155851197e+01
1.997060587118295061e+01
1.997707110691145616e+01
1.998325443154324788e+01
1.998914067030766617e+01
1.999472266904750839e+01
2.000000000000000000e+01
