2.807980642897995338e+01
2.808598943808835102e+01
2.809191624322158631e+01
2.809761530879473668e+01
2.810313447910206719e+01
2.810853517564341786e+01
2.811388575285536007e+01
2.811925457279663831e+01
2.812470335819399025e+01
2.813028133805390141e+01
2.813602061647703323e+01
2.814193308193594589e+01
2.814800904165866058e+01
2.815421762547155993e+01
2.816050886703577660e+01
2.816681724839687462e+01
2.817306639485589770e+01
2.817917453759799429e+01
2.818506032470058997e+01
2.819064855758688282e+01
2.819587545746253809e+01
2.820069312021299979e+01
2.820507289235534287e+01
2.820900748760226406e+01
2.821251175578673553e+01
2.821562210609484112e+01
2.821839466854869016e+01
2.822090234669919440e+01
2.822323096745922655e+01
2.822547476961156221e+01
2.822773149106572532e+01
2.823009731804468458e+01
2.823266194961571429e+01
2.823550401136817101e+01
2.823868702562542765e+01
2.824225611501995559e+01
2.824623558354190678e+01
2.825062748545181179e+01
2.825541125804855014e+01
2.826054445883722366e+01
2.826596461034890950e+01
2.827159211583906639e+01
2.827733416573718017e+01
2.828308950807940292e+01
2.828875390718774696e+01
2.829422606559296227e+01
2.829941373773333524e+01
2.830423972430271107e+01
2.830864740785003164e+01
2.831260547804754424e+01
2.831611150320806303e+01
2.831919403638704580e+01
2.832191300142830670e+01
2.832435818626295188e+01
2.832664577500693781e+01
2.832891297190366942e+01
2.833131090168778243e+01
2.833399610345508890e+01
2.833712105838070272e+01
2.834082429502318945e+01
2.834522068942361983e+01
2.835039261218901885e+01
2.835638256506861410e+01
2.836318789216190694e+01
2.837075804647906097e+01
2.837899474564081004e+01
2.838775516938578747e+01
2.839685814792404983e+01
2.840609307829456753e+01
2.841523110155018372e+01
2.842403789291666527e+01
2.843228727514565790e+01
2.843977477488188299e+01
2.844633021227633307e+01
2.845182845017127704e+01
2.845619753082199210e+01
2.845942358996906663e+01
2.846155214983510007e+01
2.846268563969594467e+01
2.846297725721603555e+01
2.846262154598815997e+01
2.846184230456805508e+01
2.846087864089894737e+01
2.845997012735791287e+01
2.845934208388373321e+01
2.845919201315152947e+01
2.845967813178729244e+01
2.846091079043160121e+01
2.846294736401759806e+01
2.846579093775351410e+01
2.846939283348398320e+01
2.847365873695628835e+01
2.847845792104262586e+01
2.848363483378950889e+01
2.848902215084759604e+01
2.849445429245630379e+01
2.849978038323348883e+01
2.850487568989070652e+01
2.850965070271552548e+01
2.851405722041283042e+01
2.851809103888025732e+01
2.852179111323361127e+01
2.852523533735335093e+01
2.852853334454797007e+01
2.853181695626521375e+01
2.853522907590370394e+01
2.853891192897705764e+01
2.854299558195891606e+01
2.854758762892013024e+01
2.855276482243776925e+01
2.855856725364859727e+01
2.856499547079046764e+01
2.857201068447119496e+01
2.857953796129024582e+01
2.858747207540049828e+01
2.859568548856929837e+01
2.860403777856288698e+01
2.861238574415384761e+01
2.862059338847632972e+01
2.862854102102274112e+01
2.863613281705888625e+01
2.864330232155059974e+01
2.865001556889408008e+01
2.865627169328762491e+01
2.866210110983557158e+01
2.866756153623077097e+01
2.867273228381055361e+01
2.867770736277305588e+01
2.868258801133987035e+01
2.868747526930039626e+01
2.869246317414808090e+01
2.869763306893542421e+01
2.870304938491988267e+01
2.870875711180340772e+01
2.871478100828348445e+01
2.872112645043993240e+01
2.872778167886544054e+01
2.873472109887403647e+01
2.874190921987747060e+01
2.874930479455741406e+01
2.875686473612425331e+01
2.876454744906912708e+01
2.877231529816766198e+01
2.878013605209266146e+01
2.878798326009543018e+01
2.879583564046796340e+01
2.880367566611691288e+01
2.881148761544213599e+01
2.881925540827164767e+01
2.882696056254201267e+01
2.883458058697186388e+01
2.884208807095881255e+01
2.884945065135489273e+01
2.885663193524534265e+01
2.886359334868900461e+01
2.887029677460094490e+01
2.887670774923775951e+01
2.888279891538754640e+01
2.888855338844314957e+01
2.889396768324605347e+01
2.889905387588980545e+01
2.890384073322787373e+01
2.890837362826296086e+01
2.891271316401022062e+01
2.891693254218614584e+01
2.892111382569540368e+01
2.892534334503066162e+01
2.892970657911627796e+01
2.893428289350101323e+01
2.893914053840468270e+01
2.894433229420456044e+01
2.894989210387807077e+01
2.895583295501874233e+01
2.896214617515753531e+01
2.896880219196830453e+01
2.897575269429233558e+01
2.898293402073257496e+01
2.899027150906596972e+01
2.899768446959430079e+01
2.900509140430326127e+01
2.901241508419559167e+01
2.901958711945018976e+01
2.902655170841056886e+01
2.903326832664755131e+01
2.903971320936673806e+01
2.904587958089523170e+01
2.905177668507392497e+01
2.905742776162859187e+01
2.906286718860396689e+01
2.906813706403369935e+01
2.907328352765441792e+01
2.907835312451670973e+01
2.908338948806216706e+01
2.908843057408375543e+01
2.909350661421156303e+01
2.909863888464936466e+01
2.910383930989550905e+01
2.910911084908917701e+01
2.911444855067060189e+01
2.911984111418878740e+01
2.912527276960478773e+01
2.913072527567868519e+01
2.913617984940266581e+01
2.914161886556209424e+01
2.914702720550801374e+01
2.915239318221969000e+01
2.915770901934365966e+01
2.916297090980180684e+01
2.916817872004219225e+01
2.917333543538512686e+01
2.917844645787884872e+01
2.918351886985246679e+01
2.918856076471618621e+01
2.919358072369255552e+01
2.919858748636139723e+01
2.920358982818483895e+01
2.920859662382945743e+01
2.921361704520445457e+01
2.921866082113287177e+01
2.922373847392563562e+01
2.922886144806129138e+01
2.923404205757885421e+01
2.923929320026462619e+01
2.924462781573079795e+01
2.925005809769623255e+01
2.925559450438364451e+01
2.926124464110709766e+01
2.926701211237833888e+01
2.927289545450366859e+01
2.927888726199397240e+01
2.928497361169896251e+01
2.929113386817504860e+01
2.929734092433506021e+01
2.930356189578305859e+01
2.930975924891884787e+01
2.931589230567826476e+01
2.932191903529614052e+01
2.932779801886239213e+01
2.933349045798044585e+01
2.933896209575701164e+01
2.934418492670553036e+01
2.934913859081923704e+01
2.935381137392690931e+01
2.935820076856710514e+01
2.936231358363664867e+01
2.936616562353813009e+01
2.936978098532116022e+01
2.937319104287617932e+01
2.937643319899722627e+01
2.937954948855738024e+01
2.938258510972207205e+01
2.938558694668110149e+01
2.938860212925148829e+01
2.939167665485682335e+01
2.939485407995411848e+01
2.939817427385229820e+01
2.940167222035049122e+01
2.940537685311355887e+01
2.940930991948091844e+01
2.941348488355946600e+01
2.941790590092932689e+01
2.942256692109442895e+01
2.942745099630649719e+01
2.943252989272842512e+01
2.943776410845497793e+01
2.944310339974392932e+01
2.944848790009232786e+01
2.945384988609974641e+01
2.945911620056161340e+01
2.946421128970677117e+01
2.946906075216071486e+01
2.947359523743164189e+01
2.947775447749308597e+01
2.948149119247923622e+01
2.948477458619228031e+01
2.948759314348662741e+01
2.948995646240504698e+01
2.949189589988212390e+01
2.949346387926749458e+01
2.949473179689480418e+01
2.949578656733712378e+01
2.949672595504603834e+01
2.949765294486511635e+01
2.949866949618298761e+01
2.949987009645973757e+01
2.950133557202978096e+01
2.950312762201173555e+01
2.950528451204644043e+01
2.950781829868715533e+01
2.951071385601293429e+01
2.951392984989477597e+01
2.951740166140308474e+01
2.952104611013526636e+01
2.952476768287212394e+01
2.952846584511555506e+01
2.953204291391995895e+01
2.953541190922545923e+01
2.953850378401745758e+01
2.954127346396751363e+01
2.954370420380799089e+01
2.954580988571821365e+01
2.954763503602366015e+01
2.954925250912743451e+01
2.955075896830581783e+01
2.955226846731046919e+01
2.955390459032878070e+01
2.955579172787508213e+01
2.955804614225583649e+01
2.956076750146003462e+01
2.956403153184826849e+01
2.956788435942709015e+01
2.957233898270236594e+01
2.957737415690762717e+01
2.958293578271841540e+01
2.958894069737775112e+01
2.959528257828618081e+01
2.960183950387184737e+01
2.960848258748453077e+01
2.961508501774491009e+01
2.962153080997363119e+01
2.962772260033840865e+01
2.963358789486575517e+01
2.963908331268995511e+01
2.964419652619550760e+01
2.964894578641296263e+01
2.965337711470017723e+01
2.965755942542778456e+01
2.966157800400306854e+01
2.966552688716569719e+01
2.966950076837324346e+01
2.967358707461627887e+01
2.967785883102571987e+01
2.968236884959465272e+01
2.968714565590221710e+01
2.969219141409958240e+01
2.969748193931197378e+01
2.970296871303943931e+01
2.970858265607061099e+01
2.971423927847591173e+01
2.971984472848919978e+01
2.972530220910049792e+01
2.973051822641818731e+01
2.973540817639356959e+01
2.973990086116682718e+01
2.974394164421149611e+01
2.974749409288277491e+01
2.975054010441981589e+01
2.975307865293106957e+01
2.975512341722566489e+01
2.975669964138574386e+01
2.975784063358628373e+01
2.975858431951525063e+01
2.975897023463689806e+01
2.975903726842487629e+01
2.975882237127149565e+01
2.975836031175454011e+01
2.975768444099164611e+01
2.975682829537057472e+01
2.975582776192492673e+01
2.975472345317260903e+01
2.975356289864951975e+01
2.975240216328818477e+01
2.975130654870966040e+01
2.975035011868598289e+01
2.974961390683944984e+01
2.974918280218377475e+01
2.974914125324161063e+01
2.974956807001994008e+01
2.975053072120775965e+01
2.975207960930476503e+01
2.975424284951409959e+01
2.975702207338888883e+01
2.976038972400874627e+01
2.976428820904089889e+01
2.976863113893716317e+01
2.977330671102629722e+01
2.977818312047988414e+01
2.978311570174712131e+01
2.978795534494408415e+01
2.979255760549218479e+01
2.979679184409676296e+01
2.980054970630428102e+01
2.980375228022635525e+01
2.980635535648077905e+01
2.980835234995943495e+01
2.980977461820204866e+01
2.981068911182259029e+01
2.981119350205326413e+01
2.981140913146945337e+01
2.981147230926188740e+01
2.981152460694506701e+01
2.981170289236935034e+01
2.981212986195439640e+01
2.981290579085789716e+01
2.981410212131497417e+01
2.981575735869957811e+01
2.981787555546586788e+01
2.982042745089676572e+01
2.982335411741643583e+01
2.982657276049596362e+01
2.982998414618344185e+01
2.983348100270812253e+01
2.983695667125466855e+01
2.984031327186425386e+01
2.984346870412668551e+01
2.984636191409023098e+01
2.984895601882396576e+01
2.985123907433368018e+01
2.985322248409864798e+01
2.985493725590163550e+01
2.985642850550508598e+01
2.985774876041388382e+01
2.985895072193674693e+01
2.986008018981686263e+01
2.986116983678515169e+01
2.986223444192463461e+01
2.986326805853213529e+01
2.986424341582587871e+01
2.986511364977535976e+01
2.986581624438420590e+01
2.986627885972149699e+01
2.986642654493931204e+01
2.986618969922880495e+01
2.986551206329043140e+01
2.986435800585388733e+01
2.986271841614131262e+01
2.986061462042905390e+01
2.985809990026280047e+01
2.985525838812742450e+01
2.985220133677471921e+01
2.984906098230311144e+01
2.984598242941711277e+01
2.984311416226027802e+01
2.984059791077099888e+01
2.983855866964886516e+01
2.983709566871591434e+01
2.983627502917697072e+01
2.983612471502744512e+01
2.983663221273592114e+01
2.983774515970991814e+01
2.983937491034344092e+01
2.984140279662859285e+01
2.984368862735546202e+01
2.984608079319226093e+01
2.984842721875169147e+01
2.985058633721412491e+01
2.985243726325839120e+01
2.985388840558738366e+01
2.985488388551436145e+01
2.985540730233828555e+01
2.985548259510581914e+01
2.985517197666252187e+01
2.985457114122975142e+01
2.985380215299112194e+01
2.985300459400798445e+01
2.985232567199675202e+01
2.985191005304727341e+01
2.985189018704770092e+01
2.985237783534363132e+01
2.985345739690389166e+01
2.985518147129572952e+01
2.985756890786548823e+01
2.986060538672072084e+01
2.986424637535542104e+01
2.986842212146227382e+01
2.987304419216464879e+01
2.987801296405158880e+01
2.988322541454388670e+01
2.988858256629738364e+01
2.989399599095513693e+01
2.989939288057801292e+01
2.990471933468990073e+01
2.990994167535341575e+01
2.991504577756671424e+01
2.992003457256726762e+01
2.992492403314032856e+01
2.992973807051136248e+01
2.993450285254542109e+01
2.993924108713247989e+01
2.994396680119901788e+01
2.994868108722980082e+01
2.995336919174796364e+01
2.995799919327138383e+01
2.996252237248106098e+01
2.996687522755939170e+01
2.997098294581947187e+01
2.997476402076337010e+01
2.997813561147268402e+01
2.998101918582938907e+01
2.998334597422701719e+01
2.998506178631901520e+01
2.998613080662562069e+01
2.998653807902963209e+01
2.998629050640397509e+01
2.998541631926119067e+01
2.998396309514087577e+01
2.998199452750916194e+01
2.997958623953023150e+01
2.997682100652725268e+01
2.997378378628222606e+01
2.997055695653908458e+01
2.996721612529093193e+01
2.996382681567564177e+01
2.996044224008335277e+01
2.995710227574604545e+01
2.995383364603748788e+01
2.995065120757370281e+01
2.994756015193357968e+01
2.994455885996664080e+01
2.994164210173724783e+01
2.993880425921818755e+01
2.993604226228960385e+01
2.993335796919247471e+01
2.993075978576760221e+01
2.992826339714972050e+01
2.992589157341033257e+01
2.992367309876801329e+01
2.992164095444935867e+01
2.991982995106917187e+01
2.991827405202158374e+01
2.991700365133780082e+01
2.991604306653060519e+01
2.991540848015010923e+01
2.991510651631060114e+01
2.991513357528047834e+01
2.991547597661226732e+01
2.991611088616605940e+01
2.991700793170555528e+01
2.991813135188231598e+01
2.991944247954326386e+01
2.992090233596431759e+01
2.992247410948231945e+01
2.992412530971942175e+01
2.992582942489773501e+01
2.992756696069712774e+01
2.992932579953135530e+01
2.993110088308997163e+01
2.993289328243116287e+01
2.993470877314293332e+01
2.993655607337839442e+01
2.993844492653841627e+01
2.994038421629038993e+01
2.994238028951888708e+01
2.994443563447262591e+01
2.994654802009524275e+01
2.994871015276235937e+01
2.995090985357090929e+01
2.995313070830056290e+01
2.995535309822880876e+01
2.995755548733247053e+01
2.995971582303196712e+01
2.996181290500022953e+01
2.996382758950408842e+01
2.996574372350647764e+01
2.996754874016014725e+01
2.996923389111542235e+01
2.997079413635112388e+01
2.997222775398945771e+01
2.997353576611244463e+01
2.997472129816605246e+01
2.997578899657435869e+01
2.997674462068176027e+01
2.997759490174700048e+01
2.997834772569495954e+01
2.997901265137580396e+01
2.997960172694302372e+01
2.998013051900125703e+01
2.998061922783525191e+01
2.998109373227216423e+01
2.998158639352055488e+01
2.998213645120300086e+01
2.998278986755099851e+01
2.998359851626719319e+01
2.998461866793148545e+01
2.998590878944217053e+01
2.998752674498791748e+01
2.998952655383329002e+01
2.999195491901830835e+01
2.999484778466437973e+01
2.999822720279384214e+01
3.000209878990687429e+01
3.000645002756020574e+01
3.001124961067542074e+01
3.001644797538391529e+01
3.002197905011798440e+01
3.002776317633195191e+01
3.003371104680125470e+01
3.003972841849306263e+01
3.004572128185572666e+01
3.005160111632185149e+01
3.005728983843577140e+01
3.006272405758281963e+01
3.006785829544381627e+01
3.007266689683189398e+01
3.007714445657719438e+01
3.008130470230178588e+01
3.008517789713026502e+01
3.008880694936917521e+01
3.009224252746857786e+01
3.009553756831920523e+01
3.009874162683325949e+01
3.010189553879526869e+01
3.010502685402739331e+01
3.010814644310729449e+01
3.011124659164560669e+01
3.011430077804538286e+01
3.011726519294156290e+01
3.012008191230437149e+01
3.012268349366486575e+01
3.012499863826912616e+01
3.012695846234808883e+01
3.012850285724518429e+01
3.012958639716811504e+01
3.013018327766630478e+01
3.013029083663478502e+01
3.012993131796855195e+01
3.012915167771761205e+01
3.012802139263259704e+01
3.012662839827384076e+01
3.012507344439055146e+01
3.012346329532167388e+01
3.012190331041164981e+01
3.012049000405857058e+01
3.011930420060114599e+01
3.011840536338744911e+01
3.011782759194010239e+01
3.011757765225097216e+01
3.011763524281169424e+01
3.011795551596151910e+01
3.011847368545561210e+01
3.011911137255307125e+01
3.011978418958626236e+01
3.012040994527110627e+01
3.012091679033992264e+01
3.012125061189792774e+01
3.012138103217516161e+01
3.012130546924900187e+01
3.012105086642453244e+01
3.012067288178429791e+01
3.012025253529706248e+01
3.011989052114690679e+01
3.011969959032369815e+01
3.011979557651022787e+01
3.012028776260251561e+01
3.012126935490164215e+01
3.012280884056050567e+01
3.012494294964974983e+01
3.012767182975187907e+01
3.013095687672869616e+01
3.013472146292035347e+01
3.013885457944654078e+01
3.014321718038301512e+01
3.014765080176452017e+01
3.015198784499563445e+01
3.015606277727130546e+01
3.015972342226701031e+01
3.016284149928658564e+01
3.016532161970366133e+01
3.016710806204237372e+01
3.016818881255935025e+01
3.016859656358253972e+01
3.016840659081560716e+01
3.016773166515797300e+01
3.016671437580018278e+01
3.016551743207153180e+01
3.016431265696333242e+01
3.016326947442097151e+01
3.016254371902753562e+01
3.016226755935272763e+01
3.016254122894024192e+01
3.016342711036714164e+01
3.016494653073912957e+01
3.016707941699143092e+01
3.016976674359826660e+01
3.017291550101945319e+01
3.017640573635114620e+01
3.018009908149484843e+01
3.018384809831190196e+01
3.018750573987948371e+01
3.019093425255102403e+01
3.019401292083436061e+01
3.019664417773856613e+01
3.019875775546668351e+01
3.020031272117011056e+01
3.020129741498980636e+01
3.020172746821669563e+01
3.020164221516477454e+01
3.020109991303743158e+01
3.020017224298734959e+01
3.019893858003459286e+01
3.019748049094154752e+01
3.019587685279971367e+01
3.019419988943095490e+01
3.019251230851592993e+01
3.019086560162746125e+01
3.018929945409222881e+01
3.018784211273960594e+01
3.018651148590112854e+01
3.018531670734981986e+01
3.018425988666520610e+01
3.018333779166746211e+01
3.018254325963235019e+01
3.018186620571899326e+01
3.018129418015259802e+01
3.018081250994566034e+01
3.018040413614026463e+01
3.018004931469685914e+01
3.017972538133722793e+01
3.017940678380248798e+01
3.017906555831887516e+01
3.017867237316703566e+01
3.017819818684960609e+01
3.017761647974822381e+01
3.017690592638248503e+01
3.017605329116334900e+01
3.017505626418832065e+01
3.017392591396146173e+01
3.017268842726044653e+01
3.017138583582536171e+01
3.017007549456437232e+01
3.016882817228853497e+01
3.016772473589372794e+01
3.016685154189537599e+01
3.016629478292486510e+01
3.016613415813241872e+01
3.016643633285773518e+01
3.016724871365029159e+01
3.016859408183774605e+01
3.017046659819010301e+01
3.017282961291632404e+01
3.017561559379027969e+01
3.017872832932491534e+01
3.018204738578961255e+01
3.018543461118662208e+01
3.018874230200108144e+01
3.019182249537409746e+01
3.019453673448877851e+01
3.019676558965009150e+01
3.019841720903409055e+01
3.019943422388016074e+01
3.019979844041931472e+01
3.019953290752165742e+01
3.019870114294567998e+01
3.019740351677561918e+01
3.019577101058189328e+01
3.019395677681404422e+01
3.019212609764236532e+01
3.019044547104666876e+01
3.018907162331701954e+01
3.018814125494506584e+01
3.018776227016844871e+01
3.018800712367604433e+01
3.018890875079654279e+01
3.019045934378510054e+01
3.019261201360424707e+01
3.019528515250517842e+01
3.019836910639774530e+01
3.020173459447761388e+01
3.020524219077558570e+01
3.020875211782563952e+01
3.021213360099593359e+01
3.021527309219552038e+01
3.021808078729846159e+01
3.022049502161596735e+01
3.022248431728584350e+01
3.022404705837705663e+01
3.022520896588613937e+01
3.022601871854186939e+01
3.022654220172318418e+01
3.022685595481742382e+01
3.022704042063325858e+01
3.022717357783543690e+01
3.022732546279434018e+01
3.022755396951103535e+01
3.022790216801919172e+01
3.022839721813953773e+01
3.022905079306063314e+01
3.022986078188858627e+01
3.023081392601422834e+01
3.023188897154022214e+01
3.023305989542295791e+01
3.023429878782599900e+01
3.023557804384142855e+01
3.023687162594708155e+01
3.023815529224775034e+01
3.023940582999549065e+01
3.024059947325850572e+01
3.024170980250091390e+01
3.024270550885204045e+01
3.024354844695033506e+01
3.024419239184847896e+01
3.024458285702910842e+01
3.024465822677520777e+01
3.024435231647954936e+01
3.024359831246495744e+01
3.024233387476142809e+01
3.024050702946871994e+01
3.023808234874491063e+01
3.023504683081731415e+01
3.023141486073452811e+01
3.022723166098458236e+01
