2.000000000000000000e+01
2.002500000000000213e+01
2.005000000000000071e+01
2.007500000000000284e+01
2.010000000000000142e+01
2.012500000000000000e+01
2.015000000000000213e+01
2.017500000000000071e+01
2.020000000000000284e+01
2.022500000000000142e+01
2.025000000000000000e+01
2.027500000000000213e+01
2.030000000000000071e+01
2.032500000000000284e+01
2.035000000000000142e+01
2.037500000000000000e+01
2.040000000000000213e+01
2.042500000000000071e+01
2.045000000000000284e+01
2.047500000000000142e+01
2.050000000000000000e+01
2.052500000000000213e+01
2.055000000000000071e+01
2.057500000000000284e+01
2.060000000000000142e+01
2.062500000000000000e+01
2.065000000000000213e+01
2.067500000000000071e+01
2.070000000000000284e+01
2.072500000000000142e+01
2.075000000000000000e+01
2.077500000000000213e+01
2.080000000000000071e+01
2.082500000000000284e+01
2.085000000000000142e+01
2.087500000000000000e+01
2.090000000000000213e+01
2.092500000000000071e+01
2.095000000000000284e+01
2.097500000000000142e+01
2.100000000000000000e+01
2.102500000000000213e+01
2.105000000000000071e+01
2.107500000000000284e+01
2.110000000000000142e+01
2.112500000000000000e+01
2.115000000000000213e+01
2.117500000000000071e+01
2.120000000000000284e+01
2.122500000000000142e+01
2.125000000000000000e+01
2.127500000000000213e+01
2.130000000000000071e+01
2.132500000000000284e+01
2.135000000000000142e+01
2.137500000000000000e+01
2.140000000000000213e+01
2.142500000000000071e+01
2.145000000000000284e+01
2.147500000000000142e+01
2.150000000000000000e+01
2.152500000000000213e+01
2.155000000000000071e+01
2.157500000000000284e+01
2.160000000000000142e+01
2.162500000000000000e+01
2.165000000000000213e+01
2.167500000000000071e+01
2.170000000000000284e+01
2.172500000000000142e+01
2.175000000000000000e+01
2.177500000000000213e+01
2.180000000000000071e+01
2.182500000000000284e+01
2.185000000000000142e+01
2.187500000000000000e+01
2.190000000000000213e+01
2.192500000000000071e+01
2.195000000000000284e+01
2.197500000000000142e+01
2.200000000000000000e+01
2.202500000000000213e+01
2.205000000000000071e+01
2.207500000000000284e+01
2.210000000000000142e+01
2.212500000000000000e+01
2.215000000000000213e+01
2.217500000000000071e+01
2.220000000000000284e+01
2.222500000000000142e+01
2.225000000000000000e+01
2.227500000000000213e+01
2.230000000000000071e+01
2.232500000000000284e+01
2.235000000000000142e+01
2.237500000000000000e+01
2.240000000000000213e+01
2.242500000000000071e+01
2.245000000000000284e+01
2.247500000000000142e+01
2.250000000000000000e+01
2.252500000000000213e+01
2.255000000000000071e+01
2.257500000000000284e+01
2.260000000000000142e+01
2.262500000000000000e+01
2.265000000000000213e+01
2.267500000000000071e+01
2.270000000000000284e+01
2.272500000000000142e+01
2.275000000000000000e+01
2.277500000000000213e+01
2.280000000000000071e+01
2.282500000000000284e+01
2.285000000000000142e+01
2.287500000000000000e+01
2.290000000000000213e+01
2.292500000000000071e+01
2.295000000000000284e+01
2.297500000000000142e+01
2.300000000000000000e+01
2.302500000000000213e+01
2.305000000000000071e+01
2.307500000000000284e+01
2.310000000000000142e+01
2.312500000000000000e+01
2.315000000000000213e+01
2.317500000000000071e+01
2.320000000000000284e+01
2.322500000000000142e+01
2.325000000000000000e+01
2.327500000000000213e+01
2.330000000000000071e+01
2.332500000000000284e+01
2.335000000000000142e+01
2.337500000000000000e+01
2.340000000000000213e+01
2.342500000000000071e+01
2.345000000000000284e+01
2.347500000000000142e+01
2.350000000000000000e+01
2.352500000000000213e+01
2.355000000000000071e+01
2.357500000000000284e+01
2.360000000000000142e+01
2.362500000000000000e+01
2.365000000000000213e+01
2.367500000000000071e+01
2.370000000000000284e+01
2.372500000000000142e+01
2.375000000000000000e+01
2.377500000000000213e+01
2.380000000000000071e+01
2.382500000000000284e+01
2.385000000000000142e+01
2.387500000000000000e+01
2.390000000000000213e+01
2.392500000000000071e+01
2.395000000000000284e+01
2.397500000000000142e+01
2.400000000000000000e+01
2.402500000000000213e+01
2.405000000000000071e+01
2.407500000000000284e+01
2.410000000000000142e+01
2.412500000000000000e+01
2.415000000000000213e+01
2.417500000000000071e+01
2.420000000000000284e+01
2.422500000000000142e+01
2.425000000000000000e+01
2.427500000000000213e+01
2.430000000000000071e+01
2.432500000000000284e+01
2.435000000000000142e+01
2.437500000000000000e+01
2.440000000000000213e+01
2.442500000000000071e+01
2.445000000000000284e+01
2.447500000000000142e+01
2.450000000000000000e+01
2.452500000000000213e+01
2.455000000000000071e+01
2.457500000000000284e+01
2.460000000000000142e+01
2.462500000000000000e+01
2.465000000000000213e+01
2.467500000000000071e+01
2.470000000000000284e+01
2.472500000000000142e+01
2.475000000000000000e+01
2.477500000000000213e+01
2.480000000000000071e+01
2.482500000000000284e+01
2.485000000000000142e+01
2.487500000000000000e+01
2.490000000000000213e+01
2.492500000000000071e+01
2.495000000000000284e+01
2.497500000000000142e+01
2.500000000000000000e+01
2.502500000000000213e+01
2.505000000000000071e+01
2.507500000000000284e+01
2.510000000000000142e+01
2.512500000000000000e+01
2.515000000000000213e+01
2.517500000000000071e+01
2.520000000000000284e+01
2.522500000000000142e+01
2.525000000000000000e+01
2.527500000000000213e+01
2.530000000000000071e+01
2.532500000000000284e+01
2.535000000000000142e+01
2.537500000000000000e+01
2.540000000000000213e+01
2.542500000000000071e+01
2.545000000000000284e+01
2.547500000000000142e+01
2.550000000000000000e+01
2.552500000000000213e+01
2.555000000000000071e+01
2.557500000000000284e+01
2.560000000000000142e+01
2.562500000000000000e+01
2.565000000000000213e+01
2.567500000000000071e+01
2.570000000000000284e+01
2.572500000000000142e+01
2.575000000000000000e+01
2.577500000000000213e+01
2.580000000000000071e+01
2.582500000000000284e+01
2.585000000000000142e+01
2.587500000000000000e+01
2.590000000000000213e+01
2.592500000000000071e+01
2.595000000000000284e+01
2.597500000000000142e+01
2.600000000000000000e+01
2.602500000000000213e+01
2.605000000000000071e+01
2.607500000000000284e+01
2.610000000000000142e+01
2.612500000000000000e+01
2.615000000000000213e+01
2.617500000000000071e+01
2.620000000000000284e+01
2.622500000000000142e+01
2.625000000000000000e+01
2.627500000000000213e+01
2.630000000000000071e+01
2.632500000000000284e+01
2.635000000000000142e+01
2.637500000000000000e+01
2.640000000000000213e+01
2.642500000000000071e+01
2.645000000000000284e+01
2.647500000000000142e+01
2.650000000000000000e+01
2.652500000000000213e+01
2.655000000000000071e+01
2.657500000000000284e+01
2.660000000000000142e+01
2.662500000000000000e+01
2.665000000000000213e+01
2.667500000000000071e+01
2.670000000000000284e+01
2.672500000000000142e+01
2.675000000000000000e+01
2.677500000000000213e+01
2.680000000000000071e+01
2.682500000000000284e+01
2.685000000000000142e+01
2.687500000000000000e+01
2.690000000000000213e+01
2.692500000000000071e+01
2.695000000000000284e+01
2.697500000000000142e+01
2.700000000000000000e+01
2.702500000000000213e+01
2.705000000000000071e+01
2.707500000000000284e+01
2.710000000000000142e+01
2.712500000000000000e+01
2.715000000000000213e+01
2.717500000000000071e+01
2.720000000000000284e+01
2.722500000000000142e+01
2.725000000000000000e+01
2.727500000000000213e+01
2.730000000000000071e+01
2.732500000000000284e+01
2.735000000000000142e+01
2.737500000000000000e+01
2.740000000000000213e+01
2.742500000000000071e+01
2.745000000000000284e+01
2.747500000000000142e+01
2.750000000000000000e+01
2.752500000000000213e+01
2.755000000000000071e+01
2.757500000000000284e+01
2.760000000000000142e+01
2.762500000000000000e+01
2.765000000000000213e+01
2.767500000000000071e+01
2.770000000000000284e+01
2.772500000000000142e+01
2.775000000000000000e+01
2.777500000000000213e+01
2.780000000000000071e+01
2.782500000000000284e+01
2.785000000000000142e+01
2.787500000000000000e+01
2.790000000000000213e+01
2.792500000000000071e+01
2.795000000000000284e+01
2.797500000000000142e+01
2.800000000000000000e+01
2.802500000000000213e+01
2.805000000000000071e+01
2.807500000000000284e+01
2.810000000000000142e+01
2.812500000000000000e+01
2.815000000000000213e+01
2.817500000000000071e+01
2.820000000000000284e+01
2.822500000000000142e+01
2.825000000000000000e+01
2.827500000000000213e+01
2.830000000000000071e+01
2.832500000000000284e+01
2.835000000000000142e+01
2.837500000000000000e+01
2.840000000000000213e+01
2.842500000000000071e+01
2.845000000000000284e+01
2.847500000000000142e+01
2.850000000000000000e+01
2.852500000000000213e+01
2.855000000000000071e+01
2.857500000000000284e+01
2.860000000000000142e+01
2.862500000000000000e+01
2.865000000000000213e+01
2.867500000000000071e+01
2.870000000000000284e+01
2.872500000000000142e+01
2.875000000000000000e+01
2.877500000000000213e+01
2.880000000000000071e+01
2.882500000000000284e+01
2.885000000000000142e+01
2.887500000000000000e+01
2.890000000000000213e+01
2.892500000000000071e+01
2.895000000000000284e+01
2.897500000000000142e+01
2.900000000000000000e+01
2.902500000000000213e+01
2.905000000000000071e+01
2.907500000000000284e+01
2.910000000000000142e+01
2.912500000000000000e+01
2.915000000000000213e+01
2.917500000000000071e+01
2.920000000000000284e+01
2.922500000000000142e+01
2.925000000000000000e+01
2.927500000000000213e+01
2.930000000000000071e+01
2.932500000000000284e+01
2.935000000000000142e+01
2.937500000000000000e+01
2.940000000000000213e+01
2.942500000000000071e+01
2.945000000000000284e+01
2.947500000000000142e+01
2.950000000000000000e+01
2.952500000000000213e+01
2.955000000000000071e+01
2.957500000000000284e+01
2.960000000000000142e+01
2.962500000000000000e+01
2.965000000000000213e+01
2.967500000000000071e+01
2.970000000000000284e+01
2.972500000000000142e+01
2.975000000000000000e+01
2.977500000000000213e+01
2.980000000000000071e+01
2.982500000000000284e+01
2.985000000000000142e+01
2.987500000000000000e+01
2.990000000000000213e+01
2.992500000000000071e+01
2.995000000000000284e+01
2.997500000000000142e+01
3.000000000000000000e+01
3.002500000000000213e+01
3.005000000000000071e+01
3.007500000000000284e+01
3.010000000000000142e+01
3.012500000000000000e+01
3.015000000000000213e+01
3.017500000000000071e+01
3.020000000000000284e+01
3.022500000000000142e+01
3.025000000000000000e+01
3.027500000000000213e+01
3.030000000000000071e+01
3.032500000000000284e+01
3.035000000000000142e+01
3.037500000000000000e+01
3.040000000000000213e+01
3.042500000000000071e+01
3.045000000000000284e+01
3.047500000000000142e+01
3.050000000000000000e+01
3.052500000000000213e+01
3.055000000000000071e+01
3.057500000000000284e+01
3.060000000000000142e+01
3.062500000000000000e+01
3.065000000000000213e+01
3.067500000000000071e+01
3.070000000000000284e+01
3.072500000000000142e+01
3.075000000000000000e+01
3.077500000000000213e+01
3.080000000000000071e+01
3.082500000000000284e+01
3.085000000000000142e+01
3.087500000000000000e+01
3.090000000000000213e+01
3.092500000000000071e+01
3.095000000000000284e+01
3.097500000000000142e+01
3.100000000000000000e+01
3.102500000000000213e+01
3.105000000000000071e+01
3.107500000000000284e+01
3.110000000000000142e+01
3.112500000000000000e+01
3.115000000000000213e+01
3.117500000000000071e+01
3.120000000000000284e+01
3.122500000000000142e+01
3.125000000000000000e+01
3.127500000000000213e+01
3.130000000000000071e+01
3.132500000000000284e+01
3.135000000000000142e+01
3.137500000000000000e+01
3.140000000000000213e+01
3.142500000000000071e+01
3.145000000000000284e+01
3.147500000000000142e+01
3.150000000000000000e+01
3.152500000000000213e+01
3.155000000000000071e+01
3.157500000000000284e+01
3.160000000000000142e+01
3.162500000000000000e+01
3.165000000000000213e+01
3.167500000000000071e+01
3.170000000000000284e+01
3.172500000000000142e+01
3.175000000000000000e+01
3.177500000000000213e+01
3.180000000000000071e+01
3.182500000000000284e+01
3.185000000000000142e+01
3.187500000000000000e+01
3.190000000000000213e+01
3.192500000000000071e+01
3.195000000000000284e+01
3.197500000000000142e+01
3.200000000000000000e+01
3.202499999999999858e+01
3.205000000000000426e+01
3.207500000000000284e+01
3.210000000000000142e+01
3.212500000000000000e+01
3.214999999999999858e+01
3.217500000000000426e+01
3.220000000000000284e+01
3.222500000000000142e+01
3.225000000000000000e+01
3.227499999999999858e+01
3.230000000000000426e+01
3.232500000000000284e+01
3.235000000000000142e+01
3.237500000000000000e+01
3.239999999999999858e+01
3.242500000000000426e+01
3.245000000000000284e+01
3.247500000000000142e+01
3.250000000000000000e+01
3.252499999999999858e+01
3.255000000000000426e+01
3.257500000000000284e+01
3.260000000000000142e+01
3.262500000000000000e+01
3.264999999999999858e+01
3.267500000000000426e+01
3.270000000000000284e+01
3.272500000000000142e+01
3.275000000000000000e+01
3.277499999999999858e+01
3.280000000000000426e+01
3.282500000000000284e+01
3.285000000000000142e+01
3.287500000000000000e+01
3.289999999999999858e+01
3.292500000000000426e+01
3.295000000000000284e+01
3.297500000000000142e+01
3.300000000000000000e+01
3.302499999999999858e+01
3.305000000000000426e+01
3.307500000000000284e+01
3.310000000000000142e+01
3.312500000000000000e+01
3.314999999999999858e+01
3.317500000000000426e+01
3.320000000000000284e+01
3.322500000000000142e+01
3.325000000000000000e+01
3.327499999999999858e+01
3.330000000000000426e+01
3.332500000000000284e+01
3.335000000000000142e+01
3.337500000000000000e+01
3.339999999999999858e+01
3.342500000000000426e+01
3.345000000000000284e+01
3.347500000000000142e+01
3.350000000000000000e+01
3.352499999999999858e+01
3.355000000000000426e+01
3.357500000000000284e+01
3.360000000000000142e+01
3.362500000000000000e+01
3.364999999999999858e+01
3.367500000000000426e+01
3.370000000000000284e+01
3.372500000000000142e+01
3.375000000000000000e+01
3.377499999999999858e+01
3.380000000000000426e+01
3.382500000000000284e+01
3.385000000000000142e+01
3.387500000000000000e+01
3.389999999999999858e+01
3.392500000000000426e+01
3.395000000000000284e+01
3.397500000000000142e+01
3.400000000000000000e+01
3.402499999999999858e+01
3.405000000000000426e+01
3.407500000000000284e+01
3.410000000000000142e+01
3.412500000000000000e+01
3.414999999999999858e+01
3.417500000000000426e+01
3.420000000000000284e+01
3.422500000000000142e+01
3.425000000000000000e+01
3.427499999999999858e+01
3.430000000000000426e+01
3.432500000000000284e+01
3.435000000000000142e+01
3.437500000000000000e+01
3.439999999999999858e+01
3.442500000000000426e+01
3.445000000000000284e+01
3.447500000000000142e+01
3.450000000000000000e+01
3.452499999999999858e+01
3.455000000000000426e+01
3.457500000000000284e+01
3.460000000000000142e+01
3.462500000000000000e+01
3.464999999999999858e+01
3.467500000000000426e+01
3.470000000000000284e+01
3.472500000000000142e+01
3.475000000000000000e+01
3.477499999999999858e+01
3.480000000000000426e+01
3.482500000000000284e+01
3.485000000000000142e+01
3.487500000000000000e+01
3.489999999999999858e+01
3.492500000000000426e+01
3.495000000000000284e+01
3.497500000000000142e+01
3.500000000000000000e+01
3.502499999999999858e+01
3.505000000000000426e+01
3.507500000000000284e+01
3.510000000000000142e+01
3.512500000000000000e+01
3.514999999999999858e+01
3.517500000000000426e+01
3.520000000000000284e+01
3.522500000000000142e+01
3.525000000000000000e+01
3.527499999999999858e+01
3.530000000000000426e+01
3.532500000000000284e+01
3.535000000000000142e+01
3.537500000000000000e+01
3.539999999999999858e+01
3.542500000000000426e+01
3.545000000000000284e+01
3.547500000000000142e+01
3.550000000000000000e+01
3.552499999999999858e+01
3.555000000000000426e+01
3.557500000000000284e+01
3.560000000000000142e+01
3.562500000000000000e+01
3.564999999999999858e+01
3.567500000000000426e+01
3.570000000000000284e+01
3.572500000000000142e+01
3.575000000000000000e+01
3.577499999999999858e+01
3.580000000000000426e+01
3.582500000000000284e+01
3.585000000000000142e+01
3.587500000000000000e+01
3.589999999999999858e+01
3.592500000000000426e+01
3.595000000000000284e+01
3.597500000000000142e+01
3.600000000000000000e+01
3.602499999999999858e+01
3.605000000000000426e+01
3.607500000000000284e+01
3.610000000000000142e+01
3.612500000000000000e+01
3.614999999999999858e+01
3.617500000000000426e+01
3.620000000000000284e+01
3.622500000000000142e+01
3.625000000000000000e+01
3.627499999999999858e+01
3.630000000000000426e+01
3.632500000000000284e+01
3.635000000000000142e+01
3.637500000000000000e+01
3.639999999999999858e+01
3.642500000000000426e+01
3.645000000000000284e+01
3.647500000000000142e+01
3.650000000000000000e+01
3.652499999999999858e+01
3.655000000000000426e+01
3.657500000000000284e+01
3.660000000000000142e+01
3.662500000000000000e+01
3.664999999999999858e+01
3.667500000000000426e+01
3.670000000000000284e+01
3.672500000000000142e+01
3.675000000000000000e+01
3.677499999999999858e+01
3.680000000000000426e+01
3.682500000000000284e+01
3.685000000000000142e+01
3.687500000000000000e+01
3.689999999999999858e+01
3.692500000000000426e+01
3.695000000000000284e+01
3.697500000000000142e+01
3.700000000000000000e+01
3.702499999999999858e+01
3.705000000000000426e+01
3.707500000000000284e+01
3.710000000000000142e+01
3.712500000000000000e+01
3.714999999999999858e+01
3.717500000000000426e+01
3.720000000000000284e+01
3.722500000000000142e+01
3.725000000000000000e+01
3.727499999999999858e+01
3.730000000000000426e+01
3.732500000000000284e+01
3.735000000000000142e+01
3.737500000000000000e+01
3.739999999999999858e+01
3.742500000000000426e+01
3.745000000000000284e+01
3.747500000000000142e+01
3.750000000000000000e+01
3.752499999999999858e+01
3.755000000000000426e+01
3.757500000000000284e+01
3.760000000000000142e+01
3.762500000000000000e+01
3.764999999999999858e+01
3.767500000000000426e+01
3.770000000000000284e+01
3.772500000000000142e+01
3.775000000000000000e+01
3.777499999999999858e+01
3.780000000000000426e+01
3.782500000000000284e+01
3.785000000000000142e+01
3.787500000000000000e+01
3.789999999999999858e+01
3.792500000000000426e+01
3.795000000000000284e+01
3.797500000000000142e+01
3.800000000000000000e+01
3.802499999999999858e+01
3.805000000000000426e+01
3.807500000000000284e+01
3.810000000000000142e+01
3.812500000000000000e+01
3.814999999999999858e+01
3.817500000000000426e+01
3.820000000000000284e+01
3.822500000000000142e+01
3.825000000000000000e+01
3.827499999999999858e+01
3.830000000000000426e+01
3.832500000000000284e+01
3.835000000000000142e+01
3.837500000000000000e+01
3.840000000000000568e+01
3.842500000000000426e+01
3.845000000000000284e+01
3.847500000000000142e+01
3.850000000000000000e+01
3.852500000000000568e+01
3.855000000000000426e+01
3.857500000000000284e+01
3.860000000000000142e+01
3.862500000000000000e+01
3.865000000000000568e+01
3.867500000000000426e+01
3.870000000000000284e+01
3.872500000000000142e+01
3.875000000000000000e+01
3.877500000000000568e+01
3.880000000000000426e+01
3.882500000000000284e+01
3.885000000000000142e+01
3.887500000000000000e+01
3.890000000000000568e+01
3.892500000000000426e+01
3.895000000000000284e+01
3.897500000000000142e+01
3.900000000000000000e+01
3.902500000000000568e+01
3.905000000000000426e+01
3.907500000000000284e+01
3.910000000000000142e+01
3.912500000000000000e+01
3.915000000000000568e+01
3.917500000000000426e+01
3.920000000000000284e+01
3.922500000000000142e+01
3.925000000000000000e+01
3.927500000000000568e+01
3.930000000000000426e+01
3.932500000000000284e+01
3.935000000000000142e+01
3.937500000000000000e+01
3.940000000000000568e+01
3.942500000000000426e+01
3.945000000000000284e+01
3.947500000000000142e+01
3.950000000000000000e+01
3.952500000000000568e+01
3.955000000000000426e+01
3.957500000000000284e+01
3.960000000000000142e+01
3.962500000000000000e+01
3.965000000000000568e+01
3.967500000000000426e+01
3.970000000000000284e+01
3.972500000000000142e+01
3.975000000000000000e+01
3.977500000000000568e+01
3.980000000000000426e+01
3.982500000000000284e+01
3.985000000000000142e+01
3.987500000000000000e+01
3.990000000000000568e+01
3.992500000000000426e+01
3.995000000000000284e+01
3.997500000000000142e+01
4.000000000000000000e+01
